
> Abdulbot@1.0.0 start
> node index.js

🔄 Connecting to WhatsApp...
▄▄▄▄▄▄▄▄▄▄▄▄▄▄▄▄▄▄▄▄▄▄▄▄▄▄▄▄▄▄▄▄▄▄▄▄▄▄▄▄▄▄▄▄▄▄▄▄▄▄▄▄▄▄▄▄▄▄▄
█ ▄▄▄▄▄ █▀  ▀█▄▀▀█▄███ █▄▄▄▀  ▀▄█▄▄▀█ ▄▀▄▄▄ █▄▄▄ ██ ▄▄▄▄▄ █
█ █   █ █▀██ █▀▄█▄  ▄█▄▄ ▀▀█▄█▀█▀▄ ▄ ▀ ██▄ ▀▀▄ ▄ ██ █   █ █
█ █▄▄▄█ █▀ ▄▄█▀▄▄██▄▄ ▄█▀ █ ▄▄▄  ▀▀▀▄ ▄█▀█▄▄▄▀▀▀▄██ █▄▄▄█ █
█▄▄▄▄▄▄▄█▄█▄▀ ▀▄▀▄█▄▀ ▀ █ █ █▄█ ▀▄█ ▀▄█▄█▄█▄█ ▀ ▀▄█▄▄▄▄▄▄▄█
█  ▄  █▄▄ █▄ █ █▄▄ ▄▀██▀▀ ▄     ▀█▀█▀  ▄█▀ ▀▀███▀▀ █▄█▄▀▄██
██▄▄█ █▄ ▀█▀▀▀▄ ▀█▀ ▀▀▀ █▀█▄▄█▀▄█▀ █▀█▀████ ███▄  █ ▀█▀▀ ██
██ ▀ ██▄▀ ▄▄█▀▄▄▄█▀  ▄▀▄ ▀▄▄▀▀▀█▀█▀▄▀▄▀▄█▀▀▀ ███▀▀▀████▄█▄█
███ ▀██▄█  ██▀ ▀█▄▀▀▄▄█▀ ▀▀▄ ██▄▀  ▄ ███ ▀▀▄ ██▄▀▄ ██▀   ██
██▀▀ ▀ ▄▀ ▄▄ █ █▄█ ▄ █▀█▀▀▀█▀ ▀  █ █▄▄▀▄█▀▄  ███▄▀▀▄ ███▄ █
█▄ ▄▄ ▄▄▄▄█▄ ▄▀█▄▀█▀ █ ▄ ▀▀██▄▄████▄█▄ ▄▀ ▄█ ▄▄ ▄ ▄█▀▀▀  ▀█
█ ▄▄▄  ▄▄▄█▄▀▀▀█▄▀ ▄▄██▀▀▄▀ ▀█▄  ▀▄▄   ▄█▀▄▀▄▀▄█▄▀ █▀▀ █▀▀█
██▄██▀ ▄▄  ▀▀█  ▄ ▄▄▄█ ▄▀█▀ █ ▀▀███▀█ ▄▄   █▀ ▀▀▄▀█▄▀█▀▀▀██
██ ▄▀▀▀▄███ ▄ ▄▀▄█ ▄█▄██▀ ███▀▀ ▄ ▄ ▄  ▄▀▀   █ ▄▀ ▀▄▀▀▄▀ ▄█
█▄▄ ▀ ▄▄▄ ▀ ▀▀▀  █▄█ ▀▄█▀▄▄ ▄▄▄    ▀▄▄ ▀ █ ▀▀▀ ▄▄ ▄▄▄ ▀  ██
█▄▀▀▀ █▄█ ▄▄ ▀█▀██▄▀▀█▄█  ▀ █▄█ ▀▀█▄█  ▄██ ▀ ▀▄██ █▄█ ███▀█
█▄▄ ▀▄▄▄  ▀▄█▀█  ▀▄▄▀ ▀ ▄█▀▄▄  ▄▀▀▄ ▄ █  █▄▄█▀█ ▀▄▄▄ ▄▄▀ ██
█▀ ████▄ █▄▄▄█  ▄▄▄▄▀█▀█▀ █▄▄▄▀ ██▀█▄ █▄██▀ ▄▀▀█▀ ▄█▀▄▄█ ▀█
█   ▀▄▀▄▀█▀█▀▄█  ▀█▄▀█ ▀▄  ▄ ▀▀ ▀  ▄ ▄ ▄ ▀▄▄█ ▄▄██▄▀ ▀▀▀███
█▄ █▀▄▀▄▀ ▀ █   ▀█▄▄▀▀▀▀▄ █▄▀██▄▀▀▄▄  ▀▄▄▀  ▄██▄█ █▀█▄▄▀▄▀█
█▄██▀█▄▄▄  ▀  ▄█▀██ ▀ ▀▀▄ █▄▀█▄ ▀▄▀██ ▄▄█        ▄ █▄   ▄▄█
█▄ ▀█▀▀▄█▀ █▄██ ▀▄▄▄▄▄▀▀▀▀█▀▄▄ █▀█▀█▄ ▀▄█▀▄ ▀▀█▄█ ▀█▄▄▀ ▀██
██▄▀ █▀▄ ▀▀██▄▀▀▀▀▀ ▄▄▀  ▀▀▀▄▄▀▄▀███▀█ ███ ▀▀  █ █▄▀▀▄▀▀▄▀█
██▀ ▄▀▀▄▄█▀█▀██▀██▀ ▀▄▀▄▀▀█▄ ▄▀▀ ████ ▄▄█▀ ▀ ▀▀▄▀ ▀▄██▄▀▀ █
█ ▀ ▀▀▄▄▄████ ▄ ▀█▄█▄▀▀ ▄▄█ ▀▄▄▄▄ █ █▄ ▄▄▀█▀ ▀▀  ▄ █▄▄ ▀ ▀█
███████▄█▀▀█▀███▀▄▄▄▀▄▀▀▀ █ ▄▄▄ ▄▀ █ ▄▀█ ▀ ▀ ▀█▄█ ▄▄▄ ███ █
█ ▄▄▄▄▄ █▄▀█▀▀ ▀▄█ ▄▄█▀█  ▄ █▄█ ▄▀█▄▀▄▄▀▀ █▄▄██▀  █▄█    ██
█ █   █ █  ████ ▄▀▄▄▄█▀▀▀▄▀    ▄█▀▄▄█▄ █ █▀▀▄▀▄▄▀▄▄▄▄ ██▄██
█ █▄▄▄█ █ ▀▄▀ ▀▀▄ ▀ ▄██▀▀█▄█▀▀▀█▄█▄▀▄▄ ▄▄   ▄██▀   █▀▀▀▀███
█▄▄▄▄▄▄▄█▄▄▄▄█▄▄██▄▄▄▄██▄▄▄█▄▄█▄▄▄▄▄▄▄▄███▄▄▄█▄▄█▄██████▄██

QR saved: C:\Users\Adeel Mehar\OneDrive\Desktop\Abdulbot-main\Abdulbot-main\whatsapp-qr.png
📱 QR Code generated. Please scan with WhatsApp.
▄▄▄▄▄▄▄▄▄▄▄▄▄▄▄▄▄▄▄▄▄▄▄▄▄▄▄▄▄▄▄▄▄▄▄▄▄▄▄▄▄▄▄▄▄▄▄▄▄▄▄▄▄▄▄▄▄▄▄
█ ▄▄▄▄▄ █▀  ▀██ ████ ▀ ▄▄ ▄▀  ▀▄█▄▀▀▄  ██▀▀▄▄▄▄▄ ██ ▄▄▄▄▄ █
█ █   █ █▀██▄▀▀▄▄▄  ██▄▄▀▀▀█▄█▀█▀█ ▄▄▀ █▀▄ ▀▀█ ▄ ██ █   █ █
█ █▄▄▄█ █▀▄ █▄▀▄▄██▄▄ ▄█▀ █ ▄▄▄  █▀▀▀▀▄██▀▄▄ ▄▀▀▄██ █▄▄▄█ █
█▄▄▄▄▄▄▄█▄█ ▀▄▀▄▀▄█▄▀ ▀ █ █ █▄█ ▀▄█ ▀▄█▄█▄█▄█ ▀ ▀▄█▄▄▄▄▄▄▄█
█  ▄  █▄ ▄█▀██ █▄▄ ▄▀██▀▀  ▄    ▀█▀█▀  ▄█▀ ▀▀███▀▀ █ ▀▄▀▄██
██▄▄█▀█▄▀███▀▀▄ ▀█▀ ▀▀▀ █▀ █▄█▀▄█▀ █▀█████▀▄██▀ ▀▀▄ ▀▀▀▀ ██
██  ▀██▄██ ▀█▀▄▄▄█▀  ▄▀▄ ▀▄▄██▀█▀█▄▄▀▄███▀ ▀ ██▄█▀▀█ ▀▀▄█▄█
█▀█▄▀██▄▄  ██▀ ▀█▄▄ ▄▄   ▀▀▄ █▀▄▀ ▄▀▄█ ▄ ▀█▀ ▀   █ █▄▀ ▀ ██
█▄ ▀█▀ ▄▀ ▄▄ █ ██▄   █▀█ ▀▀█▀  ▀ █▀▄▄ ▀██▀▀ ███▄▄▀▀▄ ███▄ █
███▄▀▄ ▄▄▄█▄ ▄▀█ ▀█▀ █ ▄ █▀██▄▄██▀█▄█▀ ▄▀▄██▄▀█▀▄ ▄▀▀▀▀ ▀██
██ ▄▄ ▄▄▄▄█▄▀█▀█▄▀ ▄▄██▀▀▄▀ ▀█▄ ▄█▄▄   ▄▀█▄▀▄▀▄█▄▀▄▄▀▀ █▀▀█
██▄██ ▄▄▄ ▄▄▄▄ ▄▄ ▄▄▄█ ▄▀█▀ █ ▀▀▄▄█▀█ ▄▄ ▀ █▀▀▀▀▄▀ ▄▀█▀▀▀██
██ ▄▀▀ ▄▄▄█ ▀ ▄▄▄█ ▄█▄██▀ ▀██▀▀ ▄ ▄ ▄  ▄▀▀   █ ▄▄▀▀█▀▀▄▀ ▄█
█▄▄ ▀ ▄▄▄ ▄▄▀▀▄█ █▄█ ▀▄█▀▄▄ ▄▄▄   ▄▀▄▄▄▀ █▄█▀▀  ▀ ▄▄▄ ▀  ██
█▄▀▀▀ █▄█  ▄ ▀▄███▄▀▀█▄█  █ █▄█ ▀▀█▄█  ███▀  ▀██  █▄█ ███▀█
█▄█▀█ ▄▄▄ ▀▄█▀█  ▀ ▄▀ ▄▀▄█ ▄▄  ▄▀▀▄▀  ▄  ██▀▀█ ▄▀      ▀ ██
█▀▄▄▄██▄▀█▄▄▄█  ▄▄  ▀▄▀█▀▀█▄█▄▀ ██▀█▄  ███ ▀ █▄█▀█▄█▄▄▄▄ ▀█
█▄▀  ▄▀▄▀ ▀█▀▄█ ▀ █▄▄▄ ▀██ ▄  ▀ █▄ ▄▀█▀█▄▀███▀████▄▀▄▄▀▀▀██
█ ▀█▀▄▀▄▀ ▀     ▀█▄▄▀▀▀▀▄ █▄▀██ ▄▀▄▄▀ ▀▄▀█   ██▄█ █▀█▄▄▀▄▀█
█▄██▀█▄▄▄  ▄▄▀▄█▀██ ▀ ▀▀▄ █▄▀█▄▄▀█▀█▄ ▄▄█        ▄ █▄   ▄▄█
█▄ ▀███▄█▀█▀▄ ▄█▀▄▄▄▄▄▀▀▀▀█▀▄▄ █▀█▀█▄ ▀▄█▀▄ ▀▀█▄█  █▄▄▀▄▀██
██▄▀ █ ▄ ▀▀▀▄█▄█▀▀▀ ▄▄▀  ▀▀▀▄▄▀▄▀███▀█▄███▄█▀ ▄▀▄▄▄▀▀▄ ▀▄▀█
██▀▀█ ▄▄█  ▄▀█▀▀██▀ ▀▄▀▄▀▀▄▀ ▄▀▀ █▄██ ▀██▀▀  ▀▄██▄█▀█▄▄▄▀ █
█ ▀ ▀▀▄▄▀████ ▄ ▀██▄▄▀▀▄▄▄▄▄▀▄▄▄▄ ▄ ▀▄ ▄ █ ▀▄█ █▀▄ █▀█   ▀█
███████▄▄ ▀█▀███▄▄▀▄▀█▀▀▀ █ ▄▄▄ ▄▀ █▄  █▀▀ ▀▄█▄▄█ ▄▄▄ ▄█▀▄█
█ ▄▄▄▄▄ █▄▀█▀▀ ▀ ▀ ▄  ▀█▄▄▄ █▄█ ▄██▄▀█▄▀  ▄█▄▀▄   █▄█    ██
█ █   █ █  ██ █ ▄▀▄▄▄█▀▀▀▄▀    ▄ █▄▄▄▄ ███▀▀▄▀▄▄ ▄▄▄▄ ███▄█
█ █▄▄▄█ █ ▄▀██▄ ▄ ▀ ▄██▀▀█▄███▀█▄▄▄▀██ ▄▄▀  ▄██▀   █▄▀▀▀███
█▄▄▄▄▄▄▄█▄█▄██████▄▄▄▄██▄▄▄█▄██▄▄▄▄▄▄▄▄███▄▄▄█▄▄█▄██████▄██

QR saved: C:\Users\Adeel Mehar\OneDrive\Desktop\Abdulbot-main\Abdulbot-main\whatsapp-qr.png
📱 QR Code generated. Please scan with WhatsApp.
▄▄▄▄▄▄▄▄▄▄▄▄▄▄▄▄▄▄▄▄▄▄▄▄▄▄▄▄▄▄▄▄▄▄▄▄▄▄▄▄▄▄▄▄▄▄▄▄▄▄▄▄▄▄▄▄▄▄▄
█ ▄▄▄▄▄ █▄▄ █▀▄▄ ▀▀  ██▄▄ ▄█▄ █ █  ▀▀ ▄▀ █▄    ▄ ██ ▄▄▄▄▄ █
█ █   █ █ ▄▄   ▄▄▄ ▀████ ▀ ██▄▀▄▄▄▀█  ▀█▄█   ▄▀▄ ██ █   █ █
█ █▄▄▄█ █▄█▄▀▄██▀▀▄▀ ▀▀▀ █▀ ▄▄▄ ▀▄▄██▄ ▄▄▀█▀█▀▄▀▄██ █▄▄▄█ █
█▄▄▄▄▄▄▄█▄▀ █▄▀ █▄▀ ▀▄█ ▀▄█ █▄█ ▀ ▀ █ █ ▀▄▀ █▄█ █ █▄▄▄▄▄▄▄█
█  ▄ ▀█▄█▄▄▄ ▄▀███ █ █▄ ▀▀▀▄     █ ▄▀▀▀▄▄    █▄▄▀  █▀ ▄ █▄█
█  █ █▄▄▀██▀█  ▀▄▀ ██ ▄▄▄▄████ ▀▀ █▀  █▄ ▀ █▀▄▄▄▀▀ ▀▄▀ ▄▄▄█
█▀ ▄ █▀▄▄ ▀▄▀█▄  ██▄  █▄▄██▀▀▀█▀▀▀▄██  ▀▀▀▄▄ ▀██▄▄▀▀██▀▄█ █
█▀ ▀▀▄█▄█ ▀▄█ ▀▀▄██▄█▄▀█   ▄ ▄██  ▀█ ▄ ▀▀ █▀▀▀▄▀▄ ▀█▄ ▀ ▀██
█ ▀█▄█▀▄█▀▀ ▀ ▄▄▄ ▀▀██▀██▄█▄▄▄▀▄▄▄█▀█▀▄▄▄▀ ▄▀ ▀ █▄███▀█▀ ██
██ ▄█  ▄▄ ▀▄▄ ▀▀▄█▀█▀ ▄▄ ▀▀▀▀▄▀ ▀█▀▄█▄ ▀  ▀ █▀ ▀ ▄▄▀█▀█▄▄▀█
█ ▀▄██▄▄█▄▄█▀  ██  ███▄ ▀█   ▄▄▀▄▀██ █▀▄▄ ▄ ▀▀█▄▄ ▀█   ▄▀▀█
█  ▄ ▀▀▄ ▀▄▄█▄▄▀▀▄█▀ ▄█   █▀ ▄ ▄▀█ ███ █▄█▀ ▄▀▄██▄█▄ █ ▄█▄█
█▀  █▄█▄██▄  █▄  █▄ █ ▀██▄▀█▀▀█▄▄▄   ▄  █▀▄▄ ▀▄▄██  ▄▀ █  █
███   ▄▄▄  █ ▄ ▀▀▄▄▄▀▀█▄▀█▄ ▄▄▄ ▀ █ ▄██▀▀▄ ▄ ▀▀▀▄ ▄▄▄ ▀▀▀██
█▀██▄ █▄█ █▀▀▄▀▀ ▀█▄█▄▀▀▀██ █▄█ █ ▄ ▄██▄ ▀█▄▄ ▄▀▀ █▄█ ▀▄▀ █
███▄▄▄ ▄▄ █▄▀██▄▄▀▄ ▀▄▄█ ▀▀   ▄ ▀█    ▀▀ █▀▀▀██ ▄ ▄▄ ▄▄▄ ▀█
█▄▀▄█▄█▄▄ ██▄▄▀  █▄▀▀█ ▄▀▀▄▄█▄▀▀▄█ ▄▄▀▀█▄▄▀  ▀▀▄█ ██▄███▀▀█
████▀  ▄▄▀▄▀ ▀▀▀█▀▄▀▄ ████▄███ █▀▀█ ▀▀██▄▀▄ ▀▄▀ █   ▀▀ ▄▀ █
███▀█▄█▄▀▄█  ▄ ▄██  ▀██▀ ▄█ ██ █▄▀ ▄ ▄▀ ██▄▄▄▀▀▄▀▄██▀▄ ████
██▄█ ▄▄▄█ █▄▄ █▀ ▄█▀    ▄▀▄▄ ▄ █ █ ▄█ █▄█▀ ▀▀▀▀▀ █▀██▀ ▀█▄█
█▀▄  ▄ ▄▀ ▀▄▀█▄█▄ █▀ █▄█ ▄▀ ▀ ▀ █▄▄▀████ ████   ▄█ █▀  ██▄█
█▀▄█▄█▄▄ █▄▀ ▄▄██▀█▄▄ █ ▄█▀█ ▄█ ▀▀█▀█▀ ▀▀█▄▀▀▄ █  ▀██▄█▄▄██
█▄ █  ▄▄▀██ ▀▄ ▀▄▄▀▀ ▄ █▀ █ ▀█▀ ▀█▄██▀▀▄▄   ▀▀█▄█▄ ▄▄███  █
█ ▀ ▀▀▄▄ ▄ ▀▄█ ▀▄▀▀▀  ▀▄█▀▀▀▄ █▀ ▀▀█▄▀▄▄██▀▀▄ ▀▄ ▀▄  ▀▀█▄ █
███████▄█▀███▀█▀▀▄ ▄▀▀█▀█▄█ ▄▄▄ ▄█▄█    █▀█▄▄█▀▄▀ ▄▄▄ ▀▀█▄█
█ ▄▄▄▄▄ ██ ▄▀ ▀▀ █ █   ▄█▄█ █▄█ ▀▀▄██▄▄▀▄ ▄▄▀ █ ▀ █▄█  ▀▀██
█ █   █ █▀█▀ █▀▀▀██▀ ▄▄█ ▀█ ▄   ▀ ▀ █▀▄▄▀▀ ▄ ▄▀    ▄ ▄▄ ▀▄█
█ █▄▄▄█ █ ██▀ ██  █▄▄▀▀▀█▀▄▀▀██▀█  ▀▀▀    ▄▄█ ▀▀▄▄ ▀█▀███▀█
█▄▄▄▄▄▄▄█▄▄█▄▄▄█▄▄▄██▄▄▄▄████████▄██▄███▄▄▄███████▄█▄▄█▄███

QR saved: C:\Users\Adeel Mehar\OneDrive\Desktop\Abdulbot-main\Abdulbot-main\whatsapp-qr.png
📱 QR Code generated. Please scan with WhatsApp.
▄▄▄▄▄▄▄▄▄▄▄▄▄▄▄▄▄▄▄▄▄▄▄▄▄▄▄▄▄▄▄▄▄▄▄▄▄▄▄▄▄▄▄▄▄▄▄▄▄▄▄▄▄▄▄▄▄▄▄
█ ▄▄▄▄▄ █▄▄ █▀██▀▀ ▀▄▀█▄█▄▄█▄ █ █ ██ ▀ ▀▀█ ▄██ ▄ ██ ▄▄▄▄▄ █
█ █   █ █ ▄▄   ▄▄█ ▀▄███   ██▄▀▄█▄▀█▀ ▀██▄  ▀▄▀▄ ██ █   █ █
█ █▄▄▄█ █▄▀▄ ▄██▀▀▄▀ ▀▀▀ █▀ ▄▄▄ █ ▄██  ▄▀ █▀▄▀▄▀▄██ █▄▄▄█ █
█▄▄▄▄▄▄▄█▄▀▄█▄▀ █▄▀ ▀▄█ ▀▄█ █▄█ ▀ ▀ █ █ ▀▄▀ █▄█ █ █▄▄▄▄▄▄▄█
█  ▄ ▀▀▄▀ ▄▀ ▀▀███ █ █▄ ▀▀▀▄     █ ▄▀▀▀▄▄    █▄▄▀▀▄█▀ ▄ █▄█
█  █ █▄▄█▀▄▄▄▀ ▀▄▀ ██ ▄▄▄▄████ ▀▀ ▀▀  █▄ ▀ █▀▄▄▄▀▀▀▀█▄ ▄▄▄█
█▀ ▄▄█▀▄█ ▄▄▀█▄  ██▄  █▄▄██ ▀██▀▀▀ ▄█  ▀▀▀▄▄ ▀▀▄▀█▀▀▀██▄█ █
██▀█ ▄█▄▄ ▀▄█ ▀▀▄█▀ █▄▄▄   ▄▀██▀  ▄ ▄▄ ██▄ ▀█▀▀▀█▄▀██▀▀ ▀██
█ ▄▀██▀▄█▀▀ ▀ ▄▄▀▀ ▀ █▄█ ██▄▄▄▀█▄▄▄▀ █ ▄ ▀██▄  ▀█▄███▀█  ▀█
██  ▄  ▄▄ ▀▄▄ ▀▀█▄▀█▄█▄▄ █▀▀▀▄  █▀▀▄    ▀█ ▀██ ▀ ▄▄██▀█▄ ██
█▄▀▄██▀▄█▄▄██  ██  ███▄ ▀█   ▄▄▀█▀██ █▀▄▄ ▄ ▄▀█▄▄ ▄█   ▄▀▀█
█  ▄ █▀▄ █▀▄██▄ ▀▄█▀ ▄█   █▀ ▄ ▄▀▄ ███ █▄█▀ █▀▄██▄ ▀ ▀ ▄█▄█
█▀  █ █▄ █▀▀ █ █ █▄ █ ▀██▄▀█▀▀█▄▄▄   ▄  █▀▄▄ ▀▄▄██  ██ █  █
███   ▄▄▄ ▄ █▀▀ ▀▄▄▄▀▀█▄▀██ ▄▄▄ ▀ ▀ ▄███▀▄▄▄ ▀▀▀█ ▄▄▄ ▀▀▀██
█▀███ █▄█ ▄▄▀▄█  ▀█▄█▄▀▀▀██ █▄█ █ ▀▀▄█▄▄ ▀▄▄▄ ▄▀█ █▄█  █▀ █
███▀█ ▄▄  █▄▀██▄▄▀█ ▀▄▀▀ ▀▀   ▄ ▀█ ▀▄▄█▀ █ █▀▀█▄▀ ▄▄ ▄▄▄ ▀█
██▀▄▀▄█▄▄ ██▄▄▀ ▄▄▀█ █ ▄▄ ▄▄ █▀▀▄█ ▄ ▀▀▄▄ ▄ ██▄▄█▄██▄▄▄▄▀██
█▀▄█   ▄  ▄▀ ▀▀▀▄█▄▀▄▄███ ▄██▀ ██▀█  ▀██  █ █▄ ▀▄   ▄▀ ▄ ▄█
█▄█▀█▄█▄▀▄█ ▀█ ▄██  ▀██▀ ▄█ ██ ▄▀█ ▄▄▄▀ █▀▄▄ ▀▀▄▀▄██▀▄ ██▄█
██▄█ ▄▄▄█ █ ██▄  ▄█▀    ▄▀▄▄ ▄▀█▀█ ▄█▀█▄▄  ▀▀▀▀▀ █▀██▀ ▀█▄█
█▀▄    ▄▀   ▄  █▄ █▀ █▄█ ▄▀ ▀ ▀ █▄▄▀████ ████   ▄█ ▄▀ ▄▀█▄█
█▀▄█▄██▄ █▄▄▄▀▄ █▀█▄▄ █ ▄█▀█ ▄█ ▀▀███▀ █▀█▄█▀▄ █▄  ▀█▄▄▄▄██
█▄ ▀▄▀ ▄    ▀▄  ▄▄▀▀ ▄ █▀ █ ▀█▀ ▀████▀▄▄▄   ▀▀▄▄█ ▄▄▄█    █
█ ▀ ▀▀▄▄▄  ▀▄█ ▀▄▀▄▄  ▀ █▀ █▄ █▀ ▀▀█▄▀▀█████▄ ▀▀█▀ ▄▄▀▀▄▄ █
███████▄█ ███▀█▀▀▄▄▄  ██▀██ ▄▄▄ ▄█▄█   ▀ ▀██▀▀▀▄█ ▄▄▄   █▄█
█ ▄▄▄▄▄ ██ ▄▀ ▀▀▀▀ █▀▀ ▄▀▀█ █▄█ ██▄██ ▄▀ ▄█▄█▀▄ ▀ █▄█  ▀▀██
█ █   █ █▀█▀▀ ▀▀▀██▀ ▄▄█ ▀█  ▄  ▄▄▀ ▀▀▄▄▄▀ ▄  ▀    ▄▄ ▄  ▄█
█ █▄▄▄█ █ ▀▄█▀▀█  █▄▄▀▀▀█▀▄▀▄██▀█▀ ▀ ▀   ▀▄▄█▀▀▀▄▄ ▀▀████▀█
█▄▄▄▄▄▄▄█▄▄▄██▄█▄▄▄██▄▄▄▄███▄▄███▄██▄███▄▄▄███████▄█▄▄█▄███

QR saved: C:\Users\Adeel Mehar\OneDrive\Desktop\Abdulbot-main\Abdulbot-main\whatsapp-qr.png
📱 QR Code generated. Please scan with WhatsApp.
▄▄▄▄▄▄▄▄▄▄▄▄▄▄▄▄▄▄▄▄▄▄▄▄▄▄▄▄▄▄▄▄▄▄▄▄▄▄▄▄▄▄▄▄▄▄▄▄▄▄▄▄▄▄▄▄▄▄▄
█ ▄▄▄▄▄ █▀  ▀█▄  █▄█ █▀▄█ ▄▀  ▀▄█▄▀█▄  ▀▄▄▀▄▄█▄▄ ██ ▄▄▄▄▄ █
█ █   █ █▀██ █▀▄▄▄  ██▄▄▀▀▀█▄█▀█ █ ▄ ▀ ██▄ ▀ █ ▄ ██ █   █ █
█ █▄▄▄█ █▀▄   ▀▄▄██▄▄ ▄█▀ █ ▄▄▄ ▄▄▀▀ █▄█▄▄▄▄█▄▀▀▄██ █▄▄▄█ █
█▄▄▄▄▄▄▄█▄█ ▀ ▀▄▀▄█▄▀ ▀ █ █ █▄█ ▀▄█ ▀▄█▄█▄█▄█ ▀ ▀▄█▄▄▄▄▄▄▄█
█  ▄ ▄█▄▄▄▄▀▄▄ █▄▄ ▄▀██▀▀ ▄     ▀█▀█▀  ▄█▀ ▀▀███ ▀ █ ▀▄▀▄██
██▄▄█ ▄▄ ▄  █▄▄ ▀█▀ ▀▀▀ █▀ ▄ ▀▀▄█▀ ▀▀██▀███ ███▄▄ █▀▄█▀▀ ██
██ ▀▄██▄▄ ▀▄█▀▄▄▄█▀  ▄▀▄ ▀█▄▄▀▀█▀█▄█▀▄▀██▀▀  █▄█▄▀▀█▀▀█ █▄█
█ █ ███▄█  ██▀ ▀█▄█▄▄▄ ▄ ▀▀▄ ██ ▀ █  █▄ ▄▀▀▀ █ ▄▀▀ ██▀   ██
██ ▀█▀ ▄▀ ▄▄ █ █▄█▄▄▄▄██▀ ▀█▀ █  █▀█▄▄██▄▀  ▄▀ █▄▀▀▄ ██▄  █
█▀▀ ▄  ▄▄▄█▄ ▄▀█▀▄█▀▀▄ ▄██▀██▄▄█▀▀█▄▄█ ▄▄█▄█▀█▄ ▄ ▄█▀▀▀ ▄▀█
█ ▀▄▄ █▄▄▄█▄ ▄▀█▄▀ ▄▄██▀▀▄▀ ▀█▄ ▀▀▄▄█  ▄▀▀▄▀▄▀▄█▄▀█▄▀▀ █ ▀█
██▄████▄  ▀  █▄█▄ ▄▄▄█ ▄▀█▀ █ ▀▀███▀█ ▄▄ ▀ █▀ ▀▀▄▀▄▄█▀▀▀▀██
██ ▄▀▀▄▄▄  ▄█▀  ▄█ ▄█▄██▀ ███▀▀ ▄ ▄ ▄  ▄▀▀   █ ▄   █▄▀▄▀ ▄█
█▄▄ ▀ ▄▄▄ ▀▄▀ ██ █▄█ ▀▄█▀▄  ▄▄▄   ▄█▄▄ █ █▄▀▀▀  █ ▄▄▄ ▀  ██
█▄▀▄▀ █▄█  ▄ ▀ ▄██▄▀▀█▄█  ▀ █▄█ ▀▀███ ▀███   ▀▀▄▀ █▄█ █▀█▀█
███▀█▄ ▄ ▄▀▄█▀█  ▀▄ ▀ ▀▀▄█▀ ▄  ▄▀▀▄ ▄▄█▀ █▀ ███  ▄▄▄     ██
██ ▀ ██▄▀ ▄▄▄█  █▄▄▄▀▄▀▀  █▄██▀ ██▀█▄▄██▀▀ ▀ ██▄██▄█▄▄██ ██
█▀ ▀▄▄▀▄▀█▀█▀▄█  ▀█▄█  ▀▄█ ▄▀█▀ ▀▄ ▄▀█ ▄▄██▄██▄███▄▀█▀▀▀ ██
██▀█▀▄▀▄▀ ▀ ▄█  ▀█▄▄▀▀▀▀▄ █▄▀█▄▄▄█▄▄▄▄▀▄██  ▄▀█▄█ █▀█▄▄▀█▀█
█▄██▀█▄▄▄  ▄▄ ▄ ▀██ ▀ ▀▀▄ █▄▀█▄▄ █▀██▀▄▄█    ▀   ▄ █▄   ▄▄█
█▄ ▀█▄▄▄█▀█▀▀▄▀█▀▄▄▄▄▄▀▀▀▀█▀▄▄ █▀█▀█▄ ▀▄█▀▄ ▀▀█▄█ ▀▄▄▄█▄▀██
██▄▀ █ ▄ ▀▄▀█ ▄█▀▀▀ ▄▄▀  ▀▀▀▄▄▀▄▀███▀█ ███ ▀▀ ▄█▄▄▄▀▀▄▀ ▄▀█
██▀██▀▀▄▄██▄▀█████▀ ▀▄▀▄▀▀▄█ ▄▀▀ █ ▄█ ▀██▀▀▀ ▀█▄█▄▄ ▄▄▀▀▀ █
█ ▀ ▀▀▄▄▄▄███ ▄ ▀█▀▄▄▀▀▄▄▄▄▀▀▄▄▄▄ █ █ ▄█ ▀▀▀▄▀ ▀▀▀▄▀▀█   ▀█
███████▄█ ▀█▀███▀▄  ▀▄ ▀▀▀█ ▄▄▄ ▄▀ █  ▀▄█▀▄▀ ▀▀▄▀ ▄▄▄ ███ █
█ ▄▄▄▄▄ █▄▀█▀▀ ▀▀█ ▄▄ ▀█▄▄▄ █▄█  ▀█▄█▄█▀▀ ██▄▀█   █▄█   ▄██
█ █   █ █  █▄▄█ ▄▀▄▄▄█▀▀▀▄▀    ▄ █▄▄   █▀▀▀▀ ▀▄▄▀▄▄▄ ▄██▄██
█ █▄▄▄█ █ █▄▀▀ ▀▄ ▀ ▄██▀▀█▄██▀▀█▄█▄▀██ ▄▄▀  ▄▄█▀   █▀█▀▀███
█▄▄▄▄▄▄▄█▄█▄▄▄████▄▄▄▄██▄▄▄█▄▄█▄▄▄▄▄▄▄▄███▄▄▄█▄▄█▄███▄██▄██

QR saved: C:\Users\Adeel Mehar\OneDrive\Desktop\Abdulbot-main\Abdulbot-main\whatsapp-qr.png
📱 QR Code generated. Please scan with WhatsApp.
▄▄▄▄▄▄▄▄▄▄▄▄▄▄▄▄▄▄▄▄▄▄▄▄▄▄▄▄▄▄▄▄▄▄▄▄▄▄▄▄▄▄▄▄▄▄▄▄▄▄▄▄▄▄▄▄▄▄▄
█ ▄▄▄▄▄ █▀  ▀█▄ ▄█▄███ ▄▀ ▄▀  ▀▄█▄▀█▀  ▀▀▄▄▄▀█▄▄ ██ ▄▄▄▄▄ █
█ █   █ █▀██▄█▀▄▄█  █▄▄▄▀ ▀█▄█▀█ ▄ ▄▀  █▄▄ ▀▀█ ▄ ██ █   █ █
█ █▄▄▄█ █▀  ▄▀▀▄▄██▄▄ ▄█▀ █ ▄▄▄ ▄ ▀▀▀█▄█▄▀▄▄▄ ▀▀▄██ █▄▄▄█ █
█▄▄▄▄▄▄▄█▄█▄▀▄▀▄▀▄█▄▀ ▀ █ █ █▄█ ▀▄█ ▀▄█▄█▄█▄█ ▀ ▀▄█▄▄▄▄▄▄▄█
█  ▄ ▄█▄▄ ▄ ▄  █▄▄ ▄▀██▀▀       ▀█▀█▀  ▄█▀ ▀▀███ ▀▄█ █▄▀▄██
██▄▄█▀▄▄ █▀ ██▄ ▀█▀ ▀▀▀ █▀█▄ █▀▄█▀▄▀▀█▀▀███▄███▄█ ▄ ▀▄▀▀ ██
██ ▄▄██▄█  ▄█▀▄▄▄█▀  ▄▀▄ ▀▄▄▀█▀█▀█▄█▀▄ ▄█▀▀  █▄▄▀ ▀████▄█▄█
█ █▄▄██▄▄  ██▀ ▀█▄█▀▄▄▄  ▀▀▄ ▄▀ ▀ ▄▄▄█▄▄ ▀▀█▄█  ▀▀ ██▀▀▀ ██
█▀▀▄▄▀ ▄▀ ▄▄ █ █▀▄  ▀█▀▀▄▀▀█▀ █▀ █▀█▄ ▀▄█▀▀  ███▄▀▀▄ █▄█▄▄█
█ ▀▀▀▄▄▄▄▄█▄ ▄▀█  █▀█  ▄▀█▀██▄▄████▄██ █ ▀█▄▄██▀▄  ▀▀▀▀  ██
█ █▄▄ ▀▄▄▄█▄▀▄▀█▄▀ ▄▄██▀▀▄▀ ▀█▄ ▄▀▄▄   ▄█▀▄▀▄█▄█▄▀▄▄▀▀ █  █
██▄██  ▄  ▄▄▀▄ ▀▄ ▄▄▄█ ▄▀█▀ █ ▀▀▄██▀█▀▄▄   █▀ ▀▀▄▀▄ ▀█▀▀▀██
██ ▄▀▀█▄ █▄█  ▄ ▄█ ▄█▄██▀ █▀█▀▀ ▄ ▄ ▄  ▄▀▀   █ ▄ ▀ ██▀▄▀ ▄█
█▄▄ ▀ ▄▄▄   ▄▀▄  █▄█ ▀▄█▀▄█ ▄▄▄   ▄█▄▄▄█ █▄▀▀▀▄ ▄ ▄▄▄ ▀  ██
█▄▀▄  █▄█ ▄▀ ▀█▄██▄▀▀█▄█  ▀ █▄█ ▀▀▄▄█ █▄██▀▀ ▀▄█  █▄█ ▀▀█▀█
█ ▀▄█  ▄ ▄▀▄█▀█  ▀██▀ ▀▄▄█  ▄  ▄▀▀█ ▄▄ ▄▄████▀▄▄▀▄ ▄▄▄   ██
█▀██▀██▄ █▄▄▄█  █▄▄  ▄ ▀▀▀█▄▄█▀ ██▀█  ▀█▀▀ ▀ █▄▄█▀▄█▀▄█▄▄██
█▄ ▄▀▄▀▄▄▀▀█▀▄█ ▄██▄▀▄ ▀▀  ▄ ▄▀ ▀  ▄ █ ▄ █▄▄▀ ▄█▄█▄▀▀ ▀▀ ██
█▄ █▀▄▀▄▀ ▀ █▄  ▀█▄▄▀▀▀▀▄ █▄▀█▄▄ ▀▄▄▀▄▀▄▀▀  █▀█▄█ █▀█▄▄▀█▀█
█▄██▀█▄▄▄  ▀▀▄▀█▀██ ▀ ▀▀▄ █▄▀█▀▄ ▄▀██ ▄▄█▀       ▄ █▄   ▄▄█
█▄ ▀███▄█▀▄▄█▄  ▀▄▄▄▄▄▀▀▀▀█▀▄▄ █▀█▀█▄ ▀▄█▀▄ ▀▀█▄█ ▄▀▄▄▀▄▀██
██▄▀ █ ▄ ▀▀▄▄█▀ ▀▀▀ ▄▄▀  ▀█▀▄▄▀▄▀█▀█▀█▄███▄▀▀ ▄█ ▄▀▀▀▄▀▀▄▀█
██▀▄▀ ▀▄▄█▀█▀█████▀ ▀▄▀▄▀▀█▄ ▄▀▀ █▀▄█  ██▀█▀ ▀▄█▀▄▀▀██▄█▀ █
█ ▀ ▀▀▄▄▄ ███ ▄ ▀█▄█▄▀█ ▄▄▄▄▀▄▄▄▄ █ █▄██▄▀▄▀▄██▄▀▄ █▀ ▀▀ ▀█
███████▄█ ▀█▀███▀▄▄▄ █▄▀ ▀█ ▄▄▄ ▄▀ █▄  ▄▀▀█  ████ ▄▄▄ ██▀ █
█ ▄▄▄▄▄ █▄▀█▀▀ ▀█  ▄█▀▀█▀▀▄ █▄█ ▄▀█▄▀██ ▄█▄██▄█▀█ █▄█   ▀██
█ █   █ █  █▀██ ▄▀▄▄▄█▀▀▀▄▀  ▄ ▄▄█▄▄ ▄ ██▀▀▀▄▀▄▄▀▄▄▄ ▄███▄█
█ █▄▄▄█ █ ▀▀▄██ ▄ ▀ ▄██▀▀█▄█▀▀▀██▄▄▀██ ▄█▀  █▄█▀   █▀▀▀▀███
█▄▄▄▄▄▄▄█▄███▄▄███▄▄▄▄██▄▄▄████▄▄▄▄▄▄▄▄███▄▄▄█▄▄█▄██▄▄██▄██

QR saved: C:\Users\Adeel Mehar\OneDrive\Desktop\Abdulbot-main\Abdulbot-main\whatsapp-qr.png
📱 QR Code generated. Please scan with WhatsApp.
Connection closed due to Error: QR refs attempts ended, reconnecting true
Reconnecting...
🔄 Connecting to WhatsApp...
Connection closed due to Error: Stream Errored (conflict), reconnecting true
Reconnecting...
🔄 Connecting to WhatsApp...
 
🌿Connected to => {
  "id": "923195845103:18@s.whatsapp.net",
  "name": "ABDUL",
  "lid": "86041650311258:18@lid"
}
Closing session: SessionEntry {
  _chains: {
    'BZgPQylHsjz0SdTT3U660LFYs8f/r424jiZI999Nfl5O': { chainKey: [Object], chainType: 1, messageKeys: {} }
  },
  registrationId: 487531349,
  currentRatchet: {
    ephemeralKeyPair: {
      pubKey: <Buffer 05 98 0f 43 29 47 b2 3c f4 49 d4 d3 dd 4e ba d0 b1 58 b3 c7 ff af 8d b8 8e 26 48 f7 df 4d 7e 5e 4e>,
      privKey: <Buffer 68 6a 0e 5f ef dd 8f c3 e4 40 0d 9a 3a 64 22 3d 8f 39 25 09 2c d3 9c 42 b4 a2 06 84 58 3f 6f 74>
    },
    lastRemoteEphemeralKey: <Buffer 05 0f 77 ff dc 47 2d 1b 2f d6 68 a9 21 2c 34 87 89 ef 60 fe 64 6d a7 5c 01 8d f7 b6 ed 54 88 fe 13>,
    previousCounter: 0,
    rootKey: <Buffer 4f c8 b5 9f c8 aa f6 5e 59 15 c9 c8 72 8e e4 76 e3 1c d2 fe 4d d4 6d ab e9 ef 18 d5 b4 b4 82 2b>
  },
  indexInfo: {
    baseKey: <Buffer 05 a2 5f c7 8d 28 d7 ee 59 87 a9 75 6a 0a ef 21 65 cb e7 27 d3 5b bf bc b3 f1 5a 22 cd d5 e4 59 1d>,
    baseKeyType: 1,
    closed: -1,
    used: 1776835362228,
    created: 1776835362228,
    remoteIdentityKey: <Buffer 05 e8 41 33 19 1e 98 08 0b 04 7f 4a 05 53 1b 22 1b 56 2c c3 06 91 b9 52 3e d5 e0 87 75 ce 4d 53 27>
  },
  pendingPreKey: {
    signedKeyId: 948913,
    baseKey: <Buffer 05 a2 5f c7 8d 28 d7 ee 59 87 a9 75 6a 0a ef 21 65 cb e7 27 d3 5b bf bc b3 f1 5a 22 cd d5 e4 59 1d>,
    preKeyId: 3520779
  }
}


                  [ Abdul BOT ]


< ================================================== >

• YT CHANNEL: null
• GITHUB: null
• WA NUMBER: 910000000000,917023951514
• CREDIT: Abdul
• 🤖 Bot Connected Successfully! ✅
Bot Version: 3.0.7
Connection closed due to Error: Stream Errored (conflict), reconnecting true
Reconnecting...
🔄 Connecting to WhatsApp...
Connection closed due to Error: Stream Errored (conflict), reconnecting true
Reconnecting...
🔄 Connecting to WhatsApp...
 
🌿Connected to => {
  "id": "923195845103:18@s.whatsapp.net",
  "name": "ABDUL",
  "lid": "86041650311258:18@lid"
}
Closing session: SessionEntry {
  _chains: {
    'BYHs5ye8Yhkdt85oVdeIz5xq+r1G550LDpSmjoZ2cit8': { chainKey: [Object], chainType: 1, messageKeys: {} }
  },
  registrationId: 487531349,
  currentRatchet: {
    ephemeralKeyPair: {
      pubKey: <Buffer 05 81 ec e7 27 bc 62 19 1d b7 ce 68 55 d7 88 cf 9c 6a fa bd 46 e7 9d 0b 0e 94 a6 8e 86 76 72 2b 7c>,
      privKey: <Buffer 98 f3 9d 13 49 6e 11 a6 44 ac 30 40 59 9d 30 af 2e 8d 4b ca b9 0b 66 85 4b c0 9f 33 57 44 19 46>
    },
    lastRemoteEphemeralKey: <Buffer 05 0f 77 ff dc 47 2d 1b 2f d6 68 a9 21 2c 34 87 89 ef 60 fe 64 6d a7 5c 01 8d f7 b6 ed 54 88 fe 13>,
    previousCounter: 0,
    rootKey: <Buffer 5a 0a 0d 3e d7 ed ae 37 b5 ce 4b 70 b0 42 cd f7 f2 7f 05 87 34 21 16 97 52 d2 d0 25 3d a1 36 af>
  },
  indexInfo: {
    baseKey: <Buffer 05 a1 4b e5 4a 94 a3 15 69 c1 91 32 96 12 44 3f 6a ea cb bc 5c 0d 89 29 6c f3 95 3c 7f f2 8b 13 72>,
    baseKeyType: 1,
    closed: -1,
    used: 1776835382259,
    created: 1776835382259,
    remoteIdentityKey: <Buffer 05 e8 41 33 19 1e 98 08 0b 04 7f 4a 05 53 1b 22 1b 56 2c c3 06 91 b9 52 3e d5 e0 87 75 ce 4d 53 27>
  },
  pendingPreKey: {
    signedKeyId: 948913,
    baseKey: <Buffer 05 a1 4b e5 4a 94 a3 15 69 c1 91 32 96 12 44 3f 6a ea cb bc 5c 0d 89 29 6c f3 95 3c 7f f2 8b 13 72>,
    preKeyId: 3520660
  }
}


                  [ Abdul BOT ]


< ================================================== >

• YT CHANNEL: null
• GITHUB: null
• WA NUMBER: 910000000000,917023951514
• CREDIT: Abdul
• 🤖 Bot Connected Successfully! ✅
Bot Version: 3.0.7
Connection closed due to Error: Stream Errored (conflict), reconnecting true
Reconnecting...
🔄 Connecting to WhatsApp...
Connection closed due to Error: Stream Errored (conflict), reconnecting true
Reconnecting...
🔄 Connecting to WhatsApp...
 
🌿Connected to => {
  "id": "923195845103:18@s.whatsapp.net",
  "name": "ABDUL",
  "lid": "86041650311258:18@lid"
}
Closing session: SessionEntry {
  _chains: {
    BczXU8WIOogcFsp974Xp1cSffHLugsVspobnwC9ux1N7: { chainKey: [Object], chainType: 1, messageKeys: {} }
  },
  registrationId: 487531349,
  currentRatchet: {
    ephemeralKeyPair: {
      pubKey: <Buffer 05 cc d7 53 c5 88 3a 88 1c 16 ca 7d ef 85 e9 d5 c4 9f 7c 72 ee 82 c5 6c a6 86 e7 c0 2f 6e c7 53 7b>,
      privKey: <Buffer 98 df 15 43 67 d5 79 d6 30 85 4d 8b fd 7d d5 e4 6b b7 b1 0b ed 6b ad 95 5a af 4f 53 1c 2a 63 48>
    },
    lastRemoteEphemeralKey: <Buffer 05 0f 77 ff dc 47 2d 1b 2f d6 68 a9 21 2c 34 87 89 ef 60 fe 64 6d a7 5c 01 8d f7 b6 ed 54 88 fe 13>,
    previousCounter: 0,
    rootKey: <Buffer 23 d7 8a b3 cf ff ab dd 43 ff 4c d6 c6 ec 15 ad a1 14 01 d7 ea c0 29 39 5b d5 a5 af b0 9f 4f 4f>
  },
  indexInfo: {
    baseKey: <Buffer 05 bb 3e 7a 59 08 7e cb a1 96 9b 79 2d 94 c0 84 50 22 fb 1c bd 0d 92 a1 2c 4a 62 c0 e8 b7 2c 02 19>,
    baseKeyType: 1,
    closed: -1,
    used: 1776835401730,
    created: 1776835401730,
    remoteIdentityKey: <Buffer 05 e8 41 33 19 1e 98 08 0b 04 7f 4a 05 53 1b 22 1b 56 2c c3 06 91 b9 52 3e d5 e0 87 75 ce 4d 53 27>
  },
  pendingPreKey: {
    signedKeyId: 948913,
    baseKey: <Buffer 05 bb 3e 7a 59 08 7e cb a1 96 9b 79 2d 94 c0 84 50 22 fb 1c bd 0d 92 a1 2c 4a 62 c0 e8 b7 2c 02 19>,
    preKeyId: 3521242
  }
}


                  [ Abdul BOT ]


< ================================================== >

• YT CHANNEL: null
• GITHUB: null
• WA NUMBER: 910000000000,917023951514
• CREDIT: Abdul
• 🤖 Bot Connected Successfully! ✅
Bot Version: 3.0.7
Connection closed due to Error: Stream Errored (conflict), reconnecting true
Reconnecting...
🔄 Connecting to WhatsApp...
Connection closed due to Error: Stream Errored (conflict), reconnecting true
Reconnecting...
🔄 Connecting to WhatsApp...
 
🌿Connected to => {
  "id": "923195845103:18@s.whatsapp.net",
  "name": "ABDUL",
  "lid": "86041650311258:18@lid"
}
Closing session: SessionEntry {
  _chains: {
    'BazSMepnH8rF3u+hwy73CLzikUNGIoYn2U4QoRZ/cFEW': { chainKey: [Object], chainType: 1, messageKeys: {} }
  },
  registrationId: 487531349,
  currentRatchet: {
    ephemeralKeyPair: {
      pubKey: <Buffer 05 ac d2 31 ea 67 1f ca c5 de ef a1 c3 2e f7 08 bc e2 91 43 46 22 86 27 d9 4e 10 a1 16 7f 70 51 16>,
      privKey: <Buffer 98 41 81 ca cd ce bd 4d 9e d8 5f 15 50 1f 55 6f 8e d7 5d 5e 0b 71 3d ef 2d 8b 46 1c dd 26 89 5a>
    },
    lastRemoteEphemeralKey: <Buffer 05 0f 77 ff dc 47 2d 1b 2f d6 68 a9 21 2c 34 87 89 ef 60 fe 64 6d a7 5c 01 8d f7 b6 ed 54 88 fe 13>,
    previousCounter: 0,
    rootKey: <Buffer 53 1b 83 7d ed b6 87 85 f8 b8 21 eb 71 cd 09 d1 ad 01 53 16 19 3a 57 d7 bd 24 c6 99 30 08 5b e9>
  },
  indexInfo: {
    baseKey: <Buffer 05 9f 9b f1 56 c2 1a a7 c8 47 8e a6 d7 5b f6 73 88 25 f4 07 00 55 c4 0b 42 a5 fb b4 54 8a 75 a0 15>,
    baseKeyType: 1,
    closed: -1,
    used: 1776835421016,
    created: 1776835421016,
    remoteIdentityKey: <Buffer 05 e8 41 33 19 1e 98 08 0b 04 7f 4a 05 53 1b 22 1b 56 2c c3 06 91 b9 52 3e d5 e0 87 75 ce 4d 53 27>
  },
  pendingPreKey: {
    signedKeyId: 948913,
    baseKey: <Buffer 05 9f 9b f1 56 c2 1a a7 c8 47 8e a6 d7 5b f6 73 88 25 f4 07 00 55 c4 0b 42 a5 fb b4 54 8a 75 a0 15>,
    preKeyId: 3520811
  }
}


                  [ Abdul BOT ]


< ================================================== >

• YT CHANNEL: null
• GITHUB: null
• WA NUMBER: 910000000000,917023951514
• CREDIT: Abdul
• 🤖 Bot Connected Successfully! ✅
Bot Version: 3.0.7
Connection closed due to Error: Stream Errored (conflict), reconnecting true
Reconnecting...
🔄 Connecting to WhatsApp...
▄▄▄▄▄▄▄▄▄▄▄▄▄▄▄▄▄▄▄▄▄▄▄▄▄▄▄▄▄▄▄▄▄▄▄▄▄▄▄▄▄▄▄▄▄▄▄▄▄▄▄▄▄▄▄▄▄▄▄
█ ▄▄▄▄▄ █▄▄▀█▄█▄▀▀▀▀ █▀▀▄  ███▄▄▄ ▀█  ▄█▄▄█  █ ▄ ██ ▄▄▄▄▄ █
█ █   █ █ █▄ █▀██▄ ▀▄█▀█ ▀ ██▄▀▀▀▄██▄ █▀█▄ ▄ ▄▀▄ ██ █   █ █
█ █▄▄▄█ █▄▄▄▀▄  ▀▀ ▄ ▀ ▄ █▀ ▄▄▄ ▀█▀███ ▄▀▀██▄▄▄▀▄██ █▄▄▄█ █
█▄▄▄▄▄▄▄█▄▀ █ █ █▄█ ▀▄▀▄▀▄█ █▄█ ▀ ▀ █ █▄▀▄▀▄█ █▄█ █▄▄▄▄▄▄▄█
█▄ ▄ ▀█▄█▄▄ ▄▄▀█ █ ▀█▄ ▄▀▀█▄▄▄   █ ▄▀█▀█   ▀█▀▄█   ██▄▄ █ █
██ █ █▀▄ ██▀██ ▀▀▄ ██ ▄▄▀▀▄█▄█  ▀ █▀█▄█▀█▀▀▄▀ ▄ █▄█▀█  ▄▀ █
█▄▀▀█ ▄▄ █▄▄█▄▄ ▀▄█▄▀▀█▄█▄▀ ▀██▀▄█▀█ ▄▀ █▀▄▄ █ ▄ █ ▀█▀▀▄█ █
██▀ ▄▄ ▄▄█ ▄▄▄▄█▀▄▄██  ▄██ ▄ ▄▀▀ ▀▄█▀▄▀▄█▄█ ▄█▀ ▄██▄▀▄ ▀█▀█
█▄█▀█ ▀▄▄▀ █▀  ▄▀▀▄▀▄▄██▀█ ▄▄▄█▄▄▄▄▀▄█▀▄ ▀▀█▄▄█ █▄██ ▀ ▀ ▀█
█  █▀ ▄▄ █▄▄ ▄▀▀ ▄▄█  ▀▀▄▀▀▀█  █▀ █▄▄█ ▄▀▄ █ █▀ ▄▄█▄▄▄▄█ ▀█
███▀ ▄█▄▀▀▀ ▀  ██ ▄▀███ ▀█▀▀▄ █▀█▀▀▄▄███ ▄▄  █▀▄▄  ▄▄▄██▀▀█
███▀▀ █▄▀▄█▄ █▀ ▀▄▄▄ ▄▄█  █▀▄▀▄ ▀▄ ▄█ ██ ▀█▄▄▄▄ ██▄  ▀█▄█▄█
██▀█▀ ▀▄▄▀█▄▄▄▄▀ █▄▄█ ███▄▀█▀▀█▄▄▄  ▄ ▀▀▀▀█▄ ▀▀█▄▄▀▀█▀ █▄ █
███▀  ▄▄▄  █▄██   ▄▄▀▀█▄▀█  ▄▄▄ ▀ █▄█ ▀▄ ▄▄█▄▀ ▄▄ ▄▄▄ ▀▀▀██
█ ▀ ▀ █▄█ █▄▀▀ ▄  █▄█▄▀▀ ▄█ █▄█ █  ▀█▀▄▄ █ █▄▄█ ▄ █▄█ ▄▀  █
█ ▀▄▀  ▄ ▄▄▄  █▄▄▄█▀    █ █▄▄▄▄  █   ▄█▄█▀ █▀██   ▄▄▄ ▄▄▄██
█ ▀█▄▀█▄█▄▀█▀ ▄▄ █ ▀ ██ ▀ █ █▄▀▀██ ▄▄███▄ █▀ ▀▄▄▀▀▄  █ █ ██
█  ▀▀▄▄▄▄▄ ▀   ▄  ▀▄▄▄██▄█▄▀▄▀ ██ █ ▄▄▄▀ ██▄ ▄█ ▀▄▄▄█▀ █▄▄█
█▄▄▀███▄ ▄▄ ▀▀▄███▄ ▀███ ▄█▀████ █▄▄    ▀██▄▄█ █▀█▄█▀▄▀▄███
█▄  █  ▄██▀ █▀   ▄▀▀  ▄▀▄▀▄▄ ▄▄▀ █ ██▀█▄▀█▄ ▄ ▀█▄█▀█  ▀ █▄█
█ ▀   █▄█▀█▀███▄▄ ▀▀ █▄▀ █▀   ▀ █▄▄▀▀▀▄▄ ▀██▄▄▀ ▄███   ▀█ █
█▄ █▀▄ ▄ ▄  ▀▀▀ █ █▄  █  ████▄  ▀█▀█▄▀▀▀▀█ █▀▀██▄█ ▀▄▀██ ██
█▄█ ▀▄▄▄▄ █ ▀▀  █▄▀▀ ▄ █▀▀█▄ ██  ███ █▀█▄ ▀▀▀▀▄▄▀█▀▄▄█▄█▄██
█ ▀ ▀▀▄▄ ▄ ▄▀▀ ▄██▄ █▄▀█▄▀ █ ▄ ▀▄ ▀█▄ ███ ▀▄█ ▄ ▄ █ ▀▀▀█▄▄█
███████▄█▀ ▄ █ ▀ █▄   ██▄█  ▄▄▄  █ █▄▄▀▀██ ▄▀▀ ▄▀ ▄▄▄ ▀█▄▀█
█ ▄▄▄▄▄ ██▀██ ████ █ ▄█▀▄▀█ █▄█  ▀ ▄ █▄ ▀   ▄▄▀ ▀ █▄█ ▀ ▀██
█ █   █ █▀▄▀ ▀ ▄▀██▀ ▄▄█ ▀▄  ▄  ▄ ▄▀ ███▄▀ ▄     ▄▄▄ ▄ ▀ ██
█ █▄▄▄█ █  ▄ ▄▀█  ▀▀▄▀▀▀█▀  ▄▀█▀▄▀▀  ▀█  ▄▀▄ ██▀▄▄▀ ██▄██▀█
█▄▄▄▄▄▄▄█▄▄▄▄█▄███▄██▄▄▄▄▄██▄████▄████▄▄▄▄█▄█████▄▄████▄███

QR saved: C:\Users\Adeel Mehar\OneDrive\Desktop\Abdulbot-main\Abdulbot-main\whatsapp-qr.png
📱 QR Code generated. Please scan with WhatsApp.
▄▄▄▄▄▄▄▄▄▄▄▄▄▄▄▄▄▄▄▄▄▄▄▄▄▄▄▄▄▄▄▄▄▄▄▄▄▄▄▄▄▄▄▄▄▄▄▄▄▄▄▄▄▄▄▄▄▄▄
█ ▄▄▄▄▄ █▀▀▄█▄█▀▄▄   ▄██ ▄    ▄▄▄█  █▄▄▄▀█▄ ▀██▄ ██ ▄▄▄▄▄ █
█ █   █ █▄█▄▀ ▄█▄▄█▄ █▀█▄████▄▄▄████▄█ ▀▀██▀▄▄▀▄ ██ █   █ █
█ █▄▄▄█ █  ▄██▀▄██▀█▀█▄ ▀▄  ▄▄▄ ▄██▀▀▄▀ ▄▀▄▄▀  ▀▄██ █▄▄▄█ █
█▄▄▄▄▄▄▄█ ▀ █ █▄▀ █ ▀ █ ▀▄█ █▄█ ▀▄█▄█ █ █ ▀▄█▄▀ █ █▄▄▄▄▄▄▄█
█ ▄█ █▀▄▄█▄ █▄▄█ ██▄ ▄ ▄▄▄▄▄▄▄▄▄██ ▄▄ ▄█  █▄ ▀▄██▄█▄ ▄▀▄ ▀█
█▄▀▀▄▀ ▄  ▀▀█▄▀██ ▀▄▄▄    ▀▀▄█▀▀ ▄██▄█ █▀█ █ ▄▄ ██▄▄▄▀▀█ ▄█
█▄▀███▄▄▀▀▄██▄▄█▄▀█▄▀▄ ▀█▄ █▄ █▀▄ █▀ ▄ █ ▄█▄  █▀█▄ ▄▄ ▀▄███
█▀█ █▄█▄▀▄ ▄▀▀▀█▀▄▀   ▀█  █▄ ▄▄▄█▀▄▀ ▀█▀█▄▀▄▀▀ ▄█▄ ▄ ▄▄▄ ▀█
██▀▄▀▄ ▄██▄▀ ▀▀ ▄█  █▀ █ ▄▀    ▄█  █▄▄  ▄▀ ▄▀ █▄▄█▄▀▄█▀▀███
█▀▀▀▀█ ▄  ▀▀ ▄▀▄ ▀▄█▄█▄▄ ▄▀▄ █▀▄██ ▀ █ ▀▀▄ █ ▀██▄▄█▀▀▀▄█▀ █
█▀█▀  ▄▄▄▀▀ █████ ▀▄ ██ ▄ ▄▀▄  ▄ █▀▄█▄ █▄ ▀█▄▀▀▄▀█▀▄▄▄  ▄▀█
█▄▄██▀▄▄▄  ▄█▀█ █ ██▀  ▀▀▀▄█ ██▀▀ ▄ ▄ ▄▀██▄█▄▀ ▄▄▄▄▀▄▀▄█▄ █
██▀ ▄▄█▄▄█ █▄   █ ▄▄██  █▄█ ▄▄█▄▄▀██▄ ▀▄▄▄█▄ ▄▄ █▄▄▄   █▄██
█  ▀  ▄▄▄ ▄▀▄▀▀   ▀▀▄▀█▄▄ █ ▄▄▄ ▄ ▀▄ █▄  ▄▀▄▀▀    ▄▄▄ ▄▄▄██
█▀ ▄▄ █▄█ ▀   █▄▄▄▄█▄ ██▀█  █▄█ ▄▄██▄ █ ▄▀ ██ ███ █▄█ ██▀▄█
█▀▄▀▀▄ ▄ ▄▀▀  █▀▀▀█  ██ █ ▄   ▄   █▄  ▄▄▄ ▀ █ ██▀    ▄▄▄▄ █
█  ▄▀▀ ▄▄▀▀█▄█▀▄█▄▄  ▄ ▄▀█  ▄█▄▄ █ ▄█ ██▄ █▄▄█▄▄  ▀  ██ ███
██▄▄▀ █▄▄▄▄█▀▀▀  ▄ █▀█▀▀████▀▀▀▄ ▄▀▄██▄█▄▄▄▄  ▀▄ ██  ▀▀▄█ █
█▀▀▄  █▄ ▀▀█ ▀▄   ▄ ▀    ▄█▄  ▀▀▄ ▀▀▄▄ █▄ █▄▄▄█ ▀█▄ ▄▀▀▄█▀█
█▀█ █ █▄ █▄██  █ ▄▄▄█ ▄▀▀▄▀▄ ▄▀▄█▄ █▀▄ ▄▀▄▀█▀▀▀█▀ ▄█  ▄█ ▄█
█▀ ▄▄▀▄▄▄█▄ ▀▀█▄ ▄  ▀▀ █▀▄ ▄▄▄ ▀▄  █  █ ▄█▄▄█ █▄█▄██▄▄▀▄▄▄█
█▄  ▄▀ ▄ ▀▄▀  ██ ██▄ █ █ ██  ▀  ▀ ▄▄▄▀█ ▄  █▀▄▄ ▄▀  ▀▄██  █
█▀ ▄█▀▀▄█▀ ▄▄▄▀▄█▄▄▄█▄ █▄▄   █ ███▄██ ▀▄▄ ██▄▀▄▄▄▀▄▀▄▄ █▀██
█ ▀ ▀▀▄▄▀█▄   ▀ ▀▀  ▄ ███ ▀█▄ ▀ █▄█ ███▀▀ ██ ▄█▀█ ▄▄▀▀ ▄█ █
███████▄▄ █▀ █ ▄▄▀▄▄██▄ ▄█  ▄▄▄   █ ▄ ▀▄ ▄▀▄ ▄▄▀█ ▄▄▄  ▄ ▄█
█ ▄▄▄▄▄ █▄▀█ █ ████ ▀▀█▀ █  █▄█ ▀▀ ▄ ▄▀ ▄ ██▄ ▀▀█ █▄█ ▄█▄██
█ █   █ █▀ █▀▀▀ █▀▄ ▀  ▀▀ █▄ ▄  ▀▄ █▄▄▄▀▄▀▀██ ▄▄▀▄▄ ▄ ▀   █
█ █▄▄▄█ █▀▄▄ ▄▄███▀▀▄▄▄▄█▀ █ ▄█▀▄█▄█  ██▄ ▀▄   ▄▄▄▀█ ▄▄██▄█
█▄▄▄▄▄▄▄█▄▄█▄▄█████▄▄▄▄▄██▄██▄▄▄▄▄██▄▄█▄▄▄▄█▄███▄████▄▄█▄██

QR saved: C:\Users\Adeel Mehar\OneDrive\Desktop\Abdulbot-main\Abdulbot-main\whatsapp-qr.png
📱 QR Code generated. Please scan with WhatsApp.
▄▄▄▄▄▄▄▄▄▄▄▄▄▄▄▄▄▄▄▄▄▄▄▄▄▄▄▄▄▄▄▄▄▄▄▄▄▄▄▄▄▄▄▄▄▄▄▄▄▄▄▄▄▄▄▄▄▄▄
█ ▄▄▄▄▄ █▄▄▀█▄██▀▀▀▀▀█ ▀▄  ███▄▄▄  ▀   █ ▀  ▀▀ ▄ ██ ▄▄▄▄▄ █
█ █   █ █ █▄▄▀▀█▄█ ▀█▄▀█▀  ██▄▀▀▀███▄ █▀██ ▄ ▄▀▄ ██ █   █ █
█ █▄▄▄█ █▄▄▄ █  ▀▀ ▄ ▀ ▄ █▀ ▄▄▄ ▄ ▀█▄▄ ▄  ██▀▀▄▀▄██ █▄▄▄█ █
█▄▄▄▄▄▄▄█▄▀▄█ █ █▄█ ▀▄▀▄▀▄█ █▄█ ▀ ▀ █ █▄▀▄▀▄█ █▄█ █▄▄▄▄▄▄▄█
█▄ ▄ ▀█▄█  ▄▄█▀█ █ ▀█▄ ▄▀▀▀▄▄▄   █ ▄▀█▀█   ▀█▀▄█▀  █▀▄▄ █ █
██ █ █ ▄▄█ ▄█  ▀▀▄ ██ ▄▄▀▀▄█ ▀  ▀ ▀▀█▄█▀█▀▀▄▀  ▄  █  ▀ ▄▀ █
█▄▀▀  ▄▄▀██▀█▄▄ ▀▄█▄▀▀█▄█▄▀▀▀▀█▀▄██▄ ▄▄▀█▀██ █ ▄█▄ ▀██▀ █ █
██▄ ▄▄ ▄█▄ ▄▄▄▄█▀▄▀▄█ ▀▀██ ▄ ██▀ ▀ ▀█▄█ ▀ ▄▀▄█ ▀█ █▄▀▄ ▀█▀█
██▀ ▀ ▀▄▄▀ █▀  ▄▀ ███▄▄█▄▄ ▄▄▄▀▄▄▄█▀▀▀▄▄▄▀█▄ ▄▀▀█▄██ ▀ ▀▄██
█ ██ ▄▄▄ █▄▄ ▄▀▀▀▄▄█ ▄▀▀▀ ▀▀█ ▀██ █▄█  ▄   █▀▀▀ ▄▄█ ▄▄▄█ ██
█▄▄▀ █ ▄▀▀▀  █ ██ ▄▀███ ▀█▀▀▄ █▀██▀▄█▀██  ▄ ▀▀▀▄▄  ▄▄▄██  █
███▀▀ ▀▄▀ ▀▄▀██▄▀▄▄▄ ▄▄█  █▀▄▀▄ ▀█ ▄█▀██ ▀█▄█▄▄ ███  ██▄█▄█
██▀█▀█▄▄▀ █ █  █ █▄▄█ ███▄▀▀▀▀█▄▄▄  ▄ ▀▀▀▀█▄ ▀▀███  ▄▀ █▄ █
███▀  ▄▄▄ ▀█ █▀▄  ▄▄▀▀█▄▀██ ▄▄▄ ▀ █▄█ █  ▄ ▀▄▀▄▄▀ ▄▄▄ ▀▀▀██
█ ▀▀  █▄█ ██▀▀▀▄  █▄█▄▀▀ ▄▀ █▄█ █ █ █▀▄▄ █▀█▄▄    █▄█  ▄  █
█▀▀▄█  ▄  ▄▄  █▄▄▄▄▄  ███ ▄▄▄▄▄  █▀   █▄▀▀█▄▀██▄▄ ▄ ▄ ▀█▄██
█▄▄▀▄▀█▄ █▀█▀ ▄▄▄█▄▀▄▄▄   █ ▀█▀▀██ ▄ █ ▄▄ ▀ ▀█ █▀ ▄ ▄█ ▄▄▀█
█▀▀█▀▄▄▄▄▄ ▀   ▄ █▀▄ ▀███▀▄▀▀▀ █▀▄█ █▀█▀ ▀██▀▄▄  ▄▄▄█  █▀▄█
█▀▄▀███▄ ▄▄ ██▄███▄ ▀███ ▄█▀███▄ █▄▄ ▄  ███▄▄█ █▀█▄█▀▄▀▄█▄█
█▄  █  ▄███▀██   ▄▀▀  ▄▀▄▀▄▄ ▄▄▀ █ ██▀█▄ ▄▄ ▄▀▀█▄█▀█  ▀ █▄█
█ ▀  ▄█▄█▀  ▄▄ ▄▄ ▀▀ █▄▀ █▀   ▀ █▄▄▀▀▀▄▄ ▀██▄▄▀ ▄█▄    ▀█ █
█▄ █▀ ▀▄ ▄▄   ▄██ █▄  █  ████▄  ▀███▄▀█▀▀█▄█▀▀██  ▄█▄▀▄█ ██
█▄██ ██▄  ██▀▀▄▄█▄▀▀ ▄ █▀▀▄█ ██  █ ▄ ███▄   ▀▀▄██▄ ▄███▄▄██
█ ▀ ▀▀▄▄▄▀ ▄▀▀ ▄███ █▄█▀▄▀▀█ ▄ ▀▄  ▄  ▄█▀▄▄██▄█▀▄▀█ █ ██▄▄█
███████▄▄  ▄ █ ▀ ▄  █ ███▄  ▄▄▄  █ ██▄ ▀█▀▄▄▄▀▀██ ▄▄▄  █▄██
█ ▄▄▄▄▄ ██▀██ ███▀ █ ▄█▀ ██ █▄█  ▀ ▄▀▀█ ▄ ▀ ▄▄  █ █▄█ ▀ ▀██
█ █   █ █▀▄▀▀  ▄▀██▀ ▄▄█ ▀▄ ▄▄   ▄▄▀▀▀██ █ ▄▄   ▀▄▄▄▄  ▀▀▄█
█ █▄▄▄█ █ █▄█▀▀   ▀▀▄▀▀▀█▀  █▀█▀█▀▀   █ ▀█▀▄▀██▀▄▄▀ █▀▄██▀█
█▄▄▄▄▄▄▄█▄▄████▄██▄██▄▄▄▄▄███▄███▄████▄▄▄▄█▄█████▄▄█▄██▄███

QR saved: C:\Users\Adeel Mehar\OneDrive\Desktop\Abdulbot-main\Abdulbot-main\whatsapp-qr.png
📱 QR Code generated. Please scan with WhatsApp.
▄▄▄▄▄▄▄▄▄▄▄▄▄▄▄▄▄▄▄▄▄▄▄▄▄▄▄▄▄▄▄▄▄▄▄▄▄▄▄▄▄▄▄▄▄▄▄▄▄▄▄▄▄▄▄▄▄▄▄
█ ▄▄▄▄▄ █▀▀▄█▄▄▀█▄▀ ▄ ██▀     ▄▄▄█ ▄█▄ ▄   ▄▄▀█▄ ██ ▄▄▄▄▄ █
█ █   █ █▄█▄█ ▄████▄▀▄▀██████▄▄▄ ▄██▄▄ ▀█▄█▀██▀▄ ██ █   █ █
█ █▄▄▄█ █  ▄▀▀▀▄██▀█▀█▄ ▀▄  ▄▄▄ ▀██▀▄█▀ █▄▄▄▄  ▀▄██ █▄▄▄█ █
█▄▄▄▄▄▄▄█ █ █ █▄▀ █ ▀ █ ▀▄█ █▄█ ▀▄█▄█ █ █ ▀▄█▄▀ █ █▄▄▄▄▄▄▄█
█ ▄█ ██▄ █▄   ▄█ ██▄ ▄ ▄▄▄ ▄▄▄▄▄██ ▄▄ ▄█  █▄ ▀▄█▀██▄  ▀▄ ▀█
█▄▀▀▄▀▀▄▀▄█▄▄█▀██ ▀▄▄▄    ▄▀▄▀▀▀ ▄██▄█ █▀█▄▀ ▄▄▄ ▀▄▄█▀▀█ ▄█
█▄▀▀▄█▄▄▄█▄▀█▄▄█▄▀█▄▀▄ ▀█▄▀██▄█▀▄ █  ▄▀▄ ▄▄█  █▀█▄ ▄▀▄▀ ███
██▄█▀▄█▄▀█ ▄▀▀▀█▀▄ █  █▀  █▄ █ ▄█▀  ▄█▀▄█ █▀▀▀█▄▄  ▄ ▄▄█ ▀█
█ █▄ ▄ ▄██▄▀ ▀▀ ▀▄▀ █▀ █▀█▀   ███  ▄   ▀▄▀▄█▄ ▄▄▄█▄▀▄█▀ ▀▀█
██▄▀██▄▄  ▀▀ ▄▀▄▀▀▄█▄█▄▄██▀▄ █ ███ ▀▄  ▀▄▄ █▀ ██▄▄█▀▀▀▄█  █
█▄▄▀ █▄▄▄▀▀   ███ ▀▄ ██ ▄ ▄▀▄  ▄▄▀▀▄█  █ ▄▀█▀▀▀▄▀███▄▄  █ █
█▄▄██▄▀▄ ▄▀▄    █ ██▀  ▀▀▀▄█ ██▀▀ ▄ █▀▄▀▄█▄█▄▀ ▄▄▄▀  █▄█▄ █
██▀ ▄▀ ▄█▀█ ██▀ █ ▄▄██  █▄█ ▄▄█▄▄▀██▄ ▀▄▄▄█▄ ▄▄ ██ █   █▄██
█  ▀  ▄▄▄ ▀▄▀▀ ▀  ▀▀▄▀█▄▄ ▄ ▄▄▄ ▄ █▄ █ ▄ ▄█▄▀▀  ▀ ▄▄▄ ▄▄▄██
█▀  █ █▄█ █▀  ▄█▄▄▄█▄ ██▀█▄ █▄█ ▄▄▄▄▄ █▀▄▀▀██  █▀ █▄█  █▀▄█
█▀▀▄▄▄ ▄  ▀▀  █▀▀▀▄▄ █▀██ ▄   ▄   ▄▄ ▄ ▄  ▀▄█▄ ▀▀  ▄ ▄██▄ █
█▄▀██▀ ▄▀▄▀█▄█▀▄▄█▀ █▄█ █▄  ██▄▄ █ ▄▀▄ ▄  ██ ▀▄▄ ▀▀ █▄█▀▀██
█  ▀▀ █▄ █▄█▀▀▀ ▄▄ ██▀▀▀█ ██▀█▀▄▄ ▀▄█████▀█▄ ▄▀▄▀██ █▀▀▄▀▄█
█ ▄▄  █▄ ▀▀█▀ ▄   ▄ ▀    ▄█▄  ▀█▄▄▀▀▄  █▄ █▄▄▄█ ▀█▄ ▄▀▀▄█▀█
█▀█ █ █▄ █▀█▄██  ▄▄▄█ ▄▀▀▄▀▄ ▄█ ▄█ █▀█ ▄ ▄▀█▀▀▀█▀ ▄█  ▄█ ▄█
█▀ ▄▄  ▄▄██ █▄▄  ▄  ▀▀ █▀▄ ▄▄▄ ▀▄  █  █ ▄█▄▄█ █▄█▄ ▀▄▄█ ▄▄█
█▄  ▄▀ ▄ ▀▄██ ▄▀ ██▄ █ █ ██  ▀  ▀   ▄▀█ ▄  █▀▄  ▄ ▄▄▀▄█▄  █
█▀ ▄▄▄ ▄▄  █▄▄▀██▄▄▄█▄ █▄▄ ▄ █ ███▄██ ▄█▄ ▀█▄▀▄█▄ ▀▄█▄ ▄▀██
█ ▀ ▀▀▄▄▀▄▄   ▀ ▀▀ █▄ █▄█  ▀▄ ▀ █▄█ ▀██▀▀ █▀▄ ▀▀█ ▄▄▀▄▀▄█ █
███████▄▄▀█▀ █ ▄█▀▄▄▄█ ▄██  ▄▄▄   █  ▄▀█▄ █▄▄ ▄▀▀ ▄▄▄  ▄ ▄█
█ ▄▄▄▄▄ █▄▀█ █ █▀██ ▀▄█▀██  █▄█ █▀ ▄▀▄ ▀  ▄██▀▀▀█ █▄█ ▄█ ██
█ █   █ █▀ ██▄▀ █▀▄ ▀  ▀▀ █▄▄▄  ▄▄ █ ▄▄▀▄▀▀█▄ ▄▄ ▄▄  ▄▀  ▀█
█ █▄▄▄█ █▀▄ ▄█▄▀██▀▀▄▄▄▄█▀ █ ▄█▀██▄█▀ ███▀▀▄   ▄▄▄▀█▄▄▄██▄█
█▄▄▄▄▄▄▄█▄███▄█▄███▄▄▄▄▄██▄█▄▄▄▄▄▄██▄▄█▄▄▄▄█▄███▄███▄▄▄█▄██

QR saved: C:\Users\Adeel Mehar\OneDrive\Desktop\Abdulbot-main\Abdulbot-main\whatsapp-qr.png
📱 QR Code generated. Please scan with WhatsApp.
▄▄▄▄▄▄▄▄▄▄▄▄▄▄▄▄▄▄▄▄▄▄▄▄▄▄▄▄▄▄▄▄▄▄▄▄▄▄▄▄▄▄▄▄▄▄▄▄▄▄▄▄▄▄▄▄▄▄▄
█ ▄▄▄▄▄ █▀ ▀▀ █ ▀▀██▄▀▄▀   ▀▀█  ▄▄▀█▀█▄▀ ▀█▄█▀▄▄ ██ ▄▄▄▄▄ █
█ █   █ █▀▄█ ▄ █▄█  █▄ ▄  ▀█▄█▀  ▄▄▄▄▀▄▀██ █▀█ ▄ ██ █   █ █
█ █▄▄▄█ █▀▀ ▄ ▄▀▄█▀▀▄ █ ▀ █ ▄▄▄ ▄▀▄▀▄▀▄█ ▀▄  █▀▀▄██ █▄▄▄█ █
█▄▄▄▄▄▄▄█▄▀▄█ █▄▀▄▀▄▀ █▄█ █ █▄█ ▀▄█ ▀▄█ █▄█ █▄▀▄▀▄█▄▄▄▄▄▄▄█
█▄ ▄ ▄█▄  ▄▀   █▀▄  ▄▄▀█▀  ▄▄▄  ▀█▀█▀▄ █▀▀  ▄▀█▄▀▀ █▄█▄▀▄▀█
█ ▄▄█▀ ▄█▄  ▀▄▄ ▄ ▀ ▀▀▀  ▄▄█▀█▀██▀ █▄▀█  █ ▀█▀▀ █ ▀▀▄ ▀▀█▀█
█ ▀ █  ▄▄▀▀▄▀ ▄▄█▄▀ ▀█▀▄▀  ▄▀█▀█▄▀ ▄▄ ▀█▀▀ ▀ ▀▄█▀▀ █▄▀█▄█▄█
█▀▄  █ ▄█▄▀█▄███ ███▄ ▄▄█▄▀▄▀▄█ ▀▀█ ███▄ ▀▀▄█▀█ ▀▀▄▄ █▀ ▄▀█
█▄██▄▄ ▄  █▀ █▄██▄▀▄▀█▀█  ▄█▀    █▀█▄▄ ▄██ ▀ █▄█▄▀▀▄██ █  █
██  █ ▄▄ ▀ ▄▄ ▀█▀▀ ▀█▄█▀  ▀█▀ ▄ ▀ ▀▄██▀▀▄▄▄▀▄█▄   █▄ ▄ ▀▄▀█
██▀▀▀▄ ▄ ▀ ▀▄ ▀█▄▀▄ ▄█▄▀▀▄ ▀█▀█  ▀ █▄▄▄█▀▀▄▀ █ █▄▀ ▄███▄▀ █
█ ▀ ▄██▄▀▀▀▀▀█ ▄▄ █▀▄█▀▀▀█▀ ▀██████ ▄▄▀▄▄█▄▀ █▀▄▄ ▀▄█▀▄▀▀██
█▀▀▀██ ▄  ▀▄▄██▄▄█  █▄▀█▀ ███▀▀ ▄ ▄  ▄▀██▀▀  ███  ▀█ █▄▀▄▄█
█▄▄▀▀ ▄▄▄ █ ██▀█▀▀▄█ ▀▄█▀▄█ ▄▄▄    ██▀ ▄▀█▄ █▀▀█▀ ▄▄▄ ▀  ██
███ ▄ █▄█ █  ▄█▄█▄▄▀▀█▄█▀▀▀ █▄█ ▀▀██▄▄ ██▀   █▄▄▄ █▄█ ▄▀▄▀█
█▄ ▄▄ ▄▄▄  ▄▄▄█  ▄▄  ▄▄▄▀▄█▄ ▄ ▄ ▀▄ ▄▄ ▀█▀▄█▀▀▄█ ▄ ▄▄▄ ▀▄▀█
█▀█ █ █▄██ ▄▀▀█▄▄▄ ▄ ██▀▀ ▄ ▄█▀ ▄█▀█   █▄▀▀▀ ▀▄█▀▀█ █▄ ████
█▀▀█▄ █▄▄ ██▀█▄█▄█ ▀█▄ ▀▄▀  ▄▀▀ ▀▀ ▄█▄  ▄ ▄ ▄▀▀█▀▀ █ ▄▀ ▄██
█▀▄█▀█▀▄     ▀▄▀▀█ ▄▀▀▀█▄ ██▀█▄▄██ ▄   ▄▄▀▀  ▀▄██▀▄▀█▄█ ▄ █
██▀ ▄▀ ▄▄█▄▄▀ █ ▀█▀ ▀ █ ▄ █▄▀█ ▄ ▄▀▄█ ▄▄▀█▄▀█▀ ▄▄▄ █▀▀▀▀▄▄█
███▀███▄▀ ▄ ▄▄  ▀▄ ▄▄▄▀█▀ █▀█▄ █▀█▀█ ▄ ███▄  █▄▄█ ▀▀█▄█▄▀▀█
█  ▀██ ▄  █▀▀▀▀█▀ ▀  ▄▀ ▄▀▀▀▀▄▄▄▀▀▀█ █████ ▀▀█▀█ █ █ ▀▀▀ ▀█
██▄▄█▄█▄▄▄▄▀▀ ▄ ▄█▀ ▀▄▀▄▀ ▄ ▀▄█▀▀███ ▄ ▄█▀ ▀ ▀██▀ █▀███▀███
█ ▀ ▀▀▄▄▄▄█  ▄▄█ ▀█▄▀█ ▀█▄█▄█ ▀▄ ▀█▀███▀ ▄▄▀█▀▄█▀▀ █▄█   ██
███████▄▄ ▄▄▄▀ ██▄  ▀███▀▀  ▄▄▄  ▀▄█  ▀█▀▀▄  ▀▄██ ▄▄▄ ▄▀▄▀█
█ ▄▄▄▄▄ █▄ ▄█▀▄█▀█ ▄▀█▄ ▀▄▄ █▄█ █▀▀█▄▄▄▀▄▀ ▀ ▀  ▄ █▄█ ▀▀ ▀█
█ █   █ █ ▀██ ▄█▄▀▄▄▄█▀▀▀▄     ▄▄█▀█▄▄▀▄▀█▀▀▄██▄   ▄  ▀▄███
█ █▄▄▄█ █  █▄██▄▄ ██▄██▀▀█ ▄▀▀▀██▄█ ▄▄█▄▄▄█ ▀ ▀▀  ▀▄█▀ ▀███
█▄▄▄▄▄▄▄█▄█▄▄▄▄█▄▄▄▄▄▄██▄█▄█▄██▄▄▄▄▄█▄█▄████▄█▄▄████▄▄██▄██

QR saved: C:\Users\Adeel Mehar\OneDrive\Desktop\Abdulbot-main\Abdulbot-main\whatsapp-qr.png
📱 QR Code generated. Please scan with WhatsApp.
▄▄▄▄▄▄▄▄▄▄▄▄▄▄▄▄▄▄▄▄▄▄▄▄▄▄▄▄▄▄▄▄▄▄▄▄▄▄▄▄▄▄▄▄▄▄▄▄▄▄▄▄▄▄▄▄▄▄▄
█ ▄▄▄▄▄ █▄▄▀█▄██▀▀  ▄▀  ▄  ███▄▄▄ ▀▀█▄▀█▄▀ ▄▀▄ ▄ ██ ▄▄▄▄▄ █
█ █   █ █ █▄ ▀▀█▄█ ▀█▄▀█▀▀ ██▄▀▀ ▄██▀▀█▀ █ ▄ █▀▄ ██ █   █ █
█ █▄▄▄█ █▄▄ ▀▀  ▀▀ ▄ ▀ ▄ █▀ ▄▄▄ ▄▄▀█   ▄▄███▀█▄▀▄██ █▄▄▄█ █
█▄▄▄▄▄▄▄█▄█▄▀ █ █▄█ ▀▄▀▄▀▄█ █▄█ ▀ ▀ █ █▄▀▄▀▄█ █▄█ █▄▄▄▄▄▄▄█
█▄ ▄ ▀▀▄█ █ █▀▀█ █ ▀█▄ ▄▀▀▀▄▄▄   █ ▄▀█▀█   ▀█▀▄█▀▀▄█▀ ▄ █ █
██ █ ▄ ▄ ▀  ▀  ▀▀▄ ██ ▄▄▀▀█▄ ▀  ▀ ███▄▀██▀▀▄▀ ▄ ▀█▄▀▄  ▄▀ █
█▄▀▄▀ ▄▄▀▀▀██▄▄ ▀▄█▄▀▀█▄█▄▀▀█▀█▀▄█ ▄ ▄  █▀█▄ █ █▄█ ▀███▄█ █
███▄ ▄ ▄▄▄ ▄▄▄▄█▀▄███ ████ ▄ █▀█ ▀ █▀  █▀▄▀▀▄█▄████▄ ▄ ▀█▀█
██▄█  ▀▄▄▀ █▀  ▄▀▀████▄██▄ ▄▄▄▀█▄▄▄ ▀█▄▄ █▀▄  ▀ █▄██ ▀ ▀▄██
██▀█ ▄▄▄ █▄▄ ▄▀▀ ▄▄█  ▀▀▀▄▀▀█  ▄▀▄█▄  ▀█▄▀▀██  ▀▄▄▀ ▄▄▄█ ██
█  ▀  █▄▀▀▀  █ ██ ▄▀███ ▀█▀▀▄ █▀▄▀▀▄ ▀██ ▄▄ ██▀▄▄  █▄▄██  █
███▀▀█ ▄▀▄  ▀ ▀▄▀▄▄▄ ▄▄█  █▀▄▀▄ ▀▄ ▄▄▀██▀▀█▄█▄▄ ██▄▄▄▀█▄█▄█
██▀█▀██▄▄▀ ▄▄▀▄█ █▄▄█ ███▄▀▀▀▀█▄▄▄  ▄ ▀▀▀▀█▄ ▀▀█▄▄▀▀█▀ █▄ █
███▀  ▄▄▄ █ ▀▄██  ▄▄▀▀█▄▀█▀ ▄▄▄ ▀ ▀ █ █▄ ▄ ▀▄▀▄▄  ▄▄▄ ▀▀▀██
█ ▀▀  █▄█ █ ▀▀ █  █▄█▄▀▀ ▄█ █▄█ █ ▀▀█▀ █ ███▄▄▀   █▄█  ▀  █
█▀▄    ▄ ▄▄▄  █▄▄▄▄   ▀▀█ █▄▄▄▄  █▀▀▄ ▄ ▀▀ ▀██ ▄█ ▄▄ ▄██▄██
█▀█▄█▀█▄▄█▀█▀ ▄▄▄▄ ▀▀▄▄▄ ▀█ ██▀▀██ ▄▄█ ▄▀▄ ▀█▀███▄▄  █▀▄▄▀█
█▄▄  ▄▄▄█▄ ▀   ▄ ▀▀▄ ▀██▄▄▄▀▄▄ ██ █   ▄▀▀ ▄█▄█▄▀ ▄▄▄▄  ██▄█
██▄▀███▄ ▄▄ █▄▄███▄ ▀███ ▄█▀██▀ █▀▄▄    ███▄ ▀ █▀█▄█▀▄▀▄▄██
█▄  █  ▄██ ▀▀▄   ▄▀▀  ▄▀▄▀▄▄ ▄ █▀█ █▄▀█▄ ▄▄ █▀▀█▄█▀█  ▀ █▄█
█ ▀  ▀ ▄█▀▄█▀▄ █▄ ▀▀ █▄▀ █▀   ▀ █▄▄▀▀▀▄▄ ▀██▄▄▀ ▄█ ▄   ██ █
█▄ █▀▀█▄ ▄▀ ▄██▄█ █▄  █  ████▄  ▀██▀▄▀██▀█▄█▀▀▀▀   ▀▄▀▄█ ██
█▄█▄ █▀▄██▀ ▀▀███▄▀▀ ▄ █▀▀█  ██  █▀▄ █ █▄ ▀ ▀▀█▄█▀▀ ▄▄▀ ▄██
█ ▀ ▀▀▄▄▀▄ ▄▀▀ ▄██ ██▄▄▀▄▀ █ ▄ ▀▄  ▄▄▄█▄▀ ▀▀▀ ▄ ▀▄▄▄▄▀ ▄▄▄█
███████▄▄▀ ▄ █ ▀█▄  █ ▀█ █  ▄▄▄  █ █    █▀█▄▄▀▀▄▀ ▄▄▄  ▄▄▀█
█ ▄▄▄▄▄ ██▀██ ██ ▄ █▀▄█▀ ▄█ █▄█  █ ▄▄▄▄  █▀  ▀ ▀▀ █▄█ ▀ ▀▀█
█ █   █ █▀▄▀▄█ ▄▀██▀ ▄▄█ ▀▄ ▄▄  ▄ ▄▀▀███▄█ ▄█    ▄▄▄▄▄ ▀ ▄█
█ █▄▄▄█ █  ▀█▀▄   ▀▀▄▀▀▀█▀  ▀██▀█▀▀   █  █▀▄ ██▀▄▄▀ ▀▀▄██▀█
█▄▄▄▄▄▄▄█▄▄███▄▄██▄██▄▄▄▄▄███████▄████▄▄▄▄█▄█████▄▄██▄█▄███

QR saved: C:\Users\Adeel Mehar\OneDrive\Desktop\Abdulbot-main\Abdulbot-main\whatsapp-qr.png
📱 QR Code generated. Please scan with WhatsApp.
Connection closed due to Error: QR refs attempts ended, reconnecting true
Reconnecting...
🔄 Connecting to WhatsApp...
Connection closed due to Error: Connection Failure, reconnecting false
Session folder deleted. Please re-authenticate.
Session logged out. Please re-authenticate.
Update C:\Users\Adeel Mehar\OneDrive\Desktop\Abdulbot-main\Abdulbot-main\index.js
🔄 Connecting to WhatsApp...
▄▄▄▄▄▄▄▄▄▄▄▄▄▄▄▄▄▄▄▄▄▄▄▄▄▄▄▄▄▄▄▄▄▄▄▄▄▄▄▄▄▄▄▄▄▄▄▄▄▄▄▄▄▄▄
█ ▄▄▄▄▄ █▄█▀  ▄▀ █▀▀ ▀█ ▀▄█▄ ▄ ▄█▀██▀█▄█▀█▄ ▀██ ▄▄▄▄▄ █
█ █   █ █ █▄▄█ ▄█ ▀ █▀▄███▀█▀██▀▀██ ▀  ██▄▀▀▄▀█ █   █ █
█ █▄▄▄█ █▄█▀  █▀▀█▀▀ ▄█▀█ ▄▄▄ ██ ▄▄▀█▄█ ▀ ▀ ███ █▄▄▄█ █
█▄▄▄▄▄▄▄█▄█▄▀ █▄▀▄▀▄█ █ ▀ █▄█ ▀▄▀▄▀ █ █ █ ▀ █ █▄▄▄▄▄▄▄█
█▄▄ ▄▀▀▄▀ ▄█▀▄█▄█  ▀▀▄▄▄▀▄ ▄   ▀▀██▄▄▀██▄▄█ ▀▄▄█▀ ▄▄▀ █
█ █▄▀▀█▄█▀▀▀▄▄▀ ▀▄▄   ▀ ▀█▄█▄██▀█ ▄▀▄▀▄█  ▀▄▀█▄█  ██▄██
█ ▄▄▄ ▀▄▄▄█ ▀█▀█▀█   ▀█▀█▄█▄ ▀█▄▀▀ ▄▄ █ ▀██▄▄  █ ▄▀█▀ █
██ ▄█▄▀▄▀▀█ ▀  █▄▄▀▀▄ ▀ █ ▄▄█▄▀  █▀▄▀ █▄▀█▄ ▄▄ ▀▀▄▀██ █
█ █▄▄▀▄▄ ▄█▄▄▀█▄▄▀█▀ █▄█▀▀ █▀ ▀█  ▀ █▀▄█ █▀█▄█▄▀▀▀██▄██
█▄   ▄▄▄▀ ▄▄█ ▄███▀██ █▀▄█▀ █▀   ███▀▀▀ ▄▀ ▄ ▀█▄▄▀▀ █▀█
█ ▄██▄▀▄█▄▀▄  █▀▄▄▄▀ ▄  ▄█▀▄█  ▀█▀████ █▄▄▀▀ █▄██▀ ▄▄▀█
█▀▀▀▄▄▄▄ ▄▄█▀▄ ▀▄ ██  ▄██▄▄▄▀▀▀▄ ▀█  ▄▀▀█▄███▀ ▀█▄▄█▄▀█
█▀▀▄  ▄▄▄ ▄ ▄▀▄  ▀  ▀ █▀  ▄▄▄  █ █▀█▄▄▀ ▀▀▄▄  ▄▄▄ ▀▀▄▄█
█▄ ▀▄ █▄█ ▀█▀█  █▀▀█▀ ██  █▄█ ▄▄▄▀  ▀█▀▄█ ▀▀█ █▄█ ▀▄ ▄█
██ ▄ ▄ ▄▄▄ ▄▀▄▄▄ ▀ ▀▄█▄▀▄   ▄  █  ▀▀████▀█ █▀  ▄ ▄  █▀█
█ █▀ █▀▄▀▄▄▄█ ▀▀ ▄▄ █▄▀▄█▄▄▀▀█ ▄▄▄▀██ ▄▄█▀▀▀ █▀█▀▄  ▀██
█▀▀▄▄ ▀▄██▄ █  █ ▄▀█▄▄ ▄  ██  ▀ ▀▀▄█ █ ▄▄▄ ▀  ▀▄█ █  ▄█
█▄ ▀▄  ▄▀ ▄█▄▄▀█▄▀██ ▄▀▄  ▄█▄ █ ▀█▀  █▀█▀▄  █ ▀█▀▀▄▄▄██
██▀▀▀▀ ▄▄███ ▀▄▀▀▄█ ▀ ▀█▀▀ ██▀▀▄▄▀▄█▄ ▀▀ ▀█▄█ ▄  ██▄▄██
█  ▄ █ ▄▀ █▀  █  █  ▀▄█ █ ███▄▀ █ ▄▀▀█▄█▄█▀▀▀▄█ ▄▄▀█▄▄█
█▄▀ ▄▄ ▄ ▀ ▀█▀ █▀█▄██▄▄▀ ▀  ▀  ▄▀▄█ █▀▄█▄█ ▄▀ █▀█▄▀█▀▄█
█▄ ▀▄▄▄▄▄▀▀▀▄ ██  ▀ █ █▀▀█▀█ █▀▀███▄   ▀██ █▀███ █ ▀ ██
████▄██▄█  ▄ ██▄██▄▀ █ ▄▀ ▄▄▄    ██▄▄█ ▄▄     ▄▄▄ ▄ █▀█
█ ▄▄▄▄▄ ██ ▄▄█ ▄▄██ █▄ █  █▄█  ▄▄▀▄█  ▄█ █▄▀  █▄█ ▄▄█▀█
█ █   █ █▀█▀▀▄▀▀██ █▀▀███ ▄ ▄ █▄█▀ ██ ▀▀ ███ ▄ ▄  ▄▄▀██
█ █▄▄▄█ █ ▄█▄█▀█ ▄ ▄ ▄▀█▄██ █  █▀▀ █▀▀▄█ ▄ ▀██▀▄▄█ █ ██
█▄▄▄▄▄▄▄█▄▄▄▄▄█▄████▄█▄███▄█▄██▄█▄▄███▄▄▄██▄▄██▄▄█▄█▄██

QR saved: C:\Users\Adeel Mehar\OneDrive\Desktop\Abdulbot-main\Abdulbot-main\whatsapp-qr.png
📱 QR Code generated. Please scan with WhatsApp.
Update C:\Users\Adeel Mehar\OneDrive\Desktop\Abdulbot-main\Abdulbot-main\index.js
🔄 Connecting to WhatsApp...
▄▄▄▄▄▄▄▄▄▄▄▄▄▄▄▄▄▄▄▄▄▄▄▄▄▄▄▄▄▄▄▄▄▄▄▄▄▄▄▄▄▄▄▄▄▄▄▄▄▄▄▄▄▄▄▄▄▄▄
█ ▄▄▄▄▄ █▄█▄▄ ▄▄ █   ▀▄▄▄▄▄██▀  █  ▀ █▄███▄ ██ ▄ ██ ▄▄▄▄▄ █
█ █   █ █ ██▀ ▀██▄ ▀▄█▄█▀▀ █ █▀ █▄  ▀ ▄▀▄▄██▀▄▀▄ ██ █   █ █
█ █▄▄▄█ █▄▄█▄▄█▄▀▀▄█ ▀▄▄ █▀ ▄▄▄ █  ▀██▄▄▀█▀▀█▄▄▀▄██ █▄▄▄█ █
█▄▄▄▄▄▄▄█▄█ █ ▀▄█▄▀ ▀▄█ ▀▄█ █▄█ ▀ ▀ █ █ ▀ ▀ ▀ ▀ █ █▄▄▄▄▄▄▄█
█▄▄▄▄██▄█▄▀▀ █▀███▄▀▀▄   ▀█ ▄▄   █ ▄▀▀ ▄ ▄ ▀▀▀▄█▀▀ █▀▄▄ ▀▄█
█▀█  ▄▀▄▀█▀ ▀█ ▀ █ ██ ▄▄██▄██▄▀ █▄▀██ ██▄▀▄▄▄ ▀▀  ▄█ ▀ ▄ ▄█
██  ▄▀█▄▀▀▀██ ▄  ▄█▄  █▄██ ▀ ▀█▀▄▀ █▄▄▀▀▀▀▄▄▀█▄█▄█▀ ███▄███
█ ▀█ █▄▄ ▀▀  ▀ ▀▄█▀  █▄█▀ ▀█ ██▀▄ ▀▀ ▄ ██ █ ▄█▀█  ▄ █▄  ▀▀█
███ ▄▄█▄█▄█▀▀█▄▄▄ ▀▀▄▄▄██▄▀▀▄▄ ▄▄ █▀ █ ▄█▀▄▄ ▄█  ██▄ ▀▄▀█▄█
█▀▀ █ ▀▄▀▀█ █▄▀▀▄▀██▀  ▄▄▄▄ ▀ ▀▀██▀▄█▀  ██ █▀ ▀ ▄█▄▄▄█▀█▄▀█
██ █ ▄ ▄▄█ ▄█  ██ ▄▀██  ▀█▀ ▀ ▀▀▀▀ ▄█▀█▄▄  ▀█▀█▄▄ ▄█▄ █ ▀▀█
█ ▀ ▀█▄▄█▀▀▄▄▀█▄▀▄▀█ ▄▄▄  █▀▄▀██ ▄ ▄██▄█▀▀▀▀▄▀ ███ ▀▄▄ ██▄█
█▄▀▄ ▄▄▄ ▀▄ ▄ █▄ █▄▄█  ▀▄▄█▀█▀█▄▄▄   ▄ ▀█▀█▄▄▀ ▄█▄▀ ██▀█ ▄█
██▀█  ▄▄▄ █▄   █  ▄▄▀▀█▄▄██ ▄▄▄ ▀ ▀▄▄▀▀▀  █▄  ▀ ▀ ▄▄▄ ▀▀█▀█
█ █▄▀ █▄█ ▄ ▄█▄ ▄ █▄██▀▀█▄█ █▄█  ▄  ▀██▄▄█ █      █▄█ ▄█▀▀█
█▀▄▀▄▄▄▄  ▀ ▀▄█▀▄▄▄▄  ██▄▄▀  ▄▄▄▀▀▀▀▄ ▀▀ █▀█▀▄▀██    ▄▄█▄▀█
█▄▄▄█ ▄▄▄▄▀█ █▄██▄▄▀▀▄  ▀ █▀▀█▀▀▀▀ ▄█▀ ▄▄▄   ▀██▀█   █▀████
█▀▄▀▀██▄█ ▄▀█ ▄█▄ ▀▀█▄▀█▀██▀   ██▀█     ▀▄▀█▀ ▀ ▄ ▄▄█▄▀▄▄▄█
█▀▄▀▄█▄▄█▀██▄██ ██  ▀██▀ ▄████   █▀██▄▀▀ █▄▄ █ ▄█▄██▀▄███▄█
█ █ █▄▄▄██ ▀▄ ▄▀ ▄ █  ▄▄▄▀▄  ▄▀█▀█▀█▄███▀█▄▀█▀█▀▄██▀ ▄▀▀█▄█
█▀ ▄█▄▄▄▀▄██ ▄▀▀  ▀█ █▄██▄▀ ▄ ▄▀█▄▄▀██▄▄ █▀▄▄▄▀   ▄ ▀▀▀██ █
█▀█▄ █▀▄▀▀▄█  █ █▄█▄▄▀█  ▄▀██▀ ▄▀▀█▀▄▄▄▄▀██▄▄██▀▀  ██▀▀▄▄▀█
█▀▄▄  █▄ ▀▀▄█▀ █ █▀▀█▄ █▄ █▄█▄██▀▀█▄▄█▀█▄▄  ███▄█▀ ▄▄▄▀  ▀█
█ ▀ ▀▀▄▄ ██ ▄█  ██▀▀  ▄█▀█  ▄▄██  ▀██  ▄█▄██▀ ██▄▀█    ▄▀ █
███████▄█  █   ▀▀▄▄ ▀▀██ █▀ ▄▄▄ ██▄█▄▄▀▀█▀▄▄ █ ▄▀ ▄▄▄ ▄ ▀▄█
█ ▄▄▄▄▄ ██ ▀▀██ ▀█▄█▀█▀▀▀▀█ █▄█ ▀▀ ▀▀ █▀▀▀█▄▀ ███ █▄█   ▄██
█ █   █ █▀▄▀▄▄ █▀█▀█ ▄▄█ ▀█  ▄   ▄ ▀▀█▄▄▄█ █ ▄█   ▄▄ ▄ ▄▀██
█ █▄▄▄█ █ ▄▄▄█▄█  █▄▄▀█▄█▀▄▀ ██▀▄▀ ▀▀▄▀▀█▀█▀ ▀█ ▄▄ ▀▀▀▀▄█▀█
█▄▄▄▄▄▄▄█▄█▄█▄▄▄▄▄▄███▄▄▄▄██▄▄███▄██▄██▄▄▄████▄▄▄█▄█▄█▄▄███

QR saved: C:\Users\Adeel Mehar\OneDrive\Desktop\Abdulbot-main\Abdulbot-main\whatsapp-qr.png
📱 QR Code generated. Please scan with WhatsApp.
Update C:\Users\Adeel Mehar\OneDrive\Desktop\Abdulbot-main\Abdulbot-main\index.js
🔄 Connecting to WhatsApp...
▄▄▄▄▄▄▄▄▄▄▄▄▄▄▄▄▄▄▄▄▄▄▄▄▄▄▄▄▄▄▄▄▄▄▄▄▄▄▄▄▄▄▄▄▄▄▄▄▄▄▄▄▄▄▄▄▄▄▄
█ ▄▄▄▄▄ █▀ ▀ ▀▄█▀ ██▄  ▀█ ▄ ▀  ▄█▄ ▄▄█ ▄█▀▄▄███▄ ██ ▄▄▄▄▄ █
█ █   █ █▄▀█▀█▄▄█▄█▄▀████▄██▄█▄ ▄█ ▄█▄▄█▄█▀▄▄█▀▄ ██ █   █ █
█ █▄▄▄█ █ ██▀▀▀ ██▀█▀█▀▀▀▄  ▄▄▄ ▀▀▄█▄▀▀   █ ▀▀ ▀▄██ █▄▄▄█ █
█▄▄▄▄▄▄▄█ █▄█ █▄▀ ▀ ▀ ▀▄▀▄█ █▄█ ▀▄█▄█ █▄█▄█ █▄█▄█ █▄▄▄▄▄▄▄█
█▄ █▄▀█▄ █▀▀▄█ █ █▀  ▄  ██▄▄ ▄▄▄██ ▄▄▄███▄▄▄ ██▄▀█▀▄▄▄▀▄▄▀█
█   ▀▀▀▄▄ ▀▄▀▀▀█▄▀▀▄▄▄  ▄ ▄▀▄▀▀▀▄▄▀▀ █▀█▄▀ ███ ██▄▀▀▀▀▀█▄ █
█  █▄ ▀▄▀ ▄ █▀▄█▄▀█▄ █ ▀▄▄ █ ▄█▀▀ ▄ ▄▄ ▄▄ ▀▄▄▄▀ ▄▄▀█▀ ▀▄▄▄█
██ ▄▄▀▄▄▄▄█ ▄ ████▀▄ ▀▀█▀▀█▄▀▄  █▀ ▄▄▀ ▀ ▀██▄▀ █▀▄▀█  █▄ ██
██  █▀ ▄▀█▀▀█▀▄▄ ▄▄▄█  ▀ █ ▄  ▀▄█▄ ▄ ▄▄▀ ▀▀█  ▄█▀▄█ ▄█▀██ █
██▀▀▀▄▄▄▀▀▄▄▄▄▀▄█ █ ▄█▄▄▀█ █▄█ █▄▀ ▀▀ █ ▀▄▀▀▀ ▄▄▀██▀▀█▄█▄▄█
██▄ ▀▀▀▄█▀█▄ ▀███ █  ██ ▄ ▄ ▄ █▄▄▀ ▄▄▄▄▄█▄▀█▄▀█▄▀█▄▄▄  ▄▄▀█
█ ▀▄▀ ▄▄▄ ▀▄ ▄ ▄█ ▀▀▀   ▀▀▄█▀▄▀▄▀▀█ ▄▄█  ▀ █▀█▄▄▄ ▀▄█▀▄█▄ █
█▄▀▄██ ▄  ▄█  ▄▀█▀▄ ██  ███▄ ▄██▄▀██ ▄ █▄▄█▄▄▄▄▀ █ ▄   █▄██
██▄█▄ ▄▄▄ ▀█▄▄▄▄█▀▀▀▄▀█▄███ ▄▄▄ ▄ ▀  ███  ███▄▀▄▄ ▄▄▄ ▄▄ ██
█▀█ ▄ █▄█ ███▀ ██▄▄██ ████▄ █▄█ █▄ █ ▄ ▀ ▀▀██▄█▄█ █▄█   ▄▄█
█▀▀▀▄ ▄▄▄▄▀▄███▀ ▄  ▀██     ▄▄  ▄ ▄█▄  █▀█▄▄  ▀█▄▄▄ ▄ █▄▀▄█
██▄  █▀▄▄ █▄  ▀▄█▄▀ ▄█ ▄▀█▀▀▄▄▄▄▀█ ▄▄▄ ▄▄▄▄▄ ▀██▄█▀  █▀▄ ██
█▄ ▄▀█ ▄█▀▀█▀█▀ ██ ▄▀ ▀█▀█▄█▀▀▀▄▀▄▀ ███▀█▄▀█ ▄▀▀  ▀▄█▄ ██ █
█▀█▀▀▄█▄▄▀ ▀ █▄     ▀ ▀▄ ▄▄▄  ▀█▄ ▄▀ ▄██▄▄█▄  █▀█▀▄▄▄  ██ █
█▀▄ ▄█▀▄▀█▀█  ▀▀ ▄█ █ █▄▀▄ ▀ ▄▀ ██ ▄▄▀█▄█  ▀ ▄▄█▀▀ ▀▄█▄▄ ▄█
█▀  ██▄▄ ▄▀ █▄████▄ ▀▀ █▄█ ▄████▄  █▄▄█ ██▀██ ████ █▄█▄▀▄▄█
█▄█▄█▀▀▄▄ ██▄▄  █▀█▄█  █ ▄█ ▀▀▄▄▀     ██▀█▄▄▀███ ▀  ███▄▀ █
██▀███▀▄█▀▄▀ ██▄█▄▄▄ ▄ ██▄ ██▄   ▀▄██▄ █ ▄ █▄▀█▄▄███ █▄▄▄▀█
█ ▀ ▀▀▄▄▀▀▄▀▄▄█▄▀  █▀ ▀▀▀▄ █▀    ▄█ ███▀ ▀ ▀▀▄▄▀  ▀▄ █▀█  █
███████▄█ █▄▄█ ▀█▀ ▄▀▄▄▄▄█  ▄▄▄   █ ▄▄▄▄  ▀█▄  ▀▀ ▄▄▄ ▀ █▄█
█ ▄▄▄▄▄ █▄▀▄▄ ▀▀▄ ▀█ ▀▄▀    █▄█ ▀▀ ▄▄    ▄▀▀ ▀▄█▀ █▄█ ▄▄▄██
█ █   █ █▀▀   █▀█▀ ▄▀ ▄█▀ █▄ ▄  █  █▀▄█▀ ▀▀▄ ▄▀█▄ ▄ ▄ ▀▄  █
█ █▄▄▄█ █▀▀▄ ▄ ▀██▄▄▄▄█ █▀██▄▄█▀██▄█▀▄▄  ▄▀▄▀ ▄▀█ ▀█ ▄▄██▄█
█▄▄▄▄▄▄▄█▄███▄▄▄▄██▄▄▄█▄▄▄▄█▄█▄▄▄▄███▄█▄▄▄████▄████▄▄▄▄█▄██

QR saved: C:\Users\Adeel Mehar\OneDrive\Desktop\Abdulbot-main\Abdulbot-main\whatsapp-qr.png
📱 QR Code generated. Please scan with WhatsApp.
Update C:\Users\Adeel Mehar\OneDrive\Desktop\Abdulbot-main\Abdulbot-main\index.js
🔄 Connecting to WhatsApp...
▄▄▄▄▄▄▄▄▄▄▄▄▄▄▄▄▄▄▄▄▄▄▄▄▄▄▄▄▄▄▄▄▄▄▄▄▄▄▄▄▄▄▄▄▄▄▄▄▄▄▄▄▄▄▄▄▄▄▄
█ ▄▄▄▄▄ █▀█▄  ██▄ ▀█   ▀█▄ ▄▄ █ █▀ ▄█▀▄▄▄█ ▄███▄ ██ ▄▄▄▄▄ █
█ █   █ █▄███▀▄▄█▄▄█▀█▀█▄▄██▀█▄▀▄▄▄  ██▀▀█▀ █▄▀▄ ██ █   █ █
█ █▄▄▄█ █ ▀  ▄▄▄███▀▀█▀ ▀▄  ▄▄▄ ▄█▄▀█ ▀▄▄█▀ ▀▀ ▀▄██ █▄▄▄█ █
█▄▄▄▄▄▄▄█ ▀▄▀▄█▄▀ █▄▀ ▀ ▀▄█ █▄█ ▀▄█▄█ ▀ ▀▄█ █ █ █ █▄▄▄▄▄▄▄█
█ ▄▀▄█▀▄▄█▀██ ▄███▀▄██▄▄▄▄▄▄  ▄▄██ ▄ ▄▄▄▀ ▄▄ ▀ ▄ ██▄▄ ▀▄ ▀█
██▄▀▄ █▄▀██ ▄▀▀█ ▀▀▄▄▄  █ ▀▀ ▀▀▀ ▄▀▀▄▄▄▄▄▀ ▀█ █  ▀▀▀█▄▀██▄█
██▄▀▄█▀▄▄  █ █▄██▀█▄▀█ ▀▄█ ▀  █▀▀ ▄▀   ██ ▄█▄ ▄▀▀█▀█  █▄█ █
█▀▀▀█▄█▄ ▄▄█▄█▀▄ ▄▄▄ ▄ ▄ ▀▄▄▀█▄▄▄▄▀█  ▀▄ ▄ ▀█▄█ █▀ ▄ ▄██ ▀█
███▀▀  ▄█▀█▄ ▄▄▄▄▄▄▄█▀ ▀ █    ▀▄▀▄ ▄▄ █▀ █▀▄█▄▄▄ ▄▄▀ ▀▀▄▀▄█
█▄ ▄ █ ▄█▄▄██▄▀▄▄ ██▀▄██  █▄ █▄▄▄ ▄▀  █▄▄▄▄█▄██▄▄▄▄▀▄▄█▄ ▄█
█▀ ▄▀█▀▄▀▄██ ████ █  █▄▄▄ ▄ ▄▄██ ▀▄▄█ █▄▄ █▄▄▀▀▄▀█ █ ▄ ██▀█
██▀▀█▀ ▄ ▄▀   ▀▀█  █▀ ██▀▀▄█▀▀▄▄  █ ▀▀▀▄██▄█ █  ▄▀▀▀▀  █▄ █
█▀▄█▄█ ▄█▄ ▄ ▄███▀ ▄██▄▄▄██ ▄▄▄█▄▀██▀  ▄▄▄ ▄  ▄▀██ ██▄▀█▄▀█
██▄▀█ ▄▄▄ ▄▀ █▄▀ █▀▀▄▀█▄▀▄▀ ▄▄▄   ▀▄█▄▄█▄█▀▀█▀ ▀▄ ▄▄▄ ▄▄▄██
█ █ ▄ █▄█ ▀▄▄█▄█▄▄▄██▀██▀▄▄ █▄█ █▄ ▄ ▄█▀▄█▀▄█▄▄▄▄ █▄█ ██▄▄█
█▀▄   ▄▄▄▄▄██▀ ▄▀▀▄█▄▄█▀█▄█▄    ▀█▄██ ▀██ ███ ▀██  ▄▄ ▄█  █
███▀▀ ▄▄▀█▄ ██▀█ █▄ ▄▄▄ █▄▀▄ █▄▄▄▀ ▄█ ▀▄  █▄█▀█▄▄▀▄▀ ██▄▄▄█
█▄▄ ▀█▀▄▀▄▀█   █▄████ ▀▀▄█▀▀ █▀▄▀▄▀ ▄▄▀▀▀ █▀▀▄█▄█ ▀  ▀ █▀ █
██▀█▀▀▀▄█▄▀██ ▄▄    ▀ █▄ ▄▄▀  ▀▀ ▄▄ ▄▄▄█ ▄█▄  █▀▀▀▀ █ █▄▄▀█
█ █▀▄ ▄▄▀ ▄▄███  ▄█▄█ ▀▄▀▄ █ ▄▀▄▄█▀██ █▄ ▄▄▄▄ ▀█▄  ▀▀ ██ ▄█
█▀█▀▀▀▀▄▄█▀██   ▄▄▄ ▀▀ ▀▀█ ▄▄█▄ ▄  █▄ ▄▀▄█ ▄█ ▄███  █▄█▄▄▄█
██▀▀▄▄▀▄███▀  ▄▀█ █▄   █▀▀▀ █   █ ▄ ▄  ▀  █▀ ▀  █ ▄▄▄ ▄█▀ █
█ ██ ▀▀▄▀█▄  █ ▄█▄▄▄█▄ ██▄▀▄█▄▄▄█▀ ▄ ▄▄▄▄ ▄█▄███  ▀ ▄█ ▀▀▀█
█ ▀ ▀▀▄▄█▄▀▀ ▄▀ █▀▄ ▄ ▀▄▄█▀█ █▄▄▄▄▄  █  ▀▀█▄▀ ▀▄█ ▄▄ ▄ ▄▀▄█
███████▄█▀ █▀▄▀▄▄▀ ▄ ▄ ▄██  ▄▄▄ ▀▄█  ▄▀▄ ▄▄█  ▄ ▀ ▄▄▄   ▄▀█
█ ▄▄▄▄▄ █▄ █   ▀▀ █  █▀█▀▄▀ █▄█   █▄█ ▄ ▀▄▀█▀▀▄▀█ █▄█  █▄▀█
█ █   █ █▀▄▀▄█▀██▀▄ ▀ ▄█▀ ▄▄ ▄  ▀ ▄██▄█▀▄█▀█▄ ▄▄  ▄▄ ▄ █  █
█ █▄▄▄█ █▀▀ ▄█▄▄██▄▀▄▄▀██▀▀▀ ▄█▀██▄▄  █▄ ▀  ▄█▀▄▄▄ ▄▄ ███▄█
█▄▄▄▄▄▄▄█▄██▄▄█▄▄██▄██▄▄▄█▄█▄█▄▄▄▄███▄▄█▄▄▄█▄███▄████▄▄▄▄██

QR saved: C:\Users\Adeel Mehar\OneDrive\Desktop\Abdulbot-main\Abdulbot-main\whatsapp-qr.png
📱 QR Code generated. Please scan with WhatsApp.
▄▄▄▄▄▄▄▄▄▄▄▄▄▄▄▄▄▄▄▄▄▄▄▄▄▄▄▄▄▄▄▄▄▄▄▄▄▄▄▄▄▄▄▄▄▄▄▄▄▄▄▄▄▄▄
█ ▄▄▄▄▄ █▄▀█  ▄▀ █▀▀ ▀█ ▀▄█▄█▄  ▄▀▀██▄ █▄█▄ ▀██ ▄▄▄▄▄ █
█ █   █ █ ▄ ▄█ ▄█ ▀ █▀▄███▀██▄█▀▀██ ▀  ██▄▀▀▄▀█ █   █ █
█ █▄▄▄█ █▄█▀▀ █▀▀█▀▀ ▄█▀█ ▄▄▄ ██ ▄▄▀█▄█ ▀ ▀ ███ █▄▄▄█ █
█▄▄▄▄▄▄▄█▄█▄▀▄█▄▀▄▀▄█ █ ▀ █▄█ ▀ ▀ █ ▀▄█ ▀▄▀▄█ █▄▄▄▄▄▄▄█
█▄▄ ▄█▀▄▀▄▄█▀▄█▄█  ▀▀▄▄▄▀▄▄▄   ▀▀█▄▄ █▄▄▄▄▀ █▄▄██ ▄▄▀▄█
█ █▄▀▀▄▄█ ▄▀▄▄▀ ▀▄▄   ▀ ▀███▄██ █ █ ▄▀▄█▀  █▀▀▄▄  ██▄▀█
██▀ █ ▀▄▄▄ ███▀█▀█   ▀█▀█▄▄▄▄██▄▀▀ ▄▄ █ ▀██▄▄  █ ▄█▀  █
██ ▀  █▄▀██ ▀█ █▄▄▀▀▄ ▀ █ ▄▄▄▄█  ▀█▄▀▄█▄█▀▄ ▄▄ █▀ ▀██ █
█ █▄▄██▄ ██▄▄▀█▄▄▀█▀ █▄█▀▀▄█  ▀█  ▀ ██▄███▀█▄█▀ ████▄██
██▄  ▄▄▄▀ ▀ █ ▄███▀██ █▀▄█ ▀█▀   ▄▄▄▀▀ ▀▄▀ █▀▀▄▄▄ ▀ █▀█
█ ▀▀▄▄▀▄█▄ ▀ ▄█▀▄▄▄▀ ▄  ▄█▀█▀  ▀█▀████ █▄▄▀▀ █▄██▀ ▄█▀█
█▀▀▀▄  ▄  ▄█▀  ▀▄ ██  ▄██▄▄▄ ▀▀▄ ██ ▄▄██▀▄▀██▀ █▀ █▄▄▀█
█▀▀▄  ▄▄▄ ▄ ▄▀▄  ▀  ▀ █▀  ▄▄▄ █▄ ▀ ▄▄▄▀ ▄▀█▄▀ ▄▄▄ ▀ ▄▄█
███▀▄ █▄█ █▄▀█  █▀▀█▀ ██  █▄█ █▄█▀▀▀ █▀██ ▀▀█ █▄█ ▀▄ ▄█
█▄▀▀▀▄▄▄  █▄▄█▄▄ ▀ ▀▄█▄▀▄    ▄ █  ▀▀████▀█ █▄    ▄▄ █▀█
█ ██▄▀▄▄  ▄▄█ ▀▀ ▄▄ █▄▀▄█▄▀█▀█ ▄  ▀█▀   ▀███▀█ ▀██  ▀██
█▀▀▄▄ ▀▄██▄ █  █ ▄▀█▄▄ ▄  █▀   ▀▀▀█▄▄█▀▄      ▀▄█ ▄  ▄█
█ █▀▄  ▄▀ ▀▄▄▄▀█▄▀██ ▄▀▄▄▄▄█▀ ▄ ▀▄▀▀▀█▀▄ █▀▀▀▀▀█▀▀▄▄▄██
██ ▄▀▄▄▄▀▄█ █▀▄▀▀▄█ ▀ ▀█▀▀ █▄█▀▄▄▀▄█▄ ▀▀ ▀█▄▀▄▄█ █▀▄▄██
█  █▄█ ▄ ▀█▀ ▄█  █  ▀▄█ █ █▀█▄▀▄█ ▄█▀█ ▀ ▀█▀ ▄ ▄▀▄ █▄▄█
█▄▀ ▄▄ ▄ ▀ ▀█▀ █▀█▄██▄▄▀▄▀  ▀ █▄  ▀ ▀▀██ █ █▀ █▀█▄▀█▀▄█
█▄ ▀▄▄▄▄▄▀ █▄  ▄  ▀ █ █▀▀▄▀█▀█ ▀████ ▀▀▀▄█▀█████ █ ▀ ██
████▄██▄█▀  █ ▀▀██▄▀ █ ▄  ▄▄▄    ██▄▄█ ▄▄     ▄▄▄ ▄ █▀█
█ ▄▄▄▄▄ ██ ▄▀  ▄▄██ █▄ █  █▄█ ▄▄▄▀▄█▄ ▄█ ▀ ▀█ █▄█ ▄██▀█
█ █   █ █▀█▀▀▄▀▀██ █▀▀███ ▄ ▄▄▄█ ▀ █▄ █ ▀███▀▄    █▄▀██
█ █▄▄▄█ █  ▄▄███ ▄ ▄ ▄▀█ ▀▀ ▄ ▀█ ▀▀█▀ ▄▄▀█  ██▀▄▄█ █ ██
█▄▄▄▄▄▄▄█▄▄██▄▄█████▄█▄████▄▄██▄█▄▄███▄▄▄██▄▄█▄▄██▄█▄██

QR saved: C:\Users\Adeel Mehar\OneDrive\Desktop\Abdulbot-main\Abdulbot-main\whatsapp-qr.png
📱 QR Code generated. Please scan with WhatsApp.
▄▄▄▄▄▄▄▄▄▄▄▄▄▄▄▄▄▄▄▄▄▄▄▄▄▄▄▄▄▄▄▄▄▄▄▄▄▄▄▄▄▄▄▄▄▄▄▄▄▄▄▄▄▄▄▄▄▄▄
█ ▄▄▄▄▄ █▄█▄▄ █▄█▀▀  █▄▄  ▄██▀  █ ███▄███▄█ █▄ ▄ ██ ▄▄▄▄▄ █
█ █   █ █ ███▄▀███ ▀▄█▄█▀▀ █ █▀ ▀▄  █ ▄▀████▄▄▀▄ ██ █   █ █
█ █▄▄▄█ █▄ █ ▄█▄▀▀▄█ ▀▄▄ █▀ ▄▄▄ █  ▀ █▄▄▀▀▀▀▀█▄▀▄██ █▄▄▄█ █
█▄▄▄▄▄▄▄█▄█ █▄▀▄█▄▀ ▀▄█ ▀▄█ █▄█ ▀ ▀ █ █ ▀ ▀ ▀ ▀ █ █▄▄▄▄▄▄▄█
█▄▄▄▄▀█▄▀▄ ▄▀ ▀███▄▀▀▄   ▀▀▄▄▄   █ ▄▀▀ ▄ ▄ ▀▀▀▄█▀▀▄██ ▄ ▀▄█
█▀█  █▀▄ ████  ▀ █ ██ ▄▄██▄▄▀▄▀ █▄▀██ ▀█▄▀  ▄ ██ ▄▄██▄ ▄ ▄█
██  ▀▀█▄█▄ ▄█ ▄  ▄█▄  █▄██  ▄██▀▄▀▀▄▄▄  ▀▀▄█▀███▄▄▀ ▀█▀ ███
█▀█▄██▄▄▀▀▀  ▀ ▀▄█▄▀ █▀▀▀ ▀█▀▄██▄ ██ ▄▀▀▀▄█▄▄█ ▀▀ ▄ ██▀ ▀▀█
█▄▄ █▄█▄█▄█▀▀█▄▄ ▀▀█ █▀█▀█▀▀▄▄ █▄ ▄▀▀█ █▄█▀█▄▄ ▀ ██▄ ▀▄▀█▄█
█▄██▄ █▄▀▀█ █▄▀▀▄ ██ ▀ ▄▀█▄ ▀ ▀▀█▀▀▄██   █▀▄▀█▀▀▄█  ▄█▀█ ▀█
█▄██ ▄▄▄▄█ ▄██ ██ ▄▀██  ▀█▀ ▀ ▀▀█▀ ▄ ██▄▄  ▀▀██▄▄ ▀▄▄ █   █
█ ▀ ▀█▀▄▀█▄▄ ▄██▀▄▀█ ▄▄▄  █▀▄▀██ ▄ ▄█▄▄█ ▀▀▀▄▀ █████▄▄ ██▄█
█▄▀▄ ▀▀▄ █▀█▄  █ █▄▄█  ▀▄▄▀▀█▀█▄▄▄   ▄ ▀█▀█▄▄▀ ▄█▄▀ ▄▀▀█ ▄█
██▀█  ▄▄▄ ▀▄  ▀   ▄▄▀▀█▄▄█▀ ▄▄▄ ▀ █ ▄▀▀█  █▄  █▄  ▄▄▄ ▀▀█▀█
█ █▄▄ █▄█ ▄█▄█▄ ▄ █▄██▀▀█▄▀ █▄█  ▄  ▀███▄█▀▄  ▀ ▄ █▄█  ▀▀▀█
█▄▀█ ▄▄▄▄▄▀ ▀▄█▀▄▄     ▀▄▄   ▄▄▄▀▀▀ ▄ █  ▀▀ ▀▄██     ▄ █▄▀█
█▀▄ ▀ ▄▄ ▀▀█ █▄██▄ █ █▄▄  █▀▄█▀▀▀▀ ▄ █ ██▄  ▄▀███▄  █▄ ▄▀██
█   ▄██▄▄▀▄▀█ ▄█  ▀▀▄█▀█▄ █▀ █ █▀▀█ ▄▄▀▀▀▄ ▄▀▄▀ ▄ ▄▄ ▄▀▄  █
█▄▀▀▄█▄▄█▀██  █ ██  ▀██▀ ▄████▄  █▀█ ▄▀▀▄▀▄▄ ▀ ▄█▄██▀▄██▄██
█ █ █▄▄▄██▄▀▄ ▄█ ▄ █  ▄▄▄▀▄  ▄▀█▀▄▀█▄███ ▄▄▀▄ █▀▄██▀ ▄▀▀█▄█
█▀ ▄█ ▀▄▀▄ ▄▄▀ ▀  ▀█ █▄██▄▀ ▄ ▄▀█▄▄▀██▄▄ █▀▄▄▄▀   ▄▀▀▀███ █
█▀█▄ █▄▄▀▀▄▀▀ ▀ █▄█▄▄▀█  ▄▀██▀ ▄▀▀█▀▄▄▄▄▀█▀ ▄█████ ██▀██▄▀█
█▀▄▀█  ▄  ▄▀█▀█▄ █▀▀█▄ █▄ █▀█▄██▀▀██▄█ ▄▄▄▀ ██▄███ ███▄▄ ▀█
█ ▀ ▀▀▄▄ ██ ▄█  ██▀▀  ██▀█ █▄▄██  ▀██ ▄█▀▄▀ █▄ ▄█▀  █ ██▀ █
███████▄▄  █   ▀█▄▄▄▄ ████▀ ▄▄▄ ██▄██▄▄  ▀▄▄▄▀▀▄▀ ▄▄▄ ▄▀▀▄█
█ ▄▄▄▄▄ ██ ▀▀██ ▀█▄█ ▀▀▀▀▀█ █▄█ █▀ ▀ ▀█  ▄█▄▄ ▄██ █▄█   ▀▀█
█ █   █ █▀▄▀▄█ █▀█▀█ ▄▄█ ▀█ ▄   ▄  ▀▀▀▄▄▄█ █▄ █   ▄▄▄▄ ▄ ▄█
█ █▄▄▄█ █  ▀███▀  █▄▄▀█▄█▀▄▀▀██▀▄  ▀ ▄▀▀▄▀█▀▀▀█ ▄▄ ▀ █▀▄█▀█
█▄▄▄▄▄▄▄█▄█▄▄██▄▄▄▄███▄▄▄▄███████▄██▄██▄▄▄████▄▄▄█▄███▄▄███

QR saved: C:\Users\Adeel Mehar\OneDrive\Desktop\Abdulbot-main\Abdulbot-main\whatsapp-qr.png
📱 QR Code generated. Please scan with WhatsApp.
▄▄▄▄▄▄▄▄▄▄▄▄▄▄▄▄▄▄▄▄▄▄▄▄▄▄▄▄▄▄▄▄▄▄▄▄▄▄▄▄▄▄▄▄▄▄▄▄▄▄▄▄▄▄▄
█ ▄▄▄▄▄ █▀█▀▄▄▄█▄███ █▀ █ █ ▀▄ ▄ ▄▀█▀▀▄█▀█  ▀██ ▄▄▄▄▄ █
█ █   █ █▀█ ▄▄▀▄▄▀▀▀▄▀█▄█▄ █ ██  █▄▀▀▀▀█▄█▀▀▄▀█ █   █ █
█ █▄▄▄█ █▀ █▄▀▀ ▄▀ ▄▄█ █▄ ▄▄▄ ▄ ▄█▀█▄▀▀▀▄▄  ███ █▄▄▄█ █
█▄▄▄▄▄▄▄█▄▀▄█ █ █▄█ █▄▀ █ █▄█ ▀ ▀ █ ▀▄█ ▀ █▄█▄█▄▄▄▄▄▄▄█
█▄▄ ▄▄▀▄  █▄▀█▄▄▄▀   ▄██▀▄ ▄   ▀▄▀▀▄▀▄ ▄██▀  ▄▄█ ▀▄█ ▀█
████▄▄▄▄ ▀ ▀█▀█▀▄ ██▄▀▄▄   █▀▀██ ▀ ▄█▄▀▄▄█▀ █▀ ▀▀▄▀▄███
█▄█▀  █▄▄ ▀  █▀▀██▄▄ █▀▀▀ ▄▀▄▀▀ ▀█▄▄ ▄█▄██▀ ▄▄▄█▄ ▀▀█▀█
█▄▀▄ ▀▀▄▄█▄▀██▀███▀ █  ▀█▀█▄█▀▀██▀▄▀▀▀▄ ▄  ██▄▀ ▀█ ▄▄▀█
██▀█▀▄▄▄ ▄  █▄▀█▀█▄▄▄▄▀▀ ▄▄▄███▀▄▀█▄   ▄██▀ ▀▄█▄▄▄ ██▀█
█▀▄▄▄█ ▄ ▄█▄▀▄▄▀▀██▀█▄▀▀ ▀ █▀▀▄█▀ ▀██▄ █ ▀█   ▀█ ▄▀▄▀██
█ ▀█ █▀▄▄▄ ███▄▀██▄ ▀▄▀▀▄▄▀█ █  ▄▀▄▄█▄▀███▀ ▀██▄█ ▀▄█▀█
█▄██▀▄▀▄▄█▀▀▄▄▄ ▀▄▄ ▄▀▀▀▄▀ ███▄▀▄▄▄▄███▄▄   ▀ ▀█▄▀▀▄▀██
██▀ ▄ ▄▄▄    █▄▄▄▀▄▄▀▄▀▀▄ ▄▄▄ ▄ ▄▀▄█ ▄▀█▄▀▀ ▀ ▄▄▄  █ ▄█
██▄▀█ █▄█ ▀▀▀▄▀ ▄ ▀▄  ▄▄  █▄█ ▄██   ▀▄▀▄█▀▀ █ █▄█  ▄▀██
██▀  ▄ ▄  ▀▀   ███▀▄ ▄▀██▄▄  ▄▀ ▄▀▄█▄ ▀▄▄▀▀ ▀▄ ▄  ▄█ ██
█▄█▀   ▄▀█ ▄ █▀█▄▄ ▄█ █▄▀  ▀██    █▀█▄  █▀▀▀▀▀▀▀▄▄▀████
█  ▄█▀▀▄▄██▀█▀▀█▀█▀▄█▄▀█ ▀▄█▀▀ ▀▄███▄▄██▀▀▀ ▀  ██▀█ ▀██
█▀▀ ▀▄▀▄█▀▄██▀█▄▀█▄ ▄█▄ █▀ ▄▄███▄█▄▄▀▀▄▄▄▀ █▀ ▄▀ ▄ █▀▀█
██▀ ██▄▄▄▄ ▀██▄██▄▀▄▀▄████ ▀ ▀█ ▄█ █ ▄▀█▄▀▀ ███▀ ▀█  ██
█▀▀█▄▄ ▄  ▄  ▀▄ ▀▄ ▀ ▄▄▀█▀▄█▄███ ▄█▄▀▄█▀█ █  ▄▀▀██▄▄███
█▀█▀▀ ▀▄▄ ██▄▄▄▄▄▀█ ▀█▀██▄▀▀▄▄▀  ▀██▄▄▀█▀▀ ▀█▀ █▄▀▄▄▄ █
█▄ ▀▄▄▄▄▄█ ▄ ▄▄▄▄ █▄█▄▀▀█▀▀▀▄▄█▄▄▀▀█▄█▀█▀█▄ █▀▀█▄▀ █▄██
████▄██▄▄ ▀▄▄ ██▄▄▄ ▀█▀█  ▄▄▄  ▀▀█▄█▄▄▀▄█▀ ▀▀ ▄▄▄ ▀▄▄ █
█ ▄▄▄▄▄ █▄█ ▄█▄█▀▀▄█▀██▀▀ █▄█ ██ ▄▀▀█▀▄ ▀▀█▄█ █▄█  █ ██
█ █   █ █ ▀▀█ ▀█▀█▄▀▀█▀█▀▄▄▄ ▄▀  █▄█▄ ▄▄██▀ ▀  ▄▄ █ ███
█ █▄▄▄█ █ ▀█▄▄  ▀█ █▀▄ ▄ ▄▄ ▄▀ █▀  ▄  ▄▄▀▄▀▀▄█▄▄ ▄▀█▀▄█
█▄▄▄▄▄▄▄█▄██▄▄▄█▄█▄▄▄▄███▄████▄█████▄▄▄███▄█▄▄█▄█▄▄▄███

QR saved: C:\Users\Adeel Mehar\OneDrive\Desktop\Abdulbot-main\Abdulbot-main\whatsapp-qr.png
📱 QR Code generated. Please scan with WhatsApp.
▄▄▄▄▄▄▄▄▄▄▄▄▄▄▄▄▄▄▄▄▄▄▄▄▄▄▄▄▄▄▄▄▄▄▄▄▄▄▄▄▄▄▄▄▄▄▄▄▄▄▄▄▄▄▄▄▄▄▄
█ ▄▄▄▄▄ █ ▄▄▄█ ▀ ▀  ▀ ▄█ ▄▀▄██▄   ▄▀█ ▀ ▄▄ ▄▀▀▀▄ ██ ▄▄▄▄▄ █
█ █   █ █  ▀█  ▄▄ ████▄▀▄█▀██▀▄▀ █▀ ▄█ ██▀▀█▄▄ ▄ ██ █   █ █
█ █▄▄▄█ █▀▀▀█▄▀ ▀█▀▀▀██▀▀   ▄▄▄ ▀▄ ██ ▀ █ █▄██▄▀▄██ █▄▄▄█ █
█▄▄▄▄▄▄▄█▄█ ▀ █▄▀ ▀ ▀ ▀▄▀▄█ █▄█ ▀▄█▄█ █▄█▄█ █▄█▄█ █▄▄▄▄▄▄▄█
█  ▀▀▄ ▄▀▀ ▄██▀ ▄▄▄▄▀▀▄▀ ▀█ ▄▄  ▄ ▄█▀ ▄ ▀█▀ ▀ ▀█ ▀█▀▄█▄ ▄▄█
█▀██ ▄▄▄ ▄▀  ▀▄ █▄▄█▀▀▀█▀▀▀██▄▄ ▀▀▄▄█▄ ▄█▄▀▄  ▀▄▀▀█▄▄█▄▄▀██
█▄█ ▄██▄▄  ▄▀█▀▀ ▄▀ █▀▄▄  ▄  █▀█▄▄▀▄  █  █▀▀▀ █▄ ▀▄▀██▀ ▀ █
█ ▀ ▄█▄▄▀█▄▄▄▀▀█▄▀ ▄▄▀ ▀▀ ▀▄  ▄█▀▀▀█▄▄▀▄▀█▀█ ▀▀▀▀▀██ ▄▀█▄██
█ ▄ ▀▀ ▄▀██▀██▄▄ █ ▄▀▀▄▀▄▀ ▄▄  ▀█▄▄▄ ▄█ ▄█▀▀▀▄▀█▀ █  █ ▀▀▄█
██ ▄▀ █▄▀ █▄██▀██▀▄▀▀ █▄ ▄ ▄██▀▄▄ ▀▀█ ▄ ▀█ ▀████ ▄█  ██▄ ▀█
█▄ ███▀▄▄▄▀█ █▄ ▀▀ ▄▀ ▀▀▀▄██ ▀  █ ▄█▀ █▀▄▀▄▀█▄▀█▄▀▀  ▀█ █▄█
█▀▄▀  ▀▄█▀█▀█▄██▄█▄ ▄█▀█▄ ▀  ▀▄███▄█ █ █ ▄█▄▄▀█▀▀▀▄ ▄▄▀▄▀██
█ ▄ ▀ █▄█▀   ▄ █▀▄ ▄ ▀▄█▀▀▄▄▄▀▀▀▀█▀ ▄ █▀ ▀▀ ▀  ▄ ▀█▀ █▄▀▀▀█
█▄ ██ ▄▄▄ ▄█▄▀▄█▄█▀  ▀▄ █▄▄ ▄▄▄      ▄█▀▀▄▀ ▀▄▄ █ ▄▄▄ ▄█▄██
████▀ █▄█ ████▄█▀▄▄▀█ ▀██▀▄ █▄█ █▄▀▄  ▀▀▄▀▀▀█▄▀█▀ █▄█ ██▄▄█
██▄▀ ▄▄▄▄  ▄▄▄█ ▀▄▄▄▀▄▀▄▀▀ ▄▄▄  ▄▀▄█▀█▄  █▀▄ ▀▄ ▄  ▄  ██▀██
█▄█ ▀▄▄▄▀▀▀██▄ ▀▄▄▄ ▄▀▀▀▀  ▄▀█▀   ▄█  ▄▀ █▀▀█▄▀▄█▄ █▄▄█▀█▄█
███   █▄    ▄▄▄█ ▀████  ▀▄▀ ▄ ▄█ █ █▄▄▀▄  ▄▄█▀ ██▀▄▀▀ █▄█▀█
█  ██▀▀▄▀█▄▄▀▄▀▄▄█▄▄▄▄█▀▄ ▀ ▄██▀▀▄ ▄▄▄ ▀▄█▀ ▀▄▀▄▀█▀  █▄▀▀▄█
█   █▀▀▄████▄▄ ▄▀ █▀▀ ▄ ▀█▄▀▀ ▀█▀▄▀ ▄▀▀▄█▄  █▄█▀▀ ▄▀█▀▄█▄▄█
██  ▀▀▀▄ ▄▀▄▀██▀▀█▄▄▀▀▄█▄▀ ▄▀██▀▄ ▄█▄ █ ▀█▀▀█ ▀██▀█▄ █ █▄▄█
████▄▄▄▄▄▀█▄█▀█▄▄▀▄██▀▀█▀█▀▀ ▀██▀▀▀▄▀▀█▄ ███▀▄ ██▀▄▀▄█▄█▀▀█
█▀ ▄▀▀▀▄▄▀ ▄█▀  ▀█▀ ▀▀▄▄   ▀▀██▄▀▄██  █▀▄█▄ █▄▀▄█▄ ▄▀██▄█▄█
█ ▀ ▀▀▄▄█▀█▄▀█ ▀ ██ ▄█▀▄▄██  ██▀█▀██  ▀▀█▄█ ▄█▀▀▄▀ █▄▀▄████
███████▄█▀▀▀ ▀██▄▄▄▄▀▀▄█▀ █ ▄▄▄ █▄▀█  ▄▀▄█▀ █▄ █▀ ▄▄▄ █▄▄▄█
█ ▄▄▄▄▄ █▀  ▄▀█▀█▀▀▄█ ████▄ █▄█ ██▀ ██▄▀▀▄ ▀█▀█▀  █▄█ ▄█▀██
█ █   █ █▄█  ▄█▀▀▀  ▀  █▀▄█▄   ▄▀ ▄█▄ █▀ █▀ █▄███▄▄ ▄▄▀ ▀ █
█ █▄▄▄█ █▀▀▀▀▀█▄▄███▄█▄ ▄ █▄▀▄▄ ████ ▄▄▀ █ █ ▀█▀▄▀▀▄▀ █▄███
█▄▄▄▄▄▄▄█▄███▄▄█▄▄▄▄█████▄█▄█▄█▄███▄▄▄▄█▄█▄█▄▄▄▄▄█▄█▄████▄█

QR saved: C:\Users\Adeel Mehar\OneDrive\Desktop\Abdulbot-main\Abdulbot-main\whatsapp-qr.png
📱 QR Code generated. Please scan with WhatsApp.
▄▄▄▄▄▄▄▄▄▄▄▄▄▄▄▄▄▄▄▄▄▄▄▄▄▄▄▄▄▄▄▄▄▄▄▄▄▄▄▄▄▄▄▄▄▄▄▄▄▄▄▄▄▄▄▄▄▄▄
█ ▄▄▄▄▄ █ ▄▄ ▄▀▄ ▀▄█ ▄█▄ ▄▀▄▄▀▄▄ ▀▄█▀▀▀ ██▄ █▀▀▄ ██ ▄▄▄▄▄ █
█ █   █ █ ▄▀▄  █▄ █████▀▄█▀█▀▀▄▄▀█▀▄▄▄█▀▀▀ ▀ █ ▄ ██ █   █ █
█ █▄▄▄█ █▀ ██ ▄ ▀██ ▀█▄ ▀   ▄▄▄ █  █▄▀█ ▄▄ ▄ ▄▄▀▄██ █▄▄▄█ █
█▄▄▄▄▄▄▄█▄▀ █▄▀ ▀ ▀ ▀ ▀▄▀▄█ █▄█ ▀▄█▄█ █▄█▄▀ ▀▄█▄█ █▄▄▄▄▄▄▄█
█▄ ▀▀ ▄▄▀██▄▀▄█ ▀▄▄ █▀▄▀  █  ▄  ▄ ▄█▀ ▄▀▄█  █▄ ▄  █▀▄▀▄ ▄ █
█▀▀▀██▄▄  ▄ ▀█▄ █▄▄█▀▀▀█▀█ █▄██ ▀█ ▄▀ █▄▀    ▀▄▄▀█▀█▄█▄▄▄██
█▀█  ▀▀▄ ▀█ ▀▄▀▀▀▄▀ █▀▄▄▀▀▄▀▀█▀█▀ █▄     ▀  ▄▄ ▄▀▀▄▀ ██▄ ▄█
█▄ █ ▀▀▄ ▀ ▄██▀▀█▀▄█▀█▄█▄▄ █  ▄██ ▀██ ▄ ▄▄ ▀██▀▄█▄█ ▄▀██ ▀█
█ ▀   ▄▄▄ ██  █ ▄▄▄▄█ ▀▀▀  █▄   █▄▄█▄ █▀▄▀▀ █ ▀█▀ ▄  ██▄  █
██▄ ▄█▄▄▀█▀█▄█▀█▀▀▄▄▄▄▄▀▄▄▄▄██▀ ███▀▄▄ ▄█▄ ▄▄ █▄█▄ ▄   ▄▄▀█
█▄█ ▄▀▄▄  ▄██▀▄ ▀▀▄ ▀ ▄▀▀▄███▀▀ ▀▄▄█  ▀▀▀▀  ▀▄▀█▄▀▀  ▀█▀▄▄█
█ █▀▄ █▄█▄▀▄▀█  ▄███▄█▀█▄ ▀ ▀ ▀██▄██ █ ▄▄ █▀  █▄▀█ ▄▀▀▄█▀██
█ ▄█▀▄ ▄▄▄ █▄▄ ▀▀█   ▀▀▀  ▄ ▄▀▀ ▀█▀ ▄ █ ▄▀▀ ▀ ▀▄ ▀█ ▄██▀███
█▀ █▀ ▄▄▄ ▄▀ █▄█▀▄▀  ▀▄ ▀▀█ ▄▄▄     ▀█ █▀▄▄▄▀  ▄▀ ▄▄▄ ▄█▄▀█
██▄█▀ █▄█ ▀██ █ ▄▄▄▀▄▀▀█▄▀▄ █▄█ ▀ ▀█  ▄▀▄▀▀▀▀▄██▀ █▄█ ▀▄ ██
█ ▀█▄▄▄▄▄ ██ ███ ▀█  ▄▄ ██  ▄ ▄▄▀█▄█████▄▄█▀█▄▀█  ▄▄ ▄▄▄▄██
██▄ ▀▀▄▄ ▄█▄ ▄  ▀█▄ █  ▀▀ ▀▄▀▄▀ █▄▄█▄▄  ▄█  █  ██▀▄█▄▄ ██ █
█▀ ▀▀▄▀▄██▀ ▀  ▄███▀█▀▄▄█▄▀ ▀▀▄██▄ ▀▄▀▄  █▄▄▄ █ ▀  █▀▀█▄▄██
█▄█ ██ ▄  ▄█▀▀ ▀▄█▄▄▄▄▄▀▄  ▄▄██▄▀▄ ██▄▄ ▄█  ▀▄▀▄▀  ▄ ▄▀▀▀▄█
█▄▄ ▄ ▀▄▄█▀ ▀  █▀ █▀▀ █ ▀██ ▀ █▀▀▄ ▀▀▀▄█ ▀▀█▄▀▄█▀▀▄▀▀ ▄█▄▄█
█▄▀ █ ▀▄  █▄▀ ▀▄ ▄  ▀▀▄▀▄▀ ▄▄▄█▄▄ ▄█▄ █  ▀ ▀█ ▀▄▀█▀ ▀█▄▄▄▄█
█ █ ▄▀ ▄▀█▄ ▀▄██▀▀▄█▄█▀█▀█▀▀▀▄▀█▀██ ██  █ ▄█▄▀▀ ▄▄█▀▀▄▄█▄██
█  █ ▀ ▄ ▀▄ █ █▄▄▄▀ ▀▀▄▄▄▀  ▀██▄█▄▀▄▄▄█▀ █▀▀▀ ▀▄█▀▄▄ ▄█▄▄▄█
█ ▀ ▀▀▄▄ ▀ ▀ █▄▀ ▄▄ ▄▀  ██▄▀▀█▀█▄▀▄██▄▀▄ █▀ ██▀▄▄▄ ▀█▀ ██▀█
███████▄█ ▀█▄▄█ ▀▄▀▄▀▀▄█▀▀▄ ▄▄▄  ▄██ ▄█▀ ▀ ▀█  █▀ ▄▄▄  █▄██
█ ▄▄▄▄▄ █▀▀█▄▀▄ ▀▀▀▀▄▄ █▀▀▄ █▄█  ▀▀█ ██▀█▄▀ ▀▀█ ▀ █▄█ █▄ ▀█
█ █   █ █▄▄█ ▀▀▀▀▀  ▀ ▄▀▀▄▄▄▄  ▄█  █▄ █  █▀  ▄█▄ ▄▄ ▄ ▀▀  █
█ █▄▄▄█ █▀▀▄█▄█▀▄█▄█▄█▀▀▄ ▄█▀▄▄ █▄▄▄▀▄▀█ █▄ ▀▄▀███ █▀▄ ████
█▄▄▄▄▄▄▄█▄██▄███▄█▄▄█▄▄█▄██▄█▄█▄███▄▄▄██▄██▄█▄▄█▄▄▄▄█▄▄██▄█

QR saved: C:\Users\Adeel Mehar\OneDrive\Desktop\Abdulbot-main\Abdulbot-main\whatsapp-qr.png
📱 QR Code generated. Please scan with WhatsApp.
▄▄▄▄▄▄▄▄▄▄▄▄▄▄▄▄▄▄▄▄▄▄▄▄▄▄▄▄▄▄▄▄▄▄▄▄▄▄▄▄▄▄▄▄▄▄▄▄▄▄▄▄▄▄▄
█ ▄▄▄▄▄ █▀    ▄▄█ ▀▀ ▄ █▀▄█▀ ▀█ ██▄▄▄▀   ▀▄ ▀██ ▄▄▄▄▄ █
█ █   █ █▄██▀▄█▄█ ▄█ ▀▄█  ▄█▀█ ▄▄██ ▄████▄▄▀▄▀█ █   █ █
█ █▄▄▄█ █ ▀▄█ ▄██▀  ▀ ▀█▄ ▄▄▄ ▄▄▀  █▄█▄▄█▄  ███ █▄▄▄█ █
█▄▄▄▄▄▄▄█ ▀ ▀▄█ █ ▀▄█▄▀▄▀ █▄█ ▀ █ █ ▀ █▄▀▄█ █▄█▄▄▄▄▄▄▄█
█  ▀▄▀▀▄ ▀▄█▄▀ ▄█ █▄▄▄▄▄▄     █▄ ███ ▄▄▄▄▄▄██▄▀▄  ▀▄▄▀█
█▄  ███▄███▄██ ▄█ █▀▀▄█▄ ▄▄  ▀▄▀█▄▀██ █ ▄█ █▀█   ▀▄▀ ██
█  █ █▀▄▄▀▀  █▀ ▄    ▄ ▄█▄█ █▄█▄▀▄█▀▄ ██▄ █▄▄██  ▄▀▄█▄█
█ ███  ▄ ██  ▀██▄▄▄▄▀ ▀  █▀▄▀▄ █▀▀█ ▄▀ ▄▀▀▀█▀▄▄█ █▄██ █
█▀▄   ▀▄█▀▀ █ ▄  █▄ ▀▀ ▀  ██▄█▀█▀▄█▄  ▄  █ ▄▄ ▀█  █▀▄▀█
█▀▄██▀█▄ █▄ █ ▄   ▀███ ▄▄█▄█ ▄▀▀▀ ▀ ▀▀▀█ █▀▄ ▄ ▀▄ ▀█▀ █
█ ▄ ▄▄▄▄ ▄▀    ▀▄▄▀▄█▄  ▀ ▄▄█ █▄ ▀██  ██▄▄▄▄██▄█ ▄▀▄▄ █
█  ▀█▄▀▄█▄ ▀▄▄▀█ ▄▄▄▀▄ ▀▄██ █▀ ██▀█ █▀▄█▀   ▄█▄█ ▀█▀ ██
█▀▀▀█ ▄▄▄ ▀█▄▀▄██▄  ▀█ ▄  ▄▄▄ ▄█  █▀▄▄▀█  █▄▀ ▄▄▄  ▄███
██▄▀▄ █▄█ ▄ ▄ █ █▀▄ ▄ ███ █▄█  ▀▀ ▀ █▀█▄▄ █▄  █▄█ ▄▄ ▄█
█  ▀▀▄▄▄▄ ▀▀ ██ ▄█▀ █▀ ██  ▄  ▀▄▀▄██▄▄▄▀█▀▀▄  ▄▄ ▄▀▄▀██
█ █▀▀ ▀▄▄▀▀▀ █▀▄█▀▄ █▀▄▀█▄█▄▄   ▄█▄ ▀  █▄▄▀█▀  ▄█▄▀▄▄ █
█▄▄▄▄ ▄▄ █▄  ███ ▄▄ ▀▄ ▄██▄█  ▄█▄██▄█ ▀▄▀▄█▄█ ▀▄ █▀▀ ▄█
█▄▀█ ▄▀▄ ▄▀▀██ ▀ █▄▄▀ █ ▀▀█▀▀▄█▀  ██ ▄▀▀█  ▀▄██▀  █  ▀█
█ ▄▄██▄▄ ▄▀  ▀▄▄▄▀█ ▀█▄ ▀▀  ▀▀▀▄▄▄▀ ▄ ▀▄█▄█▄▀  ▄███▀▀ █
███▄█▄ ▄▄▀█▀ █   ███▄▄█  ██▄█▄▄▀▄▄▄▀▄ ▀▀▄█ ▄█▄ ▄█ ▄▄▄▄█
██ ▄  ▀▄▀█▄█▄ ▀▀█▀█▄▄  █▀▀▀ █▄█▄▀▄██▄ █ ▄█▀▄ ▄▀█▄█  █ █
█▄ ▀▄▄▄▄▄▄ █▄  ▀██▀ ██ ▄█▄▀ █▀ ▀█▀ ▀▀  █▀ ▀█▀    █ ▄█ █
████▄██▄▄▀  ▄▄▀ ██▀▄██ ▄█ ▄▄▄ █████▄▀ █▄▄ ██▀ ▄▄▄ █ █▀█
█ ▄▄▄▄▄ █▄▄ ▄▄▀  ▀▄▀▄ ▄▀▀ █▄█ ██▀█ █▀█▀▀ ▀▀ ▄ █▄█ ▄▀▀██
█ █   █ █▀ ▄▀▄▀▄   █▀▄  █ ▄▄▄▄▄▄ ▄▄▀▄▄▀█▄▄██▀ ▄  ▄█ ▄ █
█ █▄▄▄█ █▀█▀▀ ██ ▄█▀█▄▀█▀▄  █ █ █  ██▄ █▀█▄▄ █▄▄▀ ██ ██
█▄▄▄▄▄▄▄█▄████████▄▄██▄█▄▄█▄▄█▄█▄▄▄█▄▄█▄▄█▄███▄▄▄▄██▄██

QR saved: C:\Users\Adeel Mehar\OneDrive\Desktop\Abdulbot-main\Abdulbot-main\whatsapp-qr.png
📱 QR Code generated. Please scan with WhatsApp.
▄▄▄▄▄▄▄▄▄▄▄▄▄▄▄▄▄▄▄▄▄▄▄▄▄▄▄▄▄▄▄▄▄▄▄▄▄▄▄▄▄▄▄▄▄▄▄▄▄▄▄▄▄▄▄▄▄▄▄
█ ▄▄▄▄▄ █▀ ▀ ▀▄█ ▄███ ▀▀  ▄ ▀  ▄█▄▄    ▄▀▄▄▄ ██▄ ██ ▄▄▄▄▄ █
█ █   █ █▄▀█▀▀▄▄█▄█▄▀████▄██▄█▄ ▄█ ▄▄▄▄█▄▄▀▄▄█▀▄ ██ █   █ █
█ █▄▄▄█ █ ▀██▀▀ ██▀█▀█▀▀▀▄  ▄▄▄ ▀▀▄█▀ ▀ ▀▀█ ██ ▀▄██ █▄▄▄█ █
█▄▄▄▄▄▄▄█ █ █▄█▄▀ ▀ ▀ ▀▄▀▄█ █▄█ ▀▄█▄█ █▄█▄█ █▄█▄█ █▄▄▄▄▄▄▄█
█▄ █▄▀▀▄▄▀▄▀ ▀ █ █▀  ▄  ██ ▄ ▄▄▄██ ▄▄▄███▄▄▄ ██▄▄██▄▄ ▀▄▄▀█
█   ▀▀▀▄▄█▀█▄█▀█▄▀▀▄▄▄  ▄ ▄▀ █▀▀▄▄██ ██▀▄▀▄███▄███  █ ▀█▄ █
█  █▄ ▀▄█ ▄██▀▄█▄▀█▄ █ ▀▄▄ ▄▄▄█▀▀ ▀▀▄▄▀▄▄ ▀▄▄▄▄ █▄▀█▄ █▄▄▄█
█▄██ ▀▄▄█▄█ ▄ ████▄▀ ▀▀█▀▀█▄▀▄  █▀ ▀▄▀ ▄▄▀▀█▄▀▀█ █▀█ ▀█▄ ██
███ ▄▀ ▄▀█▀▀█▀▄▄▄▄▄▄█▀█▀ ▄ ▄   ▄█▄ █  █▀██ ▄ ▄▀▄▀▄█ ▄█▀▄▀ █
█   ▀  ▄▀▀▄▄▄▄▀▄▀▄█ ▀▄▄▄▄▄ █▄█▀█▄▀ ▀ ▄█ ▄ ▀ █▀▄█▀██▀▀█▄█ ▄█
███ ▀▀▄▄█▀█▄█ ███ █  ██ ▄ ▄ ▄ █▄▄█ ▄▀ ▄▄ ▄▀█▄▀█▄▀██▄▄  ▄█ █
█ ▀▄▀▀▄▄▄ ▄█ ▀███ ▀▀▀   ▀▀▄█▀▄▀▄ ▀█ ▄▄█ ▀  █ ▄▄▄▄   ▀█▄█▄ █
█▄▀▄█▀█▄▄  ▀▀▀ ▀█▀▄ ██  ███▄ ▄██▄▀██ ▄ █▄▄█▄▄▄▄▀ █ █ ▄ █▄██
██▄█▄ ▄▄▄ █▀▄█▀ █▀▀▀▄▀█▄██  ▄▄▄ ▄ ▀  ███  ▀██▄▀ █ ▄▄▄ ▄▄ ██
█▀█▀▄ █▄█  ▀█▀█▀█▄▄██ ████▄ █▄█ █▄▄█ ▄▄  ▀ ▄█▄██▄ █▄█ ██▄▄█
█ ▀▄ ▄▄▄ ▄▀▄███▀ ▄█▄▀█▀▄  ▀▄▄▄  ▄ ▄▄▄ █▄████▄▄  ▄ ▄   ▄▄▀▄█
█  ▄▄█▀▄███▄  ▀▄██▄ ▄█ ▄█▄▀▀ █▄▄▀█ ▄▄▄▄█ ▄▀▄ █ █ ▄▀ ██ ▄ ▀█
█▄█ ▀█ ▄ ▄▀█▀█▀  ▀ ▄█ ▀██ ▄██▄▀▄▀▄▀ ▀▀█▀▄▀ █▄▄  ▀ ▀▄▄▀ █▀▄█
█▀▀▀▀▄█▄▄▀ ▀  ▄     ▀ ▀▄ ▄▄▄  ▄█  ▄▀  ██  █▄▄▄█▀█▀▄▄▄  █▄▀█
█▀▄ ▄█▀▄▀█▀▄█▄█  ▄█ █ █▄▀▄ ▀ ▄▄ ██ ▄▄▀█▄█  ▀ ▄▄█▀▀ ▀▄█▄▄ ▄█
█▀  █ ▀▄ ▄██▀▀████▄ ▀▀ █▄█ ▄████▄  █▄▄█ ██▀██ ████▄█▄█ ▀▄▄█
█▄█▄█ ▄▄▄ ▀▀█▀▄ █▀█▄█  █ ▄█ ▀▀▄▄▀  ▄  ▀█▀█▄ ▀█▀▀  ▀ ████▀ █
██▀  ██▄▀▄▀▀ ██▀█▄▄▄ ▄ ██▄ ▄█▄   ▀▄▄█▄██ ▄ ▄▄▀██ ▄█▀ █▄█▄▀█
█ ▀ ▀▀▄▄▀▄▄▀▄▄█▄▀  ▄▀ █ ▀▄▀▀▀    ▄▄▀▀▀█▀▄▀▄▀█ ▀▄ ▀█  ▀▀▄  █
███████▄▄▀█▄▄█ ▀█▀   ▄▄▄█▄  ▄▄▄   █ ▀  █▄▄█▄▄▄█▀▀ ▄▄▄ ▀ █▄█
█ ▄▄▄▄▄ █▄▀▄▄ ▀▀▀▀▀█ ▄▄▀▀█  █▄█ █▀ ▄ ▀ ▀█  ▀ █▄█▀ █▄█ ▄▄▄██
█ █   █ █▀▀  ▀█▀█▀ ▄▀ ▄█▀ █▄▄   ▀▄ █▄ █▀██▀▄▀ ▀██ ▄  ▄▀▄▀ █
█ █▄▄▄█ █▀▀ █   ██▄▄▄▄█ █▀███▄█▀▄▄▄█▀█▄ ▀▄▀▄  ▄▀█ ▀█ ▄▄██▄█
█▄▄▄▄▄▄▄█▄▄▄▄███▄██▄▄▄█▄▄▄▄██▄▄▄▄▄███▄█▄▄▄████▄████▄█▄▄█▄██

QR saved: C:\Users\Adeel Mehar\OneDrive\Desktop\Abdulbot-main\Abdulbot-main\whatsapp-qr.png
📱 QR Code generated. Please scan with WhatsApp.
▄▄▄▄▄▄▄▄▄▄▄▄▄▄▄▄▄▄▄▄▄▄▄▄▄▄▄▄▄▄▄▄▄▄▄▄▄▄▄▄▄▄▄▄▄▄▄▄▄▄▄▄▄▄▄▄▄▄▄
█ ▄▄▄▄▄ █▄█▄▄ ▄▄ █ ▀▀▀▄▄▀ ▄██▀  █ ▀▀▀ ▄▀▄▄  ▀  ▄ ██ ▄▄▄▄▄ █
█ █   █ █ ███ ▀███ ▀██▄█ ▀ █ █▀ ▀▄  ▀ ▄▀████ ▄▀▄ ██ █   █ █
█ █▄▄▄█ █▄▄█ ██▄▀▀▄█ ▀▄▄ █▀ ▄▄▄ ▀█ ▀ ▄▄▄▄▄▀▀▀ ▄▀▄██ █▄▄▄█ █
█▄▄▄▄▄▄▄█▄▀ ▀ ▀▄█▄▀ ▀▄█ ▀▄█ █▄█ ▀ ▀ █ █ ▀ ▀ ▀ ▀ █ █▄▄▄▄▄▄▄█
█▄▄▄▄▀▀▄█  ▄▄ ▀███▄▀▀▄   ▀█ ▄▄   █ ▄▀▀ ▄ ▄ ▀▀▀▄█▀▀ █▀▄▄ ▀▄█
█▀█  ▄ ▄█  █▄█ ▀ █ ██ ▄▄███▄█▄▀ █▄███ ██▄▀ ▄▄ ██▄ █▄ █ ▄ ▄█
██  █▀█▄▀█▀▀█ ▄  ▄█▄  █▄██▀ ▀██▀▄▀▀█▄▄▀ ▀▀█▄▀█ ██▄▀ ▀██▄███
█ ▄███▄▄▀ ▀  ▀ ▀▄█▀  ██▀▀ ▀█ ▄██▄ █▄ ▄  ▀▄█▀ ▀▄   ▄ ▄▄ ▀▀▀█
██ ▀ ▄█▄█▄█▀▀█▄▄▀ █▀▄▄▄▀ █▀▀▄▄▀█▄ ▄  █▄▄▄█▀█▀  ▀ ██▄ ▀▄▀█▄█
█▀▀ █ ▀▄▀▀█ █▄▀▀  ██▀█ ▄ █▄ ▀ ▀ ▀█▀▄▄ ▀▀▄█ ▄▀█  ▄█▄▄▄█▀█▄▀█
██▀█ █▀▄▄█ ▄▄  ██ ▄▀██  ▀█▀ ▀ ▀▀▀▀ ▄▀██▄▄  ▀ ▀█▄▄ ▀█▄ █  ▀█
█ ▀ ▀ ▄▄▀█▀ ▄  ▄▀▄▀█ ▄▄▄  █▀▄▀██ █ ▄▄█▄█ ▀▀▀█  ███▀▀ ▄ ██▄█
█▄▀▄   ▄  █▄▀██▀ █▄▄█  ▀▄▄▀██▀█▄▄▄   ▄ ▀█▀█▄▄▀ ▄██  ██▀█ ▄█
██▀█  ▄▄▄ ▀▀█  █  ▄▄▀▀█▄▄██ ▄▄▄ ▀ █ ▄▀█▀  ▀▄  █▄█ ▄▄▄ ▀▀█▀█
█ █▀  █▄█  ▀▄██▄▄ █▄██▀▀█▄█ █▄█  ▄▄ ▀█▄▄▄█▀█  ▀ █ █▄█  █▀▀█
█ █▄▄▄▄▄▄▄▀ ▀▄█▀▄▄    ██▄▄▀▄ ▄▄▄▀▀▀  ▄██▄██▄▀ ██▀ ▄▄▄ ▀▄▄▀█
█▀▄▄▄ ▄▄ █▀█ █▄███▀█ █▄▄ ▀█▀██▀▀▀▀ ▄▄▀▀▄▄ ▄ ▀███▀▀   █ ▄▀▀█
█▄▄█ ██▄▀▀▄▀█ ▄█ █▀▀▄▀▀█▀██▀▀  █▀▀█ ▄▀  ▀▀ ▄ ▄  █ ▄▄ ▀▀▄▄ █
█  ▀▄█▄▄█▀███▄█ ██  ▀██▀ ▄████  ▀▀▀█ ▄▀▀█▀▄▄▄█ ▄█▄██▀▄██▄██
█ █ █▄▄▄██ █▀▄ ▄ ▄ █  ▄▄▄▀▄  ▄ ▀▀█▀█▄▄██▀█▄▀█▀█▀▄██▀ ▄▀▀█▄█
█▀ ▄█ ▄▄▀▄ ▀▀ █▄  ▀█ █▄██▄▀ ▄ ▄▀█▄▄▀██▄▄ █▀▄▄▄▀   ▄█▀▀▀▀█ █
█▀█▄ ▀▀▄▀▀ ▀█▀█▄█▄█▄▄▀█  ▄███▀ ▄▀▀██▄▄ ▄▀██▄▄█████ ▀█▀▄█▄▀█
█▀▄▄█  ▄▄ ▀ █▀█▀ █▀▀█▄ █▄ █ █▄██▀▀▄▄▄█ █▄▄▀▀███▄▀▀▀▀ ██▀ ▀█
█ ▀ ▀▀▄▄▀▀█ ▄█  ██ █  ██▀█ █▄▄██  ▀█▀▄▀▄▀▄  █▄█  ▀ ▄ █▀█▀ █
███████▄█▀ █   ▀ ▄▀ █ ▀██▄▀ ▄▄▄ ██▄█    ▀▀▄█ █ ██ ▄▄▄ █ ▀ █
█ ▄▄▄▄▄ ██ ▀▀██ ▄▀▄█▄▄▀▀▄▄█ █▄█ ▀▀ ▀█▄▄▀▀▄██ ▀███ █▄█   ▀██
█ █   █ █▀▄▀   █▀█▀█ ▄▄█ ▀█ ▄▄  █  ▀██▄▄▄█ █▄ █   ▄▄ ▄ ▄▀██
█ █▄▄▄█ █  ▀▄▀▀█  █▄▄▀█▄█▀▄▀█▀█▀█▀ ▀ ▄▀▀▄▀█▀ ▀█ ▄▄ ▀▀▀▀▄█▀█
█▄▄▄▄▄▄▄█▄██▄█▄█▄▄▄███▄▄▄▄███▄███▄██▄██▄▄▄████▄▄▄█▄██▄▄▄███

QR saved: C:\Users\Adeel Mehar\OneDrive\Desktop\Abdulbot-main\Abdulbot-main\whatsapp-qr.png
📱 QR Code generated. Please scan with WhatsApp.
▄▄▄▄▄▄▄▄▄▄▄▄▄▄▄▄▄▄▄▄▄▄▄▄▄▄▄▄▄▄▄▄▄▄▄▄▄▄▄▄▄▄▄▄▄▄▄▄▄▄▄▄▄▄▄▄▄▄▄
█ ▄▄▄▄▄ █▀▄▀▄▄▄▄▄█▄▀█▀▀█ ▄ ███▀▄█ ▄▀▄ █▀ █▄ █▄▄▄ ██ ▄▄▄▄▄ █
█ █   █ █▀▄▄▄█ ▄▄▄▀▀█▄ ▄ ▀▀█ ▄▀█ ██▀▀▀▀▀█▄▄▄▀█ ▄ ██ █   █ █
█ █▄▄▄█ █▀▄▄▀▀▀▀▄███▄   ▀ █ ▄▄▄  ██▀ ▀▄▀▄▄▀▄▀▄▀▀▄██ █▄▄▄█ █
█▄▄▄▄▄▄▄█▄█ ▀ █▄▀▄▀ ▀ ▀▄█ █ █▄█ ▀▄█ ▀▄▀ ▀ ▀▄█ █▄▀▄█▄▄▄▄▄▄▄█
█▄  ▄▄▀▄  ▄▄▄  █▄▄▄ ▀███▀  ▄    ▀█▀██  ▄ ▀▀ ▄▀▀█▀  █ ▀▄▀▄▀█
█▀▀▄█▀█▄▄▀█▀▄▀▄ ▀▀▀ ▀▀▀ █▄ ▄█▀▀██▀ ▀▄ ███▀▄█ █ ▄█▀█▄▄ ▀▀ ▀█
█▀▄ ▄ █▄▀▄ █▄▀▄▄▄▄▀ ▀▄▀▄ ▀▀ ▀▀▀█▀▀▄▄▄▄ █▄█ ▀▄▀█▄▄▀▀▄███▄█▀█
█▄▄▄▀█ ▄███▄▀▀█▄▀█▀▄▄▄▀▀██ ▄▀██  ▄▄▄▀ ▀ █▀██▀  ▀▀ ▄▄ █▄ ▄▀█
█▄▄▄▀  ▄ ▄▄▄  ▀▀▀▄▄▄▀█▀▀▀▀██▀ ▀▀▄▀ █ ▄ ▄▀█ ▀▀▀▀█  ▀▄▀▀ ▀▄▀█
██▄█▀ ▄▄███ ▀ ▀█▀▄▀▀▄ ▄ █▄██▀ ▀  ██▄ ██▄▀█  ▀ █   ▄▄█▀▀  ██
█▀▀▄  ▀▄█▄▄▄ █▀█▄▀ ▄▄███▀▄  ██ ▀▄███ ▄▀▄██  ▀▀ █▄▀ ▄▀██▀ ▀█
█▀▄▄▄▀▀▄█████▄█▄▄  ▀▄█▄█▀█▀  ▀▄ █▄▄  ▄▄▀▄▄▄▀▄▀▀ ▄███▄▄ ▀▀██
██▄▄█▄█▄▄ ▄  ▀█ ▄▄▄ █▄█▀ ▀███▀ ▀▄ ▄ █▄ ██▀▄  ▀█▄▀  ▄███▀▄ █
█▀ ▀▄ ▄▄▄ █ █▀▀█▀▄▄█ ▀▄█▄ ▀ ▄▄▄ ▄  ▀  ▄▀█▄ █▀▀█▄  ▄▄▄ ▀  ██
█▄ █  █▄█ █ ▄▀█▀█▄▄▀ ▄▄█▀ ▀ █▄█  ▀▀▄  ▀███ ▀ ▀██▄ █▄█ █ ▀▀█
█ ▀▀ ▄▄▄ ▄█ ▀█ █ ▄▀█▄█▄▀▀ █▄ ▄▄▄▀▄█ █ █▀ ██ █▀ █▀▄▄▄▄ ▀  ▀█
█▀▄ ▀▀▀▄▄ █▀ ▀██▄▄  ▀▄▄▀▄▀█▄█▄▀  ▀▀█  █▄█▀▀ ▄▀▀▄█▄ ▀▀▄▀ ▄ █
██▄▀ █▀▄█▀ █ ▄█ █▄█▀ ▀ ▀▀ ▄▄▀▄▀  █    ▄▄▄▀█▄███▄█▄▄█ ▄ ▀ ██
█▀█▄ ▄█▄██  ▄▄▄█▀█▄▄▀▀▄▀▄ ▄ ▀█▀  ███▄▄▄▄▀█▀  █▄▄██▀▀▄█▀ █▀█
█▄▀▀█▀▀▄█  ██ ▀▄▀█  ▀  █▄ ▄█▀█▄▄ ▄ ▄ █▀▄▀█▀    ▄▀▄▄▀ ▀ ▀▄▄█
██ ▄ ▄▀▄▀ ▀▄▄▀ ██▄▄▄▄▄▀▀▀▀█▀██▄▄▀█▀█▄▄▀▄██   ████▀█▄▄▄▀ ▀▀█
█▀▀ █ ▀▄█▄▄▀▀██ ▄█▀  ▀▀ ███▀▄█▄▄█▀▀█ ▄  ▀█▀█  ███▄▀▀██▄ ▀▀█
█▄▀▄███▄▄█ ██▀▄▀▄█▀ ▀▄▀▄  ▄█▄█▀ ▀▀▄██ █▄█▀ ▀ █ ▄█▀▄█▄▄▄██▀█
█ ▀ ▀▀▄▄▀▀ ▀  ▄█▄▀▄ ▀█▄█▄▀▄▄▀█▄ ▀▀█▀ █ ▄ █▀▄ █▀ ██ █▀█  ▄▀█
███████▄▄▀▀ █ ▀█▄█▄ ▀▄▀▀▀   ▄▄▄ ▀█▄█   ▄██ ▀ ████ ▄▄▄ ▄█▄▄█
█ ▄▄▄▄▄ █▄▀▄█▄▄▀ ▄ ▄▀▀ ▄ ▀█ █▄█ ▄▄▄█▄█▀▀█▀█ ▄▀█▀█ █▄█ █▀ ██
█ █   █ █ █▀█ ▄ ▄▀▄▄▄███▀▄▀ ▄▄ ▄ ███▄▄ ▄█▀▀▀▄██▄▀▄     ▀███
█ █▄▄▄█ █ ▀█▀█▄ ▄  █▄█  ▀█▀ █▀▀██▄█▀▄▄██▀▄▄▄▄█ ▀   ███▀▀███
█▄▄▄▄▄▄▄█▄████▄██▄▄▄██████▄████▄▄▄▄▄▄▄▄█████▄█▄▄████▄██▄▄██

QR saved: C:\Users\Adeel Mehar\OneDrive\Desktop\Abdulbot-main\Abdulbot-main\whatsapp-qr.png
📱 QR Code generated. Please scan with WhatsApp.
▄▄▄▄▄▄▄▄▄▄▄▄▄▄▄▄▄▄▄▄▄▄▄▄▄▄▄▄▄▄▄▄▄▄▄▄▄▄▄▄▄▄▄▄▄▄▄▄▄▄▄▄▄▄▄
█ ▄▄▄▄▄ █▀█▀▄▄▄█▄███ █▀ █ █ ▄▄▄ █▀▀█ ▀ █▄▀  ▀██ ▄▄▄▄▄ █
█ █   █ █▀ ▄ ▄▀▄▄▀▀▀▄▀█▄█▄ ████  █▄▀▀▀▀█▄█▀▀▄▀█ █   █ █
█ █▄▄▄█ █▀ ▄▀▄▀ ▄▀ ▄▄█ █▄ ▄▄▄ ▄ ▄█▀█▄▀▀▀▄▄  ███ █▄▄▄█ █
█▄▄▄▄▄▄▄█▄▀▄▀▄█ █▄█ █▄▀ █ █▄█ ▀ ▀ ▀▄█ ▀▄▀▄█ █▄█▄▄▄▄▄▄▄█
█▄▄ ▄ █▄▄▄█▄▀█▄▄▄▀   ▄██▀▄▄      ▀▀█  ▀▄██▀▀▀█▄█▄▀▄█▄██
█▄▄█▄▄▄▄ ▀  █▀█▀▄ ██▄▀▄▄  ▀█▀▀██▀▀ ▄█▄▀▄▄▄▀ █▄▀ ▀▄▀▄▀▀█
█▄██▄ █▄▄ █ █▄▀▀██▄▄ █▀▀▀ █▀ █▀ ▀█▄▄ ▄█▄██▀ ▄▄▄█▄ ▀██ █
█▄▀▄ ▀▀▄▄▀▄▀ ▀▀███▀ █  ▀█▀█▄█▀▀▀▀▀ ▀▀▀  ▄  ██▄▀▄▀███▄▀█
██▀█▀▄▄▄▄█  █▄▀█▀█▄▄▄▄▀▀ ▄▄▄██▀ ▄██▄▄ █▄▄█  ▄▄██▄▄ ▄▀██
█ ▀▄▄▄▀▄ █▄▀▀▄▄▀▀██▀█▄▀▀ ▀▀▄▀▀██  ▀▄▄█▀▄  ▄▀█▀▀▄ ▄▀▄█▀█
█ ▀ ██▀▄▄▄█  █▄▀██▄ ▀▄▀▀▄▄ █▄█  ▄▀▄▄█▄▀███▀ ▀██▄█ █ ▄▀█
█▄██▄ █▄▄▀▀▀█▄▄ ▀▄▄ ▄▀▀▀▄▀ ██▀ █▄▄ ▄█▀█ ▄ ▄▄▀ ▀▀ █▀█▀██
██▀ ▄ ▄▄▄    █▄▄▄▀▄▄▀▄▀▀▄ ▄▄▄   ▄█▄█▄ ▄▄ █▀ █ ▄▄▄ ▀▄▄ █
██ ▀█ █▄█  ▀▀▄▀ ▄ ▀▄  ▄▄  █▄█ ▄▄▄▀▀▀▀█ ▄▄ ▀ ▄ █▄█  ▄▀██
██ ▄  ▄▄▄ ▀  ▄ ███▀▄ ▄▀██▄▄ ▄ ▀ ▄▀▄█▄ ▀▄▄▀▀ █  ▄▄  ▀ ██
█▄█▄▄█ ▄ █ ▄▄ ▀█▄▄ ▄█ █▄▀ ▄███  ▄▄▀▀█▄ ▄██▀▀▀▀▀▀▄▄▀████
█  ▄█▀▀▄▄██▀█▀▀█▀█▀▄█▄▀█ ▀▀▀▀▀  ▄█▄▄▄▄▀▄▀█▀ ▀  ██▀█ ▀██
█▄▄ ▀▄▀▄█▀ ▄█▀█▄▀█▄ ▄█▄ ▀█ ▄▄▄█▄█▄▄▄ ▀███▀▀█▀▀▄▀ ▄ █▀▀█
█ ▀▀█▀▀▄▀▀▄▄  ▄██▄▀▄▀▄████ ▀▀██ ▄█ █ ▄▀█▄▀▀ ▀▄▄▀▀ ▀▄ ██
█▀▀▄ ▀█▄█ ▄  ▄▄ ▀▄ ▀ ▄▄▀█▀▄█▄███  █ █▄▀▀▀ █  ▄▀█▀▄▀▄███
█▀█▀▀ ▀▄▄ ██▄▄▄▄▄▀█ ▀█▀█▀▄▄█▄▄   ██▄  ▄▄██▀▀█▀ █▄▀██▄ █
█▄ ▀▄▄▄▄▄██▀ ▄█▄▄ █▄█▄▀▀▀▀▀▀▄▄▄▄▄▀▀▄█▄ ▄ ▄█ ▀▀▀█▄▀ █▄██
████▄██▄▄   ▄██ ▄▄▄ ▀█▀█  ▄▄▄  ▀▀█▄█▄▄▀▄█▀ ▀█ ▄▄▄ █ ▄ █
█ ▄▄▄▄▄ █▄█ ▄▄▄█▀▀▄█▀██▀▀ █▄█ ██ ▄▀███▄▄█▀█▄█ █▄█  █ ██
█ █   █ █ ▀▀█ ▀█▀█▄▀▀█▀█▀▄▄▄ ▄▀ ▄█▄▄ ▄▀▄ █▀    ▄▄ █▀███
█ █▄▄▄█ █ ██▄▄▀▄▀█ █▀▄ ▄▄ ▄ ▄  ▄▀▀▀▄ ▀█▄▀█▀▀▄██▄ ▄▀█▀▄█
█▄▄▄▄▄▄▄█▄▄███▄█▄█▄▄▄▄██▄▄▄▄██▄█████▄▄▄███▄█▄▄█▄█▄▄▄███

QR saved: C:\Users\Adeel Mehar\OneDrive\Desktop\Abdulbot-main\Abdulbot-main\whatsapp-qr.png
📱 QR Code generated. Please scan with WhatsApp.
▄▄▄▄▄▄▄▄▄▄▄▄▄▄▄▄▄▄▄▄▄▄▄▄▄▄▄▄▄▄▄▄▄▄▄▄▄▄▄▄▄▄▄▄▄▄▄▄▄▄▄▄▄▄▄▄▄▄▄
█ ▄▄▄▄▄ █ ▄▄▄█ ▀▄█ ▀  ▄█▄ ▀▄██▄    █▀ ▄▄ ▀▀▄██▀▄ ██ ▄▄▄▄▄ █
█ █   █ █  ▀▀  ▄▄ ███▄▄▀▄▄▀██▀▄▀▀█▀ █▄ █▄▀▀█ █ ▄ ██ █   █ █
█ █▄▄▄█ █▀█▀▄ ▀ ▀█▀▀▀██▀▀   ▄▄▄ ▀  █▀▄▀ █▄█▄▄▄▄▀▄██ █▄▄▄█ █
█▄▄▄▄▄▄▄█▄█ ▀ █▄▀ ▀ ▀ ▀▄▀▄█ █▄█ ▀▄█▄█ █▄█▄█ █▄█▄█ █▄▄▄▄▄▄▄█
█  ▀▀▄ ▄██▀  █▀ ▄▄▄▄▀▀▄▀ ▀█ ▄▄  ▄ ▄█▀ ▄ ▀█▀ ▀ ▀█▄▀█▀▄█▄ ▄▄█
█▀██ ▄▄▄▀█ ▄█▀▄ █▄▄█▀▀▀█▀▀▀▄▀▄▄ ▀▀  █▄▄ █▄█▄  ▀▄▄████▀▄▄▀██
█▄█████▄█▄█▀▀█▀▀ ▄▀ █▀▄▄  █▀ █▀█▄▄ ▄  █  █▀ ▀  ▄▀▀▄▀▄▀█ ▀ █
█▄▄  █▄▄ ▄▄▄▄▀▀█▄▀█▀▄▀█ ▀ ▀▄ ▀▄█▀▀█   ▀█▀▀▀█▄▀ ▄▄▀██ █▄▄▄██
█ ▀▄█▀ ▄▀██▀██▄▄ █▀▄▄▀▄█▀  ▄▄   █▄▄█  █  █  █▄▀█▀ █  █ ▀▀ █
███▄▄ █▄▀ █▄██▀█  ▄▀ ██▄ █ ▄██ █▄ ▀▀ ▀█▀▄▀  █▀██ ▄█  ██▄▄██
█ ▀██▀ ▄▄▄▀███▄ ▀▀ ▄▀ ▀▀▀▄██ ▀  █▄▄█▄▄█▀▄█▄▀█▄▀█▄▀▄▀ ▀█ ▄██
█▀▄▀ ▄▄▄█▀▄▄█ ▄▄▄█▄ ▄█▀█▄ ▀  ▀▄███▄█ █ █ ██▄█▀█▀▀▀ █  ▀▄▀██
█ ▄ ▀▀▄▄▄▄█▀█▄██▀▄ ▄ ▀▄█▀▀  ▄▀▀▀▀█▀ ▄ █▀ ▀▀ ▀  ▄▄▀█  ▀▄▀▀▀█
█▄ ██ ▄▄▄  █▄▀▄ ▄█▀  ▀▄ █▄█ ▄▄▄      ▄██▀▄█▄▀▄▄   ▄▄▄  █▄██
███▀  █▄█ ▀▄██▀ ▀▄▄▀█ ▀██▀▄ █▄█ █▄ ▄  █ ▄▀▀ █▄ █▄ █▄█ ▄█▄▄█
█▄█▄  ▄▄▄  ▄▄▄█ ▀▄▀█▀▄█▀▀▀  ▄▄  ▄▀▄▄█▀ ▀▄█▄█ ▀ ▄▄ ▄ ▄▄██▀██
█  ▄█▄▄▄▀▄▀██▄ ▀ ▄ ▄█ ▄█ ▀ ▄▄▄▀   ▄█▀ █  █ ▀▄ ███▄ █▀█▄ █▄█
█▄▀█  █▄▀▄  ▄▄▄█  ██ ▀  ▄ ▀ ▀▄▄█▄█ █  ▀█▀▄▄▄ ▄▀█▄▀▄▀ ▄█▄▄██
█ ▀██▀▀▄▀█▄▄▄▀▀▄▄█▄▄▄▄█▀▄ ▀ ▄█▀▀█▄ ▄   ▀ ▀▀ ▀▄▀▄▀█▀  █▄▀▀██
█   █▀▀▄██▀▄▀▄▀ ▀ █▀▀ ▄ ▀█▄▀▀ ▀█ █▀ █▀▀▄██  ▄██▀▀ ▄▀█▀▄█▄▄█
██  ▀▀ ▄ ▄▄▀▄█▄▄▀█▄▄▀▀▄█▄▀ ▄▀██▀▄ ▄█▄ █ ▀█▀▀█ ▀██▀▄  █▄▀▄▄█
████▄▀█▄▄▀▄ ▄▄  ▄▀▄██▀▀█▀██▀ ▀██▀▀█▄▀▀█  █▀█▀▄ ██▄ ▀▄█▄▄▀▀█
█▀  ▀▀ ▄▀█ ▀█▀█▄▀█▀ ▀▀▄▄    ▀██▄▀▄ █  █ ▄█ ▀█▄▀▄▀█▄▀▀█▄▄█▄█
█ ▀ ▀▀▄▄▀██▄▀█ ▀ █ ▀▄█▄▀▄█▄▀ ██▀█▀▄█▄   █ ▄▀▄▀▀▄▄ ▀▀▀▄▄████
███████▄█ ▀▀ ▀██▄▄▄▄▄▀ ▀▀ █ ▄▄▄ █▄▀██ █ ▄█  ▀▄▀█▀ ▄▄▄ ▄█ ▄█
█ ▄▄▄▄▄ █▀  ▄▀█▀▄▀▀▄ ▄██▀▄▄ █▄█ ██▀ ▄▄▄  ▀  ▀▄▄▀▄ █▄█ ▄█▄██
█ █   █ █▄█ ▀ █▀▀▀  ▀  █▀▄█▄ ▄ ▄▀ ▄█▄ █▀ █▀ ▀▄███▄▄  ▄▀  ▀█
█ █▄▄▄█ █▀▀ █ █ ▄███▄█▄ ▄ █▄▀▄▄ █▄██ ▄▄▀ █ █▀▀█▀▄▀▀▄▀ █▄███
█▄▄▄▄▄▄▄█▄▄▄█▄██▄▄▄▄█████▄█▄█▄█▄███▄▄▄▄█▄█▄█▄▄▄▄▄█▄██████▄█

QR saved: C:\Users\Adeel Mehar\OneDrive\Desktop\Abdulbot-main\Abdulbot-main\whatsapp-qr.png
📱 QR Code generated. Please scan with WhatsApp.
▄▄▄▄▄▄▄▄▄▄▄▄▄▄▄▄▄▄▄▄▄▄▄▄▄▄▄▄▄▄▄▄▄▄▄▄▄▄▄▄▄▄▄▄▄▄▄▄▄▄▄▄▄▄▄▄▄▄▄
█ ▄▄▄▄▄ █▄█▄▄ ▄█▀█▀▀ ▀▄█▄ ▄██▀  █  ▀▄ ▄▀▄█▄ ▄▄ ▄ ██ ▄▄▄▄▄ █
█ █   █ █ ███ ▀██▄ ▀██▄█▀▀ █ █▀ ▄▄    ▄▀ ███ ▄▀▄ ██ █   █ █
█ █▄▄▄█ █▄ ▀ ▀█▄▀▀▄█ ▀▄▄ █▀ ▄▄▄  █ ▀▀▄▄▄ ▀▀▀ █▄▀▄██ █▄▄▄█ █
█▄▄▄▄▄▄▄█▄█ ▀▄▀▄█▄▀ ▀▄█ ▀▄█ █▄█ ▀ ▀ █ █ ▀ ▀ ▀ ▀ █ █▄▄▄▄▄▄▄█
█▄▄▄▄▀█▄▀ ██▄ ▀███▄▀▀▄   ▀█ ▄▄   █ ▄▀▀ ▄ ▄ ▀▀▀▄█ ▀▄██▄▄ ▀▄█
█▀█  ▄ ▄▄ ▀ ▀▀ ▀ █ ██ ▄▄█████▄▀ █▄▀▀█ ▀█▄▀▄ ▄ ▀█▀▄██▄  ▄ ▄█
██ █▀▀█▄  █ █ ▄  ▄█▄  █▄██▀▀▀██▀▄▀▀▄▄▄▀ ▀▀▄█▀█ ▄██▀ ▀█▀ ███
█▄▀█▄█▄▄▀ ▀  ▀ ▀▄█ █ ██▄▀ ▀█ ▄▀█▄   ▄▄█▄█▄▀ ▄▀▀██ ▄ ▄▄ ▀▀▀█
█▄ ██▄█▄█▄█▀▀█▄▄  ▀█▄▄▄▀ █▀▀▄▄█▄▄ █▀▀▀██ ▀ █▀    ██▄ ▀▄ █ █
██▄▄  █▄▀▀█ █▄▀▀ ▀██▄█ ▄▄▄▄ ▀  ▀▀▀▀▄▄▀  ██ █ ▄  ▄█▄▄▄█▀█ ▀█
████ ▀ ▄▄█ ▄██ ██ ▄▀██  ▀█▀ ▀ ▀▀▀▀ ▄▀▀█▄▄▄ ▀▀▀█▄▄  ▄▄ █ ▀▀█
█ ▀ ▀ ▀▄▀█▄▄█▄▄▀▀▄▀█ ▄▄▄  █▀▄▀██ █ ▄█▄▄█▀ ▀▀█▀ ███▄▀▄  ██▄█
█▄▀▄ ██▄▀▀▀███ █ █▄▄█  ▀▄▄███▀█▄▄▄   ▄ ▀█▀█▄▄▀ ▄▄▄  ██▀█ ▄█
██▀█  ▄▄▄  ████▀  ▄▄▀▀█▄▄█▄ ▄▄▄ ▀ ▀▄▄▀▀█  █▄  █▄█ ▄▄▄ █▀█▀█
█ █   █▄█ ▄▄▄██▀▄ █▄██▀▀█▄█ █▄█  ▄ ▀▀███▄█▀▄  ▀ ▀ █▄█ ▄ ▀▀█
███▀ ▄▄▄▄▄▀ ▀▄█▀▄▄▄   ██▄▄▀▄ ▄▄▄▀▀▀   ▀  ▀ ▄█▄█▀▀ ▄  ▄█▄▄▀█
█▀█   ▄▄▄ ▀█ █▄██▄ ▀▀▄  ▀ █▀██▀▀▀▀ ▄▀█ ▄█ ▀▀▀▀▄█▀   ▄█▀▄███
█▄  ▀██▄█ ▄▀█ ▄██▄▀▀▄█▀████▀██ █▀▀█ ██ ▀██ ▄▀▄▀▀▄ ▄▄▄ ▀▄ ▄█
█▀ ▀▄█▄▄█▀██▀▀█ ██  ▀██▀ ▄█████ ▄▀▀█  ▀▀▀▀▄▄▄▀ ▄█▄██▀▄██▄██
█ █ █▄▄▄██▀  ▄   ▄ █  ▄▄▄▀▄  ▄ ▀ ▄▀█▄███▀▄▄▀▄▀█▀▄██▀ ▄▀▀█▄█
█▀ ▄█▄█▄▀▄█▄ ██▀  ▀█ █▄██▄▀ ▄ ▄▀█▄▄▀██▄▄ █▀▄▄▄▀     ▀▀█▀█ █
█▀█▄  █▄▀▀███ ▄▄█▄█▄▄▀█  ▄▀██▀ ▄▀▀▀█▄▄ ▄▀█▀▄▄██▀▀  ▀█▀▄█▄▀█
█▀▄█ ▀▄▄█ █ █▀ ▀ █▀▀█▄ █▄ ▄██▄██▀▀▄█▄█ ▄▄▄ ▀███▄▀▄   █▄  ▀█
█ ▀ ▀▀▄▄▄▄█ ▄█  ██▀▀   ▄▀█ ▀▄▄██   ▄▀ ▀▀▀▄▄▀▀ ▀▀█▀  ▀▄ ▄▀ █
███████▄█  █   ▀ ██    ▀▄█▀ ▄▄▄ ██▄██▄▀  ██▄▄▀▄▄▀ ▄▄▄ █▀█▄█
█ ▄▄▄▄▄ ██ ▀▀██  ▄▄█▄▄▀▀  █ █▄█ ▀▀ ▀█▀█ ███▄  ▄█▀ █▄█   █▀█
█ █   █ █▀▄▀█  █▀█▀█ ▄▄█ ▀█  ▄  ▄▄ ▀██▄▄▄▀ █▀ █   ▄▄ ▄ ▄▀▄█
█ █▄▄▄█ █  ▄▀ █   █▄▄▀█▄█▀▄▀▀▀█▀█▀ ▀ ▄▀▀█▀█▀  █ ▄▄ ▀██▀▄█▀█
█▄▄▄▄▄▄▄█▄▄▄▄█▄▄▄▄▄███▄▄▄▄███▄███▄██▄██▄▄▄████▄▄▄█▄██▄▄▄███

QR saved: C:\Users\Adeel Mehar\OneDrive\Desktop\Abdulbot-main\Abdulbot-main\whatsapp-qr.png
📱 QR Code generated. Please scan with WhatsApp.
▄▄▄▄▄▄▄▄▄▄▄▄▄▄▄▄▄▄▄▄▄▄▄▄▄▄▄▄▄▄▄▄▄▄▄▄▄▄▄▄▄▄▄▄▄▄▄▄▄▄▄▄▄▄▄▄▄▄▄
█ ▄▄▄▄▄ █▀█▄  █▄▄ ▀█ ▄▀▀ ▄ ▄▄ █ █▀█▄█▀▀ ▄ ▀   █▄ ██ ▄▄▄▄▄ █
█ █   █ █▄██▀█▄▄▄█▄█ █▀██▄██▀█▄▀▄▄▄ ███▀▄▄▀  ▄▀▄ ██ █   █ █
█ █▄▄▄█ █ ▀  ▀▄▄███▀▀█▀ ▀▄  ▄▄▄ ▀ ▄▀█▀▀▄ ▀▀ ▀█ ▀▄██ █▄▄▄█ █
█▄▄▄▄▄▄▄█ █ █ █▄▀ █▄▀ ▀ ▀▄█ █▄█ ▀▄█▄█ ▀ ▀▄█ █ █ █ █▄▄▄▄▄▄▄█
█ ▄▀▄█▀▄▄█▀▄▀ ▄███▀▄██▄▄▄▄▄▄  ▄▄██ ▄ ▄▄▄▀ ▄▄ ▀ ▄ ██▄ ▄▀▄ ▀█
██▄▀▄▀█▄ ▄▀█  ▀█ ▀▀▄▄▄  █ ▄  █▀▀ ▄▀▀▄▄ ▄▄▀▄▀█ ▀ ▀█   ▀▀██▄█
██▄ ▀█▀▄█▄▀▄ █▄██▀█▄▀█ ▀▄█   ▄█▀▀     ▀▄█ ▀▄▄ ▄ ▄▄▀█▄ █▄█ █
████▀▄█▄ █▄█▄█▀▄ ▄▄▄ ▄█▀ ▀▄▄▀▄  ▄▄ ▀    ▄▄▀▀▀  ▀▀▀ ▄ ▄██ ▀█
█▄▄▄▀  ▄█▀█▄ ▄▄▄█▄▄▄█  █▀▄     ▄▀▄▀█▄▄▀  █ █▀ ▄▄ ▄▄▀ ▀ █▀▄█
█ ▀ ▀▀ ▄█▄▄██▄▀▄▄███▀▄██ ▀█▄ █▄▄ ▄▄▀▀ ▄█ ▄▄▄▄▄▄▄▄▄ ▀▄▄█▄▄▄█
█▄ ▄▀▀█▄▀▄██ ▀███ █  █▄▄▄ ▄ ▄▄██ ▀▄▄▀▄█▄  █▄▄█▀▄▀█▄▄ ▄ ██ █
██▀▀██ ▄ ▄▄▀▀   █  █▀ ██▀▀▄█▀▀▄▄ ▀█ ▀▀▀▄▄▄▄█▀▄  ▄▀  ▀  █▄ █
█▀▄█▄▄▄▄▀█▄▄▀█▀▄█▀ ▄██▄▄▄██ ▄▄▄█▄▀██▀  ▄▄▄ ▄  ▄▀ █▀█▄▄▀█▄▀█
██▄▀█ ▄▄▄  ▄▀▀▄▀ █▀▀▄▀█▄▀▄  ▄▄▄   ▀ █▄▄█▄█▀██▀▄█  ▄▄▄ ▄▄▄██
█ █ █ █▄█   ▄█▄▄▄▄▄██▀██▀▄▄ █▄█ █▄██ ▄█▀▄█ ██▄▄█▄ █▄█ ██▄▄█
█▄▀██▄▄▄▄▄▄██▀ ▄▀▀▄ ▄▄▄ █▄▄     ▀████ ██▀▄▄▄▀ ▀ ▀ ▄▄  █▄  █
█ ▀▀█ ▄▄▀█▄ ██▀████ ▄▄ ▄▄█▀▄▄█▄▄▄▀ ▄▄ ▀▄▄ ▀▄ █▀█ ▀▄▀ █▄█  █
█▀ █▀█▀▄▄█▀█   █████▄▄▀▀█▄▀▀▄ ▀▄█▄▀   ▀▀▀▄▄▀▄▀▄▄█ ▀ ▀  ██▄█
█▄ █▀▀▀▄█▄▀█▀ ▄▄    ▀ █▄ ▄▄▀  ▀  ▄▄ █▄▄█ ▄█▄▄ █▀▀▀▀ █ █▄▄▀█
█ █▀▄ ▄▄▀  █▄▀▀▄ ▄█▄█ ▀▄▀▄ █ ▄▄ ██▀█▄ █▄▀█▄▄█ ▀█▄  ▀▀ ██ ▄█
█▀█▀▀██▄▄█ █▀█ ▀▄▄▄ ▀▀ ▀▀█ ▄▄█▄ ▄  █▄ ▄▀▄█ ▄█ ▄███ ▀█▄▀ ▄▄█
██▀▀▄ ▀▄██ █▄▄  █ █▄   █▀▀█ █   █ ▄ ▄ ▄▀  ▀▀ ▀  ██▀ ▄ ██▀ █
█ █ █ ▄▄   █ █▀██▄▄▄█▄ ██▄▀▄█▄▄▄█▀▄▄ ▄▄▄▄ █▄▄█ █▄▄  ▄▄█▄▀▀█
█ ▀ ▀▀▄▄█▄▀▀ ▄▀ █▀  ▄ ██▄█▀▀ █▄▄▄▄▄ ▄██▀▀▀▄▄█▄▄▄█▀▄▄  ▀▄▀▄█
███████▄█  █▀▄▀▄▄▀  ▀▄ ▄ █  ▄▄▄ ▀▄█ ▄ ▀▄ ▄██▀ █▀▀ ▄▄▄ ▀▀▄▀█
█ ▄▄▄▄▄ █▄ █   ▀▀██ ▀ ▀█▄█▀ █▄█  ▄█▄ ▀█ ▄ ▀██▀▄▀  █▄█  █▀██
█ █   █ █▀▄▀██▀██▀▄ ▀ ▄█▀ ▄▄    ▀ ▄█  █▀▄▀▀██ ▄▄  ▄▄▄  █▀ █
█ █▄▄▄█ █▀██ ▀█▄██▄▀▄▄▀██▀▀▀▄ █▀██▄▄  █▄▀   █▄▀▄▄▄ ▄  ███▄█
█▄▄▄▄▄▄▄█▄▄█▄▄██▄██▄██▄▄▄█▄█▄▄▄▄▄▄███▄▄█▄▄▄█▄███▄█████▄▄▄██

QR saved: C:\Users\Adeel Mehar\OneDrive\Desktop\Abdulbot-main\Abdulbot-main\whatsapp-qr.png
📱 QR Code generated. Please scan with WhatsApp.
