
> Abdulbot@1.0.0 start
> node index.js

🔄 Connecting to WhatsApp...
▄▄▄▄▄▄▄▄▄▄▄▄▄▄▄▄▄▄▄▄▄▄▄▄▄▄▄▄▄▄▄▄▄▄▄▄▄▄▄▄▄▄▄▄▄▄▄▄▄▄▄▄▄▄▄▄▄▄▄
█ ▄▄▄▄▄ █▄█████ ▀▀▀  ▀██ ▄▄██     ██▀█ ▀█▀ ▄██ ▄ ██ ▄▄▄▄▄ █
█ █   █ █ ▀▀█▄▀█▄██ ▄▄▄▄▀▀ █▄▄▀▄ ▄▀▄  ▀██▄▀█ ▄▀▄ ██ █   █ █
█ █▄▄▄█ █▄ ▀▄▀▄ ▀▀▀▄ ▀█▄ █▀ ▄▄▄   ▄█▄▄█  ▀█▀█▄▄▀▄██ █▄▄▄█ █
█▄▄▄▄▄▄▄█▄█ █▄▀▄█▄▀▄▀▄█▄▀▄█ █▄█ ▀ ▀ █ ▀▄█ ▀▄█ █ █ █▄▄▄▄▄▄▄█
█  ▄ ▀█▄▀ ███ ██▀█▄▀▀▄   ▀▀   ▄  █ ▄▀▀█▄▄  ▀█▀█▄   █▀ ▄ █ █
█  █▀▀█▄█  ▄▀▀ ▀ ▄ ██ ▄▄ ▄▄█▄█▀ ▀ ▀▀▀▀ ▀▀▀▄▀  █████▄ ▀ ▄▄▄█
█▀▄ █▀▄▄ ▄ ▄▄ ▄ █▄█▄ ▀█▄▄█▄ █▀█▀▄█▄█   ▀▀█▄▄▄▀ ▄▄█  ███▄███
█▀▄ ▄▀▄▄█▄▀▄▀ ██▄▄▄▀▀█▀▀▄█▀▄ ▄▀▀▄█ ███ ▄▀▄▄▄  ▀▀▀ █    ▀█▀█
███▀██ ▄▄▀▄ █▀ ▄█ █▀█▄▄█▀▄ █▄▄▀▄▄▄▄▀▀▀█▄ ▀▀▄ ▄▀ ▀▄█▄▄█▄▄▄▀█
████▀▄▀▄█ ▀█ ▀▀▀▄ ▀█▄▀   █  █▄▄▀▀██ ▄▄▀▀▀███▄█  ▀ ▀▀▄ ▄█ ▀█
██▀██▀ ▄█▄█▄ █ ██ ▀███ ▄▀█ ▀ ▄▄ ███▄▄▀▀▄▄▄▀ ██▀▄▄  ▄▄▄ ▀▀▀█
█▄ ██▀▄▄ ▀██ █ ▀▀▄█▄ ▄▀▀  █▀▀▄█▄▀█▀█▀█ ▄▀▀ ▀██▄▄▄▀█▀▄█ ██▄█
█ ▀ ▀ ▄▄▀▀██▄█▀▄ █ ▄█ █▀█▄▀▀▄▀▀▄▄▄  ▄▄ ▀▀▀▄▄ ▀ ▄▄█▀▀▀▀▀█ ▄█
█ ███ ▄▄▄ █▀ ▀  ▀▀▄▄▀▀█▄ █  ▄▄▄ █▄█▄  ▄▄█▀▄▀▄▄██▄ ▄▄▄ ▀▀ ▀█
█ ▄▀▀ █▄█ █ ▀▄▀▄▀▀█▄ █▀▀▀▄█ █▄█ ▄▄▀▀█▀▄███▀█▄▄ ▀█ █▄█   ▀ █
█ █▀█▄▄▄  ▀▀▀ █ ▄ ▄▄  ▀▄▀ ▄ ▄ ▄  ▀ ▀▄▀█   █▄ ▄▄█▀  ▄▄▄██ ▀█
█▄ ▄██▀▄ ▀▀█ ██▀▄▄▄▀▀█▄▄▀▀▄█ █▀▀██ ▄██▀█▄  ▀▄███▀██▀███▀█▄█
█▄█ ▄▄ ▄██▀▀█▀  █  ▄▀█▄██▀ ▀▄▄ █  ▀▄██▀▄ █ ▀▄ █▀▄▀▄▄▄█▀▄▄▄█
██▄   ▄▄ ██▀  ▄▀██ ▄▀██▀ ▄████▄ ▄█▀█▄ ▄  ▀█▄▀█▀█▀▀▄▄ ▄▄▀███
█▄▄▄▄█▀▄▄█▀ ██▀█ ▄▀   █ ▄▀█  ▄ ▀ █▀██▀█  ██▀▀ ▀█▀ ███ ▀ █▄█
█▄▀▄█▀▄▄█ ██▄▄▀   ▀█ █ ▀ █▀ ▀  ██▄▄▀▀▀▄▄▄▀ █ ▄    █   ▄ █▄█
█▀▄   █▄▄▄▀█▀ ▀▀▀▄█▄▀▀█ ▀▀██▄▀█ ▀▀▀█▀  █▀▀▄▄█▄▄▀▀  █▀ ▄▄▄██
█▀▄▄█▄ ▄██▀ ▀ ▀▄██▀▀▀▄ █  ▄▀▄█ ▀▀▀▄▄ ▀▀█▄▄ ▀▀▀██▀█▀▀▄▄▀▄▄ █
█ ▀ ▀▀▄▄ ▀▀▀█▄ █▄▄  ▄▀▀█▀ ▀▀▄█ ▀█▄▀▄▄▀▀ ▄█▄▀▄▀▄▄   ▄ █▀▄  █
███████▄▄▀▀▀▄  ▀ ▄▄▄ ▀▄▀ █▄ ▄▄▄  ▀ █▄   █▀▄█▄▀ █▀ ▄▄▄ █▄▀▀█
█ ▄▄▄▄▄ ██▄▄▄▀▄█▀ █▄▀  ▀█▀▄ █▄█ ▄▄▀ ▄▀ █   ▀█▄█▀█ █▄█ ▀▀▀▀█
█ █   █ █▀▄▄▄█ ▀▀█▄▀ ▄▄▀ ▀  ▄▄   ▄▀ ▀▀▄▄▀█▀█▄▄  █▄▄▄▄▄▄▀▀██
█ █▄▄▄█ █ ▀██▄█▀  ▀ ▄▀▄▄█▀███▀█▀▄▀ ▀█▀▀  █▄██▄▄     █▀▄▄█▀█
█▄▄▄▄▄▄▄█▄█▄██▄▄▄▄▄██▄█▄█▄██▄▄███▄████▄▄▄▄█████▄█▄▄▄▄▄█████

QR saved: C:\Users\Adeel Mehar\OneDrive\Desktop\Abdulbot-main\Abdulbot-main\whatsapp-qr.png
📱 QR Code generated. Please scan with WhatsApp.
Connection closed due to Error: Stream Errored (restart required), reconnecting true
Reconnecting in 5 seconds... Reason: restart required
🔄 Connecting to WhatsApp...
 
🌿Connected to => {
  "id": "923195845103:19@s.whatsapp.net",
  "name": "ABDUL",
  "lid": "86041650311258:19@lid"
}
Closing session: SessionEntry {
  _chains: {
    'Ba9xAryTJJTrr81G5sN7lY/x3ZLOvNKgxPQCPJtzh5BM': { chainKey: [Object], chainType: 2, messageKeys: {} },
    BaaDgGwkTY5u7NPodmtCjcGo1ZEv70x1a6bisvpXhWBg: { chainKey: [Object], chainType: 1, messageKeys: {} }
  },
  registrationId: 487531349,
  currentRatchet: {
    ephemeralKeyPair: {
      pubKey: <Buffer 05 a6 83 80 6c 24 4d 8e 6e ec d3 e8 76 6b 42 8d c1 a8 d5 91 2f ef 4c 75 6b a6 e2 b2 fa 57 85 60 60>,
      privKey: <Buffer a8 6a 5e 0f 27 37 18 81 cb 53 ab 9c d8 35 ea 28 b3 16 03 90 76 78 a1 53 f0 1e af de 1a a6 24 7e>
    },
    lastRemoteEphemeralKey: <Buffer 05 af 71 02 bc 93 24 94 eb af cd 46 e6 c3 7b 95 8f f1 dd 92 ce bc d2 a0 c4 f4 02 3c 9b 73 87 90 4c>,
    previousCounter: 0,
    rootKey: <Buffer 5d 05 a5 fd 29 b5 15 a7 e9 f3 bc 4e 21 e8 17 5f 03 20 48 d1 18 8e e0 be 86 30 f4 26 76 ad 8f 1b>
  },
  indexInfo: {
    baseKey: <Buffer 05 b1 ac 6e f7 4e df 89 c0 d3 d0 29 4d 32 00 1f 87 c0 5b 82 6f b1 43 ef eb 89 2f 56 d4 57 cc 5f 14>,
    baseKeyType: 2,
    closed: -1,
    used: 1776851008858,
    created: 1776851008858,
    remoteIdentityKey: <Buffer 05 e8 41 33 19 1e 98 08 0b 04 7f 4a 05 53 1b 22 1b 56 2c c3 06 91 b9 52 3e d5 e0 87 75 ce 4d 53 27>
  }
}


                  [ Prince 2.0 ]


< ================================================== >

• YT CHANNEL: null
• GITHUB: null
• WA NUMBER: 910000000000,917023951514
• CREDIT: Abdul
• 🤖 Bot Connected Successfully! ✅
Bot Version: 3.0.7
[TERM_FILES_DEBUG] incomingTermRequestCheck {
  text: 'Back to back double win 🔥',
  termType: null,
  subjectCodes: [],
  wantsFiles: false,
  wantsHandouts: false
}
📝 Command used in private: .ping
Closing session: SessionEntry {
  _chains: {
    BbZxKVKPPUo4ChqbsYzAR80rcENvO0tSXDIqN2IBCQIN: { chainKey: [Object], chainType: 1, messageKeys: {} }
  },
  registrationId: 728,
  currentRatchet: {
    ephemeralKeyPair: {
      pubKey: <Buffer 05 b6 71 29 52 8f 3d 4a 38 0a 1a 9b b1 8c c0 47 cd 2b 70 43 6f 3b 4b 52 5c 32 2a 37 62 01 09 02 0d>,
      privKey: <Buffer c8 a7 ba 8f e8 11 78 86 70 23 d0 53 09 38 12 48 55 20 a6 ef 4b d3 71 98 dc e2 0e 56 84 e9 58 65>
    },
    lastRemoteEphemeralKey: <Buffer 05 7d 78 ee 56 1b 94 b8 c8 1a 89 62 1d 89 5f 27 f2 a5 5c 36 0c c5 ae 67 c9 b9 be 21 e0 00 dd 54 2c>,
    previousCounter: 0,
    rootKey: <Buffer 1d e1 41 0f 3b 2f 28 cc 67 b6 92 94 f9 74 98 fd 14 92 be c1 35 64 a3 a1 77 9f 29 d3 bc ee 46 57>
  },
  indexInfo: {
    baseKey: <Buffer 05 2b 18 05 cc c1 d4 0b 05 4d ab f3 6a b3 2a 39 48 c0 1b 27 f1 c6 ba 0c 90 c8 8d 1d d5 7e 53 71 3c>,
    baseKeyType: 1,
    closed: -1,
    used: 1776851011129,
    created: 1776851011129,
    remoteIdentityKey: <Buffer 05 b6 26 72 c8 07 64 eb 7d f2 2b 21 78 9c b6 ac e1 e4 d1 47 23 4f e4 44 9c 56 3f 31 55 09 74 2a 5e>
  },
  pendingPreKey: {
    signedKeyId: 1,
    baseKey: <Buffer 05 2b 18 05 cc c1 d4 0b 05 4d ab f3 6a b3 2a 39 48 c0 1b 27 f1 c6 ba 0c 90 c8 8d 1d d5 7e 53 71 3c>,
    preKeyId: 837
  }
}
Closing session: SessionEntry {
  _chains: {
    'BeGmDcOxmuENY/dG0OAqqDLF4wBGNbF8y7qwtNUlGH4/': { chainKey: [Object], chainType: 1, messageKeys: {} }
  },
  registrationId: 728,
  currentRatchet: {
    ephemeralKeyPair: {
      pubKey: <Buffer 05 e1 a6 0d c3 b1 9a e1 0d 63 f7 46 d0 e0 2a a8 32 c5 e3 00 46 35 b1 7c cb ba b0 b4 d5 25 18 7e 3f>,
      privKey: <Buffer 58 66 0f 93 a3 64 68 d2 24 20 c4 10 a7 51 cf 56 e8 b5 ac 2f 30 17 4b cf f4 2b da 29 dd 70 f8 40>
    },
    lastRemoteEphemeralKey: <Buffer 05 7d 78 ee 56 1b 94 b8 c8 1a 89 62 1d 89 5f 27 f2 a5 5c 36 0c c5 ae 67 c9 b9 be 21 e0 00 dd 54 2c>,
    previousCounter: 0,
    rootKey: <Buffer 05 f7 69 d6 d9 96 38 96 5e 58 c4 64 f6 1e 31 d6 51 65 6b 1a 42 9f b9 e4 06 5a b1 b6 ba d3 2e 54>
  },
  indexInfo: {
    baseKey: <Buffer 05 13 a3 e9 e7 78 1e 8d 6b 4c 88 7d 83 ed 06 15 53 eb a9 53 7d 6a b6 b9 18 4e d4 25 5c d3 36 8a 62>,
    baseKeyType: 1,
    closed: -1,
    used: 1776851023050,
    created: 1776851023050,
    remoteIdentityKey: <Buffer 05 b6 26 72 c8 07 64 eb 7d f2 2b 21 78 9c b6 ac e1 e4 d1 47 23 4f e4 44 9c 56 3f 31 55 09 74 2a 5e>
  },
  pendingPreKey: {
    signedKeyId: 1,
    baseKey: <Buffer 05 13 a3 e9 e7 78 1e 8d 6b 4c 88 7d 83 ed 06 15 53 eb a9 53 7d 6a b6 b9 18 4e d4 25 5c d3 36 8a 62>,
    preKeyId: 946
  }
}
📝 Command used in private: .menu
[TERM_FILES_DEBUG] incomingTermRequestCheck {
  text: '584 small red ♥️',
  termType: null,
  subjectCodes: [],
  wantsFiles: false,
  wantsHandouts: false
}
📝 Command used in private: .menu
[TERM_FILES_DEBUG] incomingTermRequestCheck {
  text: '585 big green 💚',
  termType: null,
  subjectCodes: [],
  wantsFiles: false,
  wantsHandouts: false
}
📝 Command used in group: .ping
📝 Command used in group: .antisticker on
📝 Command used in group: .antichannel on
[TERM_FILES_DEBUG] incomingTermRequestCheck {
  text: '586 small red ♥️',
  termType: null,
  subjectCodes: [],
  wantsFiles: false,
  wantsHandouts: false
}
[TERM_FILES_DEBUG] incomingTermRequestCheck {
  text: '*Important MCQs about Cities and their names*\n' +
    '\n' +
    '👉 City of Golden Temple → Amritsar\n' +
    '👉 City of water → Venice\n' +
    '👉 City of Angles → Los Angles\n' +
    '👉 Gateway of the east → Beirut\n' +
    '👉 Little Pakistan → Bradford\n' +
    '👉 City of bazzars → Cairo\n' +
    '👉 Pyramid city → Egypt\n' +
    '👉 City of space flights → Cape Kennedy\n' +
    '👉 Manchester of Pakistan → Faisalabad\n' +
    '👉 City of conferences → Geneva\n' +
    '👉 City of Rams → Guangzhou\n' +
    '👉 Brasilia of Pakistan → Islamabad\n' +
    '👉 Gateway of Pakistan → Karachi\n' +
    '👉 City of canals → Venice\n' +
    '👉 City of palaces → Mexico\n' +
    '👉 Forbidden city → Lhasa\n' +
    '👉 Gateway of india → Mumbai\n' +
    'Sir Tauqeer Preparation classes \n' +
    '👉 City of Cosmonauts → Moscow\n' +
    '👉 City of popes → Vatican city\n' +
    '👉 City of skyscrapers → New York\n' +
    '\n' +
    '*https://whatsapp.com/channel/0029Vab0TMP6GcGB26u2Ab02*',
  termType: null,
  subjectCodes: [],
  wantsFiles: false,
  wantsHandouts: false
}
[TERM_FILES_DEBUG] incomingTermRequestCheck {
  text: 'Geo',
  termType: null,
  subjectCodes: [],
  wantsFiles: false,
  wantsHandouts: false
}
[TERM_FILES_DEBUG] incomingTermRequestCheck {
  text: 'Kia ❓',
  termType: null,
  subjectCodes: [],
  wantsFiles: false,
  wantsHandouts: false
}
📝 Command used in group: .setsudi
📝 Command used in group: .sudo
[TERM_FILES_DEBUG] incomingTermRequestCheck {
  text: 'Kon se benefits ❓',
  termType: null,
  subjectCodes: [],
  wantsFiles: false,
  wantsHandouts: false
}
📝 Command used in group: .sudo add @39540072939694
📝 Command used in group: .delsudo @39540072939694
📝 Command used in group: .sudo del @39540072939694
📝 Command used in group: .sudo list
[TERM_FILES_DEBUG] incomingTermRequestCheck {
  text: 'Han g',
  termType: null,
  subjectCodes: [],
  wantsFiles: false,
  wantsHandouts: false
}
[TERM_FILES_DEBUG] incomingTermRequestCheck {
  text: '🔗 *Create Account with this link*👇\n' +
    ' \n' +
    '*FANTASY Gems  LINK*\n' +
    '\n' +
    'https://www.fantasygems.run/#/register?invitationCode=158751115367\n' +
    '\n' +
    '💰 *Deposit Minimum: RS:500*\n' +
    '     *(RS:5000+* *Recommended)*\n' +
    '\n' +
    '🏆 *Join Now: for Daily 95% Winning Signals*\n' +
    '\n' +
    '`Note:`  *Agr Website Open na ho Rahi ho tu VPN ka use Krein* ♥️',
  termType: null,
  subjectCodes: [],
  wantsFiles: false,
  wantsHandouts: false
}
📝 Command used in group: .vv
[TERM_FILES_DEBUG] incomingTermRequestCheck {
  text: 'Kya kr rhy',
  termType: null,
  subjectCodes: [],
  wantsFiles: false,
  wantsHandouts: false
}
[TERM_FILES_DEBUG] incomingTermRequestCheck {
  text: 'Tabeyat Kase ha',
  termType: null,
  subjectCodes: [],
  wantsFiles: false,
  wantsHandouts: false
}
[TERM_FILES_DEBUG] incomingTermRequestCheck {
  text: 'Khana khaya ha',
  termType: null,
  subjectCodes: [],
  wantsFiles: false,
  wantsHandouts: false
}
[TERM_FILES_DEBUG] incomingTermRequestCheck {
  text: 'Q',
  termType: null,
  subjectCodes: [],
  wantsFiles: false,
  wantsHandouts: false
}
[TERM_FILES_DEBUG] incomingTermRequestCheck {
  text: 'G',
  termType: null,
  subjectCodes: [],
  wantsFiles: false,
  wantsHandouts: false
}
📝 Command used in group: .ping
📝 Command used in group: .ping
[TERM_FILES_DEBUG] incomingTermRequestCheck {
  text: 'Cs625 handouts',
  termType: null,
  subjectCodes: [ 'CS625' ],
  wantsFiles: false,
  wantsHandouts: true
}
Drive Error: Permission denied: Consumer 'api_key:AIzaSyDhJCdx5SWH2nNikcg4mRMmdCiqyUy7m70' has been suspended.
[TERM_FILES_DEBUG] incomingTermRequestCheck {
  text: 'Cs304 final term files',
  termType: 'final',
  subjectCodes: [ 'CS304' ],
  wantsFiles: true,
  wantsHandouts: false
}
Drive Error: Permission denied: Consumer 'api_key:AIzaSyDhJCdx5SWH2nNikcg4mRMmdCiqyUy7m70' has been suspended.
📝 Command used in group: .kick
📝 Command used in group: .add
[TERM_FILES_DEBUG] incomingTermRequestCheck {
  text: 'Koe bt kro',
  termType: null,
  subjectCodes: [],
  wantsFiles: false,
  wantsHandouts: false
}
[TERM_FILES_DEBUG] incomingTermRequestCheck {
  text: 'Mary pas b ni ha',
  termType: null,
  subjectCodes: [],
  wantsFiles: false,
  wantsHandouts: false
}
[TERM_FILES_DEBUG] incomingTermRequestCheck {
  text: 'open wingo 1 min session star \nnum 602',
  termType: null,
  subjectCodes: [],
  wantsFiles: false,
  wantsHandouts: false
}
[TERM_FILES_DEBUG] incomingTermRequestCheck {
  text: 'Edu510\nMrh622\nMth646 handouts share kar dian',
  termType: null,
  subjectCodes: [ 'EDU510', 'MRH622', 'MTH646' ],
  wantsFiles: false,
  wantsHandouts: true
}
Drive Error: Permission denied: Consumer 'api_key:AIzaSyDhJCdx5SWH2nNikcg4mRMmdCiqyUy7m70' has been suspended.
[TERM_FILES_DEBUG] incomingTermRequestCheck {
  text: '*Mazrat* EDU510 k handouts ni mil sakay',
  termType: null,
  subjectCodes: [ 'EDU510' ],
  wantsFiles: false,
  wantsHandouts: true
}
Drive Error: Permission denied: Consumer 'api_key:AIzaSyDhJCdx5SWH2nNikcg4mRMmdCiqyUy7m70' has been suspended.
[TERM_FILES_DEBUG] incomingTermRequestCheck {
  text: '*Mazrat* MRH622 k handouts ni mil sakay',
  termType: null,
  subjectCodes: [ 'MRH622' ],
  wantsFiles: false,
  wantsHandouts: true
}
Drive Error: Permission denied: Consumer 'api_key:AIzaSyDhJCdx5SWH2nNikcg4mRMmdCiqyUy7m70' has been suspended.
Connection closed due to Error: Connection was lost, reconnecting true
Reconnecting in 5 seconds... Reason: Error: Connection was lost
🔄 Connecting to WhatsApp...
 
🌿Connected to => {
  "id": "923195845103:19@s.whatsapp.net",
  "name": "ABDUL",
  "lid": "86041650311258:19@lid"
}
Closing session: SessionEntry {
  _chains: {
    'Bc3r1tEhUHWFd/Y7Bo+WubqomdvueW+TJB+X8skyAJZB': { chainKey: [Object], chainType: 2, messageKeys: {} },
    BeONEeDDFJE197VbUkUiB8Vg7DY0V9mjGyWeFKGpFgBp: { chainKey: [Object], chainType: 2, messageKeys: {} },
    'Bb7BS0LWXgead2InX0kgzbwU/VgjliJZem+N9JDYQVQF': { chainKey: [Object], chainType: 2, messageKeys: [Object] },
    'BVC+hsOQjS46xAO2wX58BO+9uPEd49UVL0zajdXEME5H': { chainKey: [Object], chainType: 2, messageKeys: {} },
    BQr5hhlBrcgeewrPgnlPQJdt6gLF3Bz5HQNG52eqpmYZ: { chainKey: [Object], chainType: 1, messageKeys: {} }
  },
  registrationId: 487531349,
  currentRatchet: {
    ephemeralKeyPair: {
      pubKey: <Buffer 05 0a f9 86 19 41 ad c8 1e 7b 0a cf 82 79 4f 40 97 6d ea 02 c5 dc 1c f9 1d 03 46 e7 67 aa a6 66 19>,
      privKey: <Buffer a8 09 2a 69 ae 70 58 b5 5c f5 c7 1a ce 2c ae 11 8f fa 39 e5 c7 02 6b 83 e4 72 0e c6 98 53 48 61>
    },
    lastRemoteEphemeralKey: <Buffer 05 50 be 86 c3 90 8d 2e 3a c4 03 b6 c1 7e 7c 04 ef bd b8 f1 1d e3 d5 15 2f 4c da 8d d5 c4 30 4e 47>,
    previousCounter: 0,
    rootKey: <Buffer ad b9 dc 73 92 b4 f3 01 6a 03 51 6b 34 c5 c8 66 4b ca 34 e0 e9 0c 53 ec 7f f5 3a ea 85 24 0c b3>
  },
  indexInfo: {
    baseKey: <Buffer 05 b1 5b 46 8e 0e c2 9a a8 0a cd 23 a0 f7 19 3b e6 db 90 b2 0a 80 56 a6 33 4b ad 11 41 f7 95 87 3a>,
    baseKeyType: 1,
    closed: -1,
    used: 1776851999485,
    created: 1776851010368,
    remoteIdentityKey: <Buffer 05 e8 41 33 19 1e 98 08 0b 04 7f 4a 05 53 1b 22 1b 56 2c c3 06 91 b9 52 3e d5 e0 87 75 ce 4d 53 27>
  }
}


                  [ Prince 2.0 ]


< ================================================== >

• YT CHANNEL: null
• GITHUB: null
• WA NUMBER: 910000000000,917023951514
• CREDIT: Abdul
• 🤖 Bot Connected Successfully! ✅
Bot Version: 3.0.7
File Request Error: No sessions
File Request Error: Connection Closed
File Request Error: Connection Closed
Connection closed due to Error: Connection was lost, reconnecting true
Reconnecting in 5 seconds... Reason: Error: Connection was lost
🔄 Connecting to WhatsApp...
[TERM_FILES_DEBUG] incomingTermRequestCheck {
  text: 'Mth622 handouts',
  termType: null,
  subjectCodes: [ 'MTH622' ],
  wantsFiles: false,
  wantsHandouts: true
}
 
🌿Connected to => {
  "id": "923195845103:19@s.whatsapp.net",
  "name": "ABDUL",
  "lid": "86041650311258:19@lid"
}
Drive Error: Permission denied: Consumer 'api_key:AIzaSyDhJCdx5SWH2nNikcg4mRMmdCiqyUy7m70' has been suspended.
Closing session: SessionEntry {
  _chains: {
    'Bcuus4g1/GwEGz94noHew64Cx0pgq72F6T/v9lLJwPdO': { chainKey: [Object], chainType: 1, messageKeys: {} }
  },
  registrationId: 487531349,
  currentRatchet: {
    ephemeralKeyPair: {
      pubKey: <Buffer 05 cb ae b3 88 35 fc 6c 04 1b 3f 78 9e 81 de c3 ae 02 c7 4a 60 ab bd 85 e9 3f ef f6 52 c9 c0 f7 4e>,
      privKey: <Buffer 10 12 d3 f3 c6 91 ba d8 f8 97 b0 15 d5 5b 54 8d 45 3b e6 3a 60 bb 82 83 d4 55 64 63 fa 4a dc 58>
    },
    lastRemoteEphemeralKey: <Buffer 05 0f 77 ff dc 47 2d 1b 2f d6 68 a9 21 2c 34 87 89 ef 60 fe 64 6d a7 5c 01 8d f7 b6 ed 54 88 fe 13>,
    previousCounter: 0,
    rootKey: <Buffer 41 cc 07 bc 8e e4 a8 79 25 df af f0 8a 73 c3 ed 3c a9 4a 81 02 6f bf b8 29 e5 59 35 22 cb c4 ce>
  },
  indexInfo: {
    baseKey: <Buffer 05 dd ac c1 72 b7 91 eb db 0b 05 74 da bf 83 9d e6 7f 24 2b b9 ec 61 5c 65 92 92 e6 2c 15 5e 88 2b>,
    baseKeyType: 1,
    closed: -1,
    used: 1776852062370,
    created: 1776852062370,
    remoteIdentityKey: <Buffer 05 e8 41 33 19 1e 98 08 0b 04 7f 4a 05 53 1b 22 1b 56 2c c3 06 91 b9 52 3e d5 e0 87 75 ce 4d 53 27>
  },
  pendingPreKey: {
    signedKeyId: 948913,
    baseKey: <Buffer 05 dd ac c1 72 b7 91 eb db 0b 05 74 da bf 83 9d e6 7f 24 2b b9 ec 61 5c 65 92 92 e6 2c 15 5e 88 2b>,
    preKeyId: 3521163
  }
}


                  [ Prince 2.0 ]


< ================================================== >

• YT CHANNEL: null
• GITHUB: null
• WA NUMBER: 910000000000,917023951514
• CREDIT: Abdul
• 🤖 Bot Connected Successfully! ✅
Bot Version: 3.0.7
Closing session: SessionEntry {
  _chains: {
    'BRhUqOdiVIjj9C8ynQjB+wNmX+zGGnD4B+HeIfK5eU59': { chainKey: [Object], chainType: 1, messageKeys: {} }
  },
  registrationId: 77904997,
  currentRatchet: {
    ephemeralKeyPair: {
      pubKey: <Buffer 05 18 54 a8 e7 62 54 88 e3 f4 2f 32 9d 08 c1 fb 03 66 5f ec c6 1a 70 f8 07 e1 de 21 f2 b9 79 4e 7d>,
      privKey: <Buffer 28 65 23 32 5c d8 f8 f7 20 0b f4 10 2c 1f 6e 57 0d a9 58 7c c3 09 06 a6 15 d7 42 5a 9d d2 88 75>
    },
    lastRemoteEphemeralKey: <Buffer 05 6b bd 38 f4 d1 b0 21 6a ab 09 46 16 26 f4 3b 00 a5 4a a4 d9 cd 32 58 76 20 d5 d3 00 ff 0a 64 4e>,
    previousCounter: 0,
    rootKey: <Buffer 30 12 07 06 53 79 47 11 d1 a8 d1 9e d4 de d9 32 4b 51 46 53 6e ff 34 b4 1d e5 2a 75 60 81 8a 6b>
  },
  indexInfo: {
    baseKey: <Buffer 05 35 16 6f f0 36 02 86 b2 95 ad 93 68 2e 92 50 3a c6 c6 e8 50 b0 e5 18 a6 bf 99 99 29 82 0c 1c 3f>,
    baseKeyType: 1,
    closed: -1,
    used: 1776852124445,
    created: 1776852124445,
    remoteIdentityKey: <Buffer 05 ab 25 53 6f df db 12 1b f6 55 45 d9 6d 02 d7 8d ac 09 dd 93 19 8e 0c 57 2f f6 ca 37 62 a4 94 0e>
  },
  pendingPreKey: {
    signedKeyId: 9475474,
    baseKey: <Buffer 05 35 16 6f f0 36 02 86 b2 95 ad 93 68 2e 92 50 3a c6 c6 e8 50 b0 e5 18 a6 bf 99 99 29 82 0c 1c 3f>
  }
}
Closing session: SessionEntry {
  _chains: {
    'Bd4k/4APPyxa0sAgxKG9Y4EEqHiVILnXJgO3mh6+/cYh': { chainKey: [Object], chainType: 1, messageKeys: {} }
  },
  registrationId: 7810,
  currentRatchet: {
    ephemeralKeyPair: {
      pubKey: <Buffer 05 de 24 ff 80 0f 3f 2c 5a d2 c0 20 c4 a1 bd 63 81 04 a8 78 95 20 b9 d7 26 03 b7 9a 1e be fd c6 21>,
      privKey: <Buffer 08 4f 6c bc e7 40 e7 a6 63 5c 43 55 74 f8 13 7c 8a 5e 2a d8 99 0b a9 e4 c9 fa be ab 20 d2 4d 5a>
    },
    lastRemoteEphemeralKey: <Buffer 05 c2 d6 08 d9 83 c4 bb 5a d1 9b 52 a7 46 f7 da 03 28 5b c5 ae c0 15 30 9f 34 74 30 be ae c8 48 09>,
    previousCounter: 0,
    rootKey: <Buffer e7 a0 42 33 9a 8e f4 cf 8f aa de 79 ee 0a f6 f6 9a cd c2 d9 d5 12 53 4a 2b f3 92 b8 7e 6f e9 fd>
  },
  indexInfo: {
    baseKey: <Buffer 05 7b e1 bf 27 8c c5 ec fc a7 13 20 94 69 4b eb a9 fa 08 cd 15 54 e8 87 a4 44 ca e9 ba 7d 95 f5 02>,
    baseKeyType: 1,
    closed: -1,
    used: 1776852121906,
    created: 1776852121906,
    remoteIdentityKey: <Buffer 05 ff 06 f2 6e d9 eb e8 40 c8 10 c4 d6 68 ee 63 31 69 ee d0 27 cf 89 e6 cf e2 ec 6f cd 31 92 f2 20>
  },
  pendingPreKey: {
    signedKeyId: 1,
    baseKey: <Buffer 05 7b e1 bf 27 8c c5 ec fc a7 13 20 94 69 4b eb a9 fa 08 cd 15 54 e8 87 a4 44 ca e9 ba 7d 95 f5 02>,
    preKeyId: 1614
  }
}
[TERM_FILES_DEBUG] incomingTermRequestCheck {
  text: '*Mazrat* MTH622 k handouts ni mil sakay',
  termType: null,
  subjectCodes: [ 'MTH622' ],
  wantsFiles: false,
  wantsHandouts: true
}
Drive Error: Permission denied: Consumer 'api_key:AIzaSyDhJCdx5SWH2nNikcg4mRMmdCiqyUy7m70' has been suspended.
Closing session: SessionEntry {
  _chains: {
    BfsUAs6LDuCdE2krfKu1z5LVt5d40M5IwruVTfxYhk4p: { chainKey: [Object], chainType: 1, messageKeys: {} }
  },
  registrationId: 77904997,
  currentRatchet: {
    ephemeralKeyPair: {
      pubKey: <Buffer 05 fb 14 02 ce 8b 0e e0 9d 13 69 2b 7c ab b5 cf 92 d5 b7 97 78 d0 ce 48 c2 bb 95 4d fc 58 86 4e 29>,
      privKey: <Buffer 80 75 cc 63 2b 36 a2 1a e2 9e 92 5b 98 f5 aa 48 de bd d1 9d a2 2f da f1 c3 4f 96 11 58 58 68 47>
    },
    lastRemoteEphemeralKey: <Buffer 05 6b bd 38 f4 d1 b0 21 6a ab 09 46 16 26 f4 3b 00 a5 4a a4 d9 cd 32 58 76 20 d5 d3 00 ff 0a 64 4e>,
    previousCounter: 0,
    rootKey: <Buffer 0d 7d b8 cb 23 ea 17 5b 20 55 1e b4 07 b9 b1 2d 9b 21 0c 5d c1 e4 7a 71 18 88 22 97 54 41 c1 b1>
  },
  indexInfo: {
    baseKey: <Buffer 05 ff 14 cc c2 a0 a2 9a 36 35 da 6c 11 fc 59 3c 61 17 9b 16 1d 2c 33 42 f2 ce b3 b4 0f 25 e8 ea 44>,
    baseKeyType: 1,
    closed: -1,
    used: 1776852148591,
    created: 1776852148591,
    remoteIdentityKey: <Buffer 05 ab 25 53 6f df db 12 1b f6 55 45 d9 6d 02 d7 8d ac 09 dd 93 19 8e 0c 57 2f f6 ca 37 62 a4 94 0e>
  },
  pendingPreKey: {
    signedKeyId: 9475474,
    baseKey: <Buffer 05 ff 14 cc c2 a0 a2 9a 36 35 da 6c 11 fc 59 3c 61 17 9b 16 1d 2c 33 42 f2 ce b3 b4 0f 25 e8 ea 44>
  }
}
[TERM_FILES_DEBUG] incomingTermRequestCheck {
  text: '603 big green',
  termType: null,
  subjectCodes: [],
  wantsFiles: false,
  wantsHandouts: false
}
[TERM_FILES_DEBUG] incomingTermRequestCheck {
  text: 'Assalam o Alikum! Guys koi SE601 - Software Construction & Development handout ya notes share krde kindly....',
  termType: null,
  subjectCodes: [ 'SE601' ],
  wantsFiles: false,
  wantsHandouts: true
}
Drive Error: Permission denied: Consumer 'api_key:AIzaSyDhJCdx5SWH2nNikcg4mRMmdCiqyUy7m70' has been suspended.
Closing session: SessionEntry {
  _chains: {
    BaMKps0y6AqjK3Ex25Kd5Nlr8BCwGLsvqijvCsXyOw4r: { chainKey: [Object], chainType: 1, messageKeys: {} }
  },
  registrationId: 77904997,
  currentRatchet: {
    ephemeralKeyPair: {
      pubKey: <Buffer 05 a3 0a a6 cd 32 e8 0a a3 2b 71 31 db 92 9d e4 d9 6b f0 10 b0 18 bb 2f aa 28 ef 0a c5 f2 3b 0e 2b>,
      privKey: <Buffer 30 02 ae ce e3 eb 84 62 35 6a c2 f5 31 8d cb bd ec 8d c0 a2 ca bb 5c f1 d7 d9 88 9f 3a 0d 13 78>
    },
    lastRemoteEphemeralKey: <Buffer 05 6b bd 38 f4 d1 b0 21 6a ab 09 46 16 26 f4 3b 00 a5 4a a4 d9 cd 32 58 76 20 d5 d3 00 ff 0a 64 4e>,
    previousCounter: 0,
    rootKey: <Buffer d5 19 08 43 48 fe f2 7d b2 55 af 24 bd 17 6a dc 50 31 66 14 99 c9 a7 7b a8 5b 38 17 18 8a c8 2f>
  },
  indexInfo: {
    baseKey: <Buffer 05 fc 69 f0 1e 6e d5 c0 85 c1 2e c9 b0 8b 51 44 d6 94 7a 70 07 61 72 fb cc 71 d6 60 46 8a ab 2b 20>,
    baseKeyType: 1,
    closed: -1,
    used: 1776852156985,
    created: 1776852156985,
    remoteIdentityKey: <Buffer 05 ab 25 53 6f df db 12 1b f6 55 45 d9 6d 02 d7 8d ac 09 dd 93 19 8e 0c 57 2f f6 ca 37 62 a4 94 0e>
  },
  pendingPreKey: {
    signedKeyId: 9475474,
    baseKey: <Buffer 05 fc 69 f0 1e 6e d5 c0 85 c1 2e c9 b0 8b 51 44 d6 94 7a 70 07 61 72 fb cc 71 d6 60 46 8a ab 2b 20>
  }
}
[TERM_FILES_DEBUG] incomingTermRequestCheck {
  text: '604 big red',
  termType: null,
  subjectCodes: [],
  wantsFiles: false,
  wantsHandouts: false
}
[TERM_FILES_DEBUG] incomingTermRequestCheck {
  text: 'Mcd504 handouts',
  termType: null,
  subjectCodes: [ 'MCD504' ],
  wantsFiles: false,
  wantsHandouts: true
}
[TERM_FILES_DEBUG] incomingTermRequestCheck {
  text: '*Mazrat* MCD504 k handouts ni mil sakay',
  termType: null,
  subjectCodes: [ 'MCD504' ],
  wantsFiles: false,
  wantsHandouts: true
}
Drive Error: Permission denied: Consumer 'api_key:AIzaSyDhJCdx5SWH2nNikcg4mRMmdCiqyUy7m70' has been suspended.
Drive Error: Permission denied: Consumer 'api_key:AIzaSyDhJCdx5SWH2nNikcg4mRMmdCiqyUy7m70' has been suspended.
Connection closed due to Error: Connection was lost, reconnecting true
Reconnecting in 5 seconds... Reason: Error: Connection was lost
File Request Error: Cannot read properties of undefined (reading 'attrs')
🔄 Connecting to WhatsApp...
Connection closed due to Error: Connection Failure, reconnecting true
Reconnecting in 5 seconds... Reason: Error: Connection Failure
🔄 Connecting to WhatsApp...
 
🌿Connected to => {
  "id": "923195845103:19@s.whatsapp.net",
  "name": "ABDUL",
  "lid": "86041650311258:19@lid"
}
Closing session: SessionEntry {
  _chains: {
    'BWv//aLBSbytYdAVKtCm1ZiWmEh37HGJ3Qync8xNGAdA': { chainKey: [Object], chainType: 1, messageKeys: {} }
  },
  registrationId: 77904997,
  currentRatchet: {
    ephemeralKeyPair: {
      pubKey: <Buffer 05 6b ff fd a2 c1 49 bc ad 61 d0 15 2a d0 a6 d5 98 96 98 48 77 ec 71 89 dd 0c a7 73 cc 4d 18 07 40>,
      privKey: <Buffer f0 ad 64 ec 6c a2 10 b5 82 c3 f3 ff bd 52 5f e2 4c 13 36 62 9a 1e 45 2d ec 6b be c4 e3 17 05 42>
    },
    lastRemoteEphemeralKey: <Buffer 05 6b bd 38 f4 d1 b0 21 6a ab 09 46 16 26 f4 3b 00 a5 4a a4 d9 cd 32 58 76 20 d5 d3 00 ff 0a 64 4e>,
    previousCounter: 0,
    rootKey: <Buffer 61 1d 42 bf 56 fd 32 c2 0e 1b e5 44 ab 33 f6 0b 20 ad b5 fd 26 ca 4c 0a 34 f1 78 88 33 cb 98 24>
  },
  indexInfo: {
    baseKey: <Buffer 05 24 86 f4 15 2f f4 da e7 58 48 b4 35 b2 f0 32 3a 9f e1 f3 4a a0 4b 69 9f c2 ee 3c 94 a7 61 b9 41>,
    baseKeyType: 1,
    closed: -1,
    used: 1776852194868,
    created: 1776852194868,
    remoteIdentityKey: <Buffer 05 ab 25 53 6f df db 12 1b f6 55 45 d9 6d 02 d7 8d ac 09 dd 93 19 8e 0c 57 2f f6 ca 37 62 a4 94 0e>
  },
  pendingPreKey: {
    signedKeyId: 9475474,
    baseKey: <Buffer 05 24 86 f4 15 2f f4 da e7 58 48 b4 35 b2 f0 32 3a 9f e1 f3 4a a0 4b 69 9f c2 ee 3c 94 a7 61 b9 41>
  }
}
Closing session: SessionEntry {
  _chains: {
    'BarerZetWnOtsAFQsj2tXkCsIysB8pUA0WK/Ujw3votm': { chainKey: [Object], chainType: 2, messageKeys: {} },
    'BcniPkGExg7rpAoeO+kSyUTzA0Fe97RriopBcY4q2Y5V': { chainKey: [Object], chainType: 1, messageKeys: {} }
  },
  registrationId: 487531349,
  currentRatchet: {
    ephemeralKeyPair: {
      pubKey: <Buffer 05 c9 e2 3e 41 84 c6 0e eb a4 0a 1e 3b e9 12 c9 44 f3 03 41 5e f7 b4 6b 8a 8a 41 71 8e 2a d9 8e 55>,
      privKey: <Buffer a8 bd 5a f9 c4 6e 32 f7 b8 81 be 2b a3 79 16 42 44 b1 25 88 16 db 6c 6e 42 17 93 6c 32 3c fc 4e>
    },
    lastRemoteEphemeralKey: <Buffer 05 aa de ad 97 ad 5a 73 ad b0 01 50 b2 3d ad 5e 40 ac 23 2b 01 f2 95 00 d1 62 bf 52 3c 37 be 8b 66>,
    previousCounter: 3,
    rootKey: <Buffer ac f0 0b bd 35 33 f6 6c 07 62 c8 61 97 1c 24 34 5f ed dd 0e e5 0f 6e cd 97 b7 7e 73 72 70 ac 5d>
  },
  indexInfo: {
    baseKey: <Buffer 05 11 e8 27 4c 9e 6c 98 4a 29 69 46 a8 44 09 5c 69 16 a0 9e 8b d5 93 3f 12 19 65 45 e4 f8 e0 85 30>,
    baseKeyType: 1,
    closed: -1,
    used: 1776852185848,
    created: 1776852107734,
    remoteIdentityKey: <Buffer 05 e8 41 33 19 1e 98 08 0b 04 7f 4a 05 53 1b 22 1b 56 2c c3 06 91 b9 52 3e d5 e0 87 75 ce 4d 53 27>
  }
}
[TERM_FILES_DEBUG] incomingTermRequestCheck {
  text: '*Mazrat* MCD504 k handouts ni mil sakay',
  termType: null,
  subjectCodes: [ 'MCD504' ],
  wantsFiles: false,
  wantsHandouts: true
}
Drive Error: Permission denied: Consumer 'api_key:AIzaSyDhJCdx5SWH2nNikcg4mRMmdCiqyUy7m70' has been suspended.


                  [ Prince 2.0 ]


< ================================================== >

• YT CHANNEL: null
• GITHUB: null
• WA NUMBER: 910000000000,917023951514
• CREDIT: Abdul
• 🤖 Bot Connected Successfully! ✅
Bot Version: 3.0.7
[TERM_FILES_DEBUG] incomingTermRequestCheck {
  text: '606 big red',
  termType: null,
  subjectCodes: [],
  wantsFiles: false,
  wantsHandouts: false
}
Closing session: SessionEntry {
  _chains: {
    Bd11o2FlanETNjv39dlTp9rRLklaKwA6P53iuOm5zCNj: { chainKey: [Object], chainType: 1, messageKeys: {} }
  },
  registrationId: 77904997,
  currentRatchet: {
    ephemeralKeyPair: {
      pubKey: <Buffer 05 dd 75 a3 61 65 6a 71 13 36 3b f7 f5 d9 53 a7 da d1 2e 49 5a 2b 00 3a 3f 9d e2 b8 e9 b9 cc 23 63>,
      privKey: <Buffer b8 d1 80 8d b8 11 16 15 62 c8 77 e7 44 4a d5 a2 14 a0 9a a1 59 40 c5 82 dd 00 1a 05 1b c5 3c 7a>
    },
    lastRemoteEphemeralKey: <Buffer 05 6b bd 38 f4 d1 b0 21 6a ab 09 46 16 26 f4 3b 00 a5 4a a4 d9 cd 32 58 76 20 d5 d3 00 ff 0a 64 4e>,
    previousCounter: 0,
    rootKey: <Buffer 60 e1 8d 9e 77 79 c0 4b 5a 3f 01 f6 cc 70 30 c6 07 91 17 f1 9d bc 63 21 04 fa 35 43 36 78 ba ae>
  },
  indexInfo: {
    baseKey: <Buffer 05 b7 53 bc 53 29 37 98 67 56 13 cd b3 09 1f 51 03 1f d2 1f c1 a7 54 7b 9b ed fa 7a 08 a9 e4 a4 41>,
    baseKeyType: 1,
    closed: -1,
    used: 1776852321484,
    created: 1776852321484,
    remoteIdentityKey: <Buffer 05 ab 25 53 6f df db 12 1b f6 55 45 d9 6d 02 d7 8d ac 09 dd 93 19 8e 0c 57 2f f6 ca 37 62 a4 94 0e>
  },
  pendingPreKey: {
    signedKeyId: 9475474,
    baseKey: <Buffer 05 b7 53 bc 53 29 37 98 67 56 13 cd b3 09 1f 51 03 1f d2 1f c1 a7 54 7b 9b ed fa 7a 08 a9 e4 a4 41>
  }
}
Connection closed due to Error: Stream Errored (conflict), reconnecting false
Session folder deleted. Please re-authenticate.
Session logged out. Please re-authenticate.
Connection conflict detected. Another bot instance may already be running. Auto-reconnect stopped.
